{"meta": {"format": 3, "version": "7.16.0", "timestamp": "2026-08-29T07:05:55.251325", "branch_coverage": true, "show_contexts": false}, "files": {"src\\quant_pipeline\\checkpoint.py": {"executed_lines": [3, 5, 6, 7, 8, 9, 10, 12, 13, 21, 36, 49, 50, 53, 54, 69, 70, 80, 81, 108, 109, 112, 113, 114, 115, 116, 117, 118, 121, 122, 123, 124, 125, 126, 127, 128, 129, 130, 131, 138, 139, 141, 142, 143, 148, 149, 150, 151, 152, 155, 156, 157, 158, 161, 162, 163, 164, 167, 168, 169, 170, 173, 174, 175, 176, 179, 180, 181, 182, 185, 186, 187, 188, 189, 192, 193, 194, 195, 196, 197, 202, 205, 206, 207, 213, 214, 215, 216, 217, 218, 237, 238, 241, 242, 243, 244, 245, 246, 247, 255, 256, 259, 260, 261, 262, 263, 264, 265, 266, 267, 268, 269, 270, 273, 274, 275, 276, 303, 304, 305, 306, 307, 310, 311, 312, 313, 314, 315, 316], "summary": {"covered_lines": 129, "num_statements": 136, "percent_covered": 95.18072289156626, "percent_covered_display": "95", "missing_lines": 7, "excluded_lines": 0, "percent_statements_covered": 94.8529411764706, "percent_statements_covered_display": "95", "num_branches": 30, "num_partial_branches": 1, "covered_branches": 29, "missing_branches": 1, "percent_branches_covered": 96.66666666666667, "percent_branches_covered_display": "97"}, "missing_lines": [132, 133, 134, 135, 137, 144, 145], "excluded_lines": [], "executed_branches": [[114, 115], [114, 116], [131, 141], [141, -112], [141, 142], [156, 157], [156, 158], [162, 163], [162, 164], [168, 169], [168, 170], [174, 175], [174, 176], [180, 181], [180, 182], [187, 188], [187, 189], [195, 196], [195, 202], [216, 217], [216, 218], [244, 245], [244, 246], [261, 262], [261, 265], [269, 270], [269, 273], [305, 306], [305, 307]], "missing_branches": [[131, 132]], "functions": {"_attempt_payload": {"executed_lines": [54], "summary": {"covered_lines": 1, "num_statements": 1, "percent_covered": 100.0, "percent_covered_display": "100", "missing_lines": 0, "excluded_lines": 0, "percent_statements_covered": 100.0, "percent_statements_covered_display": "100", "num_branches": 0, "num_partial_branches": 0, "covered_branches": 0, "missing_branches": 0, "percent_branches_covered": 100.0, "percent_branches_covered_display": "100"}, "missing_lines": [], "excluded_lines": [], "start_line": 53, "executed_branches": [], "missing_branches": []}, "_event_payload": {"executed_lines": [70], "summary": {"covered_lines": 1, "num_statements": 1, "percent_covered": 100.0, "percent_covered_display": "100", "missing_lines": 0, "excluded_lines": 0, "percent_statements_covered": 100.0, "percent_statements_covered_display": "100", "num_branches": 0, "num_partial_branches": 0, "covered_branches": 0, "missing_branches": 0, "percent_branches_covered": 100.0, "percent_branches_covered_display": "100"}, "missing_lines": [], "excluded_lines": [], "start_line": 69, "executed_branches": [], "missing_branches": []}, "checkpoint_payload": {"executed_lines": [81], "summary": {"covered_lines": 1, "num_statements": 1, "percent_covered": 100.0, "percent_covered_display": "100", "missing_lines": 0, "excluded_lines": 0, "percent_statements_covered": 100.0, "percent_statements_covered_display": "100", "num_branches": 0, "num_partial_branches": 0, "covered_branches": 0, "missing_branches": 0, "percent_branches_covered": 100.0, "percent_branches_covered_display": "100"}, "missing_lines": [], "excluded_lines": [], "start_line": 80, "executed_branches": [], "missing_branches": []}, "checkpoint_hash": {"executed_lines": [109], "summary": {"covered_lines": 1, "num_statements": 1, "percent_covered": 100.0, "percent_covered_display": "100", "missing_lines": 0, "excluded_lines": 0, "percent_statements_covered": 100.0, "percent_statements_covered_display": "100", "num_branches": 0, "num_partial_branches": 0, "covered_branches": 0, "missing_branches": 0, "percent_branches_covered": 100.0, "percent_branches_covered_display": "100"}, "missing_lines": [], "excluded_lines": [], "start_line": 108, "executed_branches": [], "missing_branches": []}, "_write_atomic": {"executed_lines": [113, 114, 115, 116, 117, 118, 121, 122, 123, 124, 125, 126, 127, 128, 129, 130, 131, 138, 139, 141, 142, 143], "summary": {"covered_lines": 22, "num_statements": 29, "percent_covered": 77.14285714285714, "percent_covered_display": "77", "missing_lines": 7, "excluded_lines": 0, "percent_statements_covered": 75.86206896551724, "percent_statements_covered_display": "76", "num_branches": 6, "num_partial_branches": 1, "covered_branches": 5, "missing_branches": 1, "percent_branches_covered": 83.33333333333333, "percent_branches_covered_display": "83"}, "missing_lines": [132, 133, 134, 135, 137, 144, 145], "excluded_lines": [], "start_line": 112, "executed_branches": [[114, 115], [114, 116], [131, 141], [141, -112], [141, 142]], "missing_branches": [[131, 132]]}, "write_checkpoint_atomic": {"executed_lines": [149, 150, 151, 152], "summary": {"covered_lines": 4, "num_statements": 4, "percent_covered": 100.0, "percent_covered_display": "100", "missing_lines": 0, "excluded_lines": 0, "percent_statements_covered": 100.0, "percent_statements_covered_display": "100", "num_branches": 0, "num_partial_branches": 0, "covered_branches": 0, "missing_branches": 0, "percent_branches_covered": 100.0, "percent_branches_covered_display": "100"}, "missing_lines": [], "excluded_lines": [], "start_line": 148, "executed_branches": [], "missing_branches": []}, "_expect_mapping": {"executed_lines": [156, 157, 158], "summary": {"covered_lines": 3, "num_statements": 3, "percent_covered": 100.0, "percent_covered_display": "100", "missing_lines": 0, "excluded_lines": 0, "percent_statements_covered": 100.0, "percent_statements_covered_display": "100", "num_branches": 2, "num_partial_branches": 0, "covered_branches": 2, "missing_branches": 0, "percent_branches_covered": 100.0, "percent_branches_covered_display": "100"}, "missing_lines": [], "excluded_lines": [], "start_line": 155, "executed_branches": [[156, 157], [156, 158]], "missing_branches": []}, "_expect_list": {"executed_lines": [162, 163, 164], "summary": {"covered_lines": 3, "num_statements": 3, "percent_covered": 100.0, "percent_covered_display": "100", "missing_lines": 0, "excluded_lines": 0, "percent_statements_covered": 100.0, "percent_statements_covered_display": "100", "num_branches": 2, "num_partial_branches": 0, "covered_branches": 2, "missing_branches": 0, "percent_branches_covered": 100.0, "percent_branches_covered_display": "100"}, "missing_lines": [], "excluded_lines": [], "start_line": 161, "executed_branches": [[162, 163], [162, 164]], "missing_branches": []}, "_expect_string": {"executed_lines": [168, 169, 170], "summary": {"covered_lines": 3, "num_statements": 3, "percent_covered": 100.0, "percent_covered_display": "100", "missing_lines": 0, "excluded_lines": 0, "percent_statements_covered": 100.0, "percent_statements_covered_display": "100", "num_branches": 2, "num_partial_branches": 0, "covered_branches": 2, "missing_branches": 0, "percent_branches_covered": 100.0, "percent_branches_covered_display": "100"}, "missing_lines": [], "excluded_lines": [], "start_line": 167, "executed_branches": [[168, 169], [168, 170]], "missing_branches": []}, "_expect_optional_string": {"executed_lines": [174, 175, 176], "summary": {"covered_lines": 3, "num_statements": 3, "percent_covered": 100.0, "percent_covered_display": "100", "missing_lines": 0, "excluded_lines": 0, "percent_statements_covered": 100.0, "percent_statements_covered_display": "100", "num_branches": 2, "num_partial_branches": 0, "covered_branches": 2, "missing_branches": 0, "percent_branches_covered": 100.0, "percent_branches_covered_display": "100"}, "missing_lines": [], "excluded_lines": [], "start_line": 173, "executed_branches": [[174, 175], [174, 176]], "missing_branches": []}, "_expect_integer": {"executed_lines": [180, 181, 182], "summary": {"covered_lines": 3, "num_statements": 3, "percent_covered": 100.0, "percent_covered_display": "100", "missing_lines": 0, "excluded_lines": 0, "percent_statements_covered": 100.0, "percent_statements_covered_display": "100", "num_branches": 2, "num_partial_branches": 0, "covered_branches": 2, "missing_branches": 0, "percent_branches_covered": 100.0, "percent_branches_covered_display": "100"}, "missing_lines": [], "excluded_lines": [], "start_line": 179, "executed_branches": [[180, 181], [180, 182]], "missing_branches": []}, "_expect_sha256": {"executed_lines": [186, 187, 188, 189], "summary": {"covered_lines": 4, "num_statements": 4, "percent_covered": 100.0, "percent_covered_display": "100", "missing_lines": 0, "excluded_lines": 0, "percent_statements_covered": 100.0, "percent_statements_covered_display": "100", "num_branches": 2, "num_partial_branches": 0, "covered_branches": 2, "missing_branches": 0, "percent_branches_covered": 100.0, "percent_branches_covered_display": "100"}, "missing_lines": [], "excluded_lines": [], "start_line": 185, "executed_branches": [[187, 188], [187, 189]], "missing_branches": []}, "_expect_string_map": {"executed_lines": [193, 194, 195, 196, 197, 202], "summary": {"covered_lines": 6, "num_statements": 6, "percent_covered": 100.0, "percent_covered_display": "100", "missing_lines": 0, "excluded_lines": 0, "percent_statements_covered": 100.0, "percent_statements_covered_display": "100", "num_branches": 2, "num_partial_branches": 0, "covered_branches": 2, "missing_branches": 0, "percent_branches_covered": 100.0, "percent_branches_covered_display": "100"}, "missing_lines": [], "excluded_lines": [], "start_line": 192, "executed_branches": [[195, 196], [195, 202]], "missing_branches": []}, "_expect_hash_maps": {"executed_lines": [206, 207], "summary": {"covered_lines": 2, "num_statements": 2, "percent_covered": 100.0, "percent_covered_display": "100", "missing_lines": 0, "excluded_lines": 0, "percent_statements_covered": 100.0, "percent_statements_covered_display": "100", "num_branches": 0, "num_partial_branches": 0, "covered_branches": 0, "missing_branches": 0, "percent_branches_covered": 100.0, "percent_branches_covered_display": "100"}, "missing_lines": [], "excluded_lines": [], "start_line": 205, "executed_branches": [], "missing_branches": []}, "_parse_attempt": {"executed_lines": [214, 215, 216, 217, 218, 237, 238], "summary": {"covered_lines": 7, "num_statements": 7, "percent_covered": 100.0, "percent_covered_display": "100", "missing_lines": 0, "excluded_lines": 0, "percent_statements_covered": 100.0, "percent_statements_covered_display": "100", "num_branches": 2, "num_partial_branches": 0, "covered_branches": 2, "missing_branches": 0, "percent_branches_covered": 100.0, "percent_branches_covered_display": "100"}, "missing_lines": [], "excluded_lines": [], "start_line": 213, "executed_branches": [[216, 217], [216, 218]], "missing_branches": []}, "_parse_event": {"executed_lines": [242, 243, 244, 245, 246, 247, 255, 256], "summary": {"covered_lines": 8, "num_statements": 8, "percent_covered": 100.0, "percent_covered_display": "100", "missing_lines": 0, "excluded_lines": 0, "percent_statements_covered": 100.0, "percent_statements_covered_display": "100", "num_branches": 2, "num_partial_branches": 0, "covered_branches": 2, "missing_branches": 0, "percent_branches_covered": 100.0, "percent_branches_covered_display": "100"}, "missing_lines": [], "excluded_lines": [], "start_line": 241, "executed_branches": [[244, 245], [244, 246]], "missing_branches": []}, "checkpoint_from_payload": {"executed_lines": [260, 261, 262, 263, 264, 265, 266, 267, 268, 269, 270, 273, 274, 275, 276, 303, 304, 305, 306, 307], "summary": {"covered_lines": 20, "num_statements": 20, "percent_covered": 100.0, "percent_covered_display": "100", "missing_lines": 0, "excluded_lines": 0, "percent_statements_covered": 100.0, "percent_statements_covered_display": "100", "num_branches": 6, "num_partial_branches": 0, "covered_branches": 6, "missing_branches": 0, "percent_branches_covered": 100.0, "percent_branches_covered_display": "100"}, "missing_lines": [], "excluded_lines": [], "start_line": 259, "executed_branches": [[261, 262], [261, 265], [269, 270], [269, 273], [305, 306], [305, 307]], "missing_branches": []}, "load_checkpoint": {"executed_lines": [311, 312, 313, 314, 315, 316], "summary": {"covered_lines": 6, "num_statements": 6, "percent_covered": 100.0, "percent_covered_display": "100", "missing_lines": 0, "excluded_lines": 0, "percent_statements_covered": 100.0, "percent_statements_covered_display": "100", "num_branches": 0, "num_partial_branches": 0, "covered_branches": 0, "missing_branches": 0, "percent_branches_covered": 100.0, "percent_branches_covered_display": "100"}, "missing_lines": [], "excluded_lines": [], "start_line": 310, "executed_branches": [], "missing_branches": []}, "": {"executed_lines": [3, 5, 6, 7, 8, 9, 10, 12, 13, 21, 36, 49, 50, 53, 69, 80, 108, 112, 148, 155, 161, 167, 173, 179, 185, 192, 205, 213, 241, 259, 310], "summary": {"covered_lines": 31, "num_statements": 31, "percent_covered": 100.0, "percent_covered_display": "100", "missing_lines": 0, "excluded_lines": 0, "percent_statements_covered": 100.0, "percent_statements_covered_display": "100", "num_branches": 0, "num_partial_branches": 0, "covered_branches": 0, "missing_branches": 0, "percent_branches_covered": 100.0, "percent_branches_covered_display": "100"}, "missing_lines": [], "excluded_lines": [], "start_line": 1, "executed_branches": [], "missing_branches": []}}, "classes": {"": {"executed_lines": [3, 5, 6, 7, 8, 9, 10, 12, 13, 21, 36, 49, 50, 53, 54, 69, 70, 80, 81, 108, 109, 112, 113, 114, 115, 116, 117, 118, 121, 122, 123, 124, 125, 126, 127, 128, 129, 130, 131, 138, 139, 141, 142, 143, 148, 149, 150, 151, 152, 155, 156, 157, 158, 161, 162, 163, 164, 167, 168, 169, 170, 173, 174, 175, 176, 179, 180, 181, 182, 185, 186, 187, 188, 189, 192, 193, 194, 195, 196, 197, 202, 205, 206, 207, 213, 214, 215, 216, 217, 218, 237, 238, 241, 242, 243, 244, 245, 246, 247, 255, 256, 259, 260, 261, 262, 263, 264, 265, 266, 267, 268, 269, 270, 273, 274, 275, 276, 303, 304, 305, 306, 307, 310, 311, 312, 313, 314, 315, 316], "summary": {"covered_lines": 129, "num_statements": 136, "percent_covered": 95.18072289156626, "percent_covered_display": "95", "missing_lines": 7, "excluded_lines": 0, "percent_statements_covered": 94.8529411764706, "percent_statements_covered_display": "95", "num_branches": 30, "num_partial_branches": 1, "covered_branches": 29, "missing_branches": 1, "percent_branches_covered": 96.66666666666667, "percent_branches_covered_display": "97"}, "missing_lines": [132, 133, 134, 135, 137, 144, 145], "excluded_lines": [], "start_line": 1, "executed_branches": [[114, 115], [114, 116], [131, 141], [141, -112], [141, 142], [156, 157], [156, 158], [162, 163], [162, 164], [168, 169], [168, 170], [174, 175], [174, 176], [180, 181], [180, 182], [187, 188], [187, 189], [195, 196], [195, 202], [216, 217], [216, 218], [244, 245], [244, 246], [261, 262], [261, 265], [269, 270], [269, 273], [305, 306], [305, 307]], "missing_branches": [[131, 132]]}}}, "src\\quant_pipeline\\dag_runner.py": {"executed_lines": [3, 5, 6, 7, 8, 9, 10, 11, 12, 13, 15, 16, 22, 28, 42, 43, 46, 47, 48, 49, 50, 53, 56, 57, 67, 74, 75, 76, 82, 85, 97, 98, 99, 100, 101, 102, 103, 104, 105, 106, 108, 109, 110, 111, 112, 114, 115, 116, 117, 118, 119, 120, 121, 123, 132, 143, 144, 145, 146, 147, 152, 154, 155, 156, 157, 161, 167, 168, 169, 170, 171, 175, 176, 177, 179, 180, 181, 186, 187, 188, 193, 200, 201, 209, 211, 212, 213, 214, 215, 216, 217, 221, 222, 223, 224, 225, 226, 227, 228, 229, 232, 234, 242, 243, 244, 247, 250, 251, 253, 254, 255, 263, 264, 265, 266, 267, 268, 269, 270, 271, 272, 273, 274, 275, 276, 277, 278, 279, 280, 281, 282, 283, 286, 287, 288, 289, 302, 304, 305, 306, 308, 315, 316, 323, 325, 331, 332, 333, 334, 335, 336, 338, 339, 340, 341, 342, 351, 352, 353, 360, 361, 362, 368, 370, 371, 372, 373, 374, 375, 376, 377, 378, 385, 386, 388, 389, 390, 391, 395, 396, 407, 408, 409, 411, 412, 423, 424, 426, 427, 428, 429, 430, 431, 432, 445, 446, 447, 451, 452, 453, 454, 455, 456, 457, 460, 463, 464, 465, 472, 473, 474, 475, 476, 482, 483, 484, 485, 486, 488, 493, 494, 496, 497, 498, 499, 501, 502, 503, 504, 505, 506, 507, 508, 511, 512, 514, 515, 529, 530, 531, 533, 534, 535, 536, 538, 539, 543, 544, 545, 548, 549, 551, 558, 559, 560, 568, 569, 570, 571, 572, 573, 574, 575, 576, 577, 578, 579, 584, 589, 590, 591, 592, 593, 594, 595, 596, 599, 600, 601, 603, 607, 608, 610, 611, 612, 613, 614, 616, 617, 618, 619, 620, 621, 623, 624, 625, 626, 630, 631, 632, 635, 636, 637, 638, 639, 646, 648, 651, 653, 654, 655, 660, 661, 662, 663, 664, 666, 667], "summary": {"covered_lines": 318, "num_statements": 345, "percent_covered": 90.60402684563758, "percent_covered_display": "91", "missing_lines": 27, "excluded_lines": 0, "percent_statements_covered": 92.17391304347827, "percent_statements_covered_display": "92", "num_branches": 102, "num_partial_branches": 13, "covered_branches": 87, "missing_branches": 15, "percent_branches_covered": 85.29411764705883, "percent_branches_covered_display": "85"}, "missing_lines": [77, 78, 79, 148, 149, 162, 174, 230, 231, 252, 343, 349, 365, 366, 367, 392, 393, 394, 513, 537, 546, 547, 602, 615, 622, 627, 652], "excluded_lines": [], "executed_branches": [[75, 76], [97, 98], [97, 99], [110, 111], [110, 112], [156, 157], [156, 161], [161, -154], [169, 170], [169, 175], [170, 171], [214, -211], [214, 215], [216, 214], [216, 217], [250, 251], [250, 253], [251, 250], [274, 275], [274, 286], [342, 351], [351, 352], [370, 371], [370, 388], [389, 390], [389, 411], [428, 429], [428, 430], [430, 431], [430, 432], [452, 453], [452, 488], [454, 455], [454, 456], [460, 463], [460, 474], [474, 475], [474, 484], [485, 452], [485, 486], [498, -496], [498, 499], [505, 506], [505, 507], [507, 508], [507, 511], [512, 514], [534, -533], [534, 535], [536, 538], [538, 534], [538, 539], [539, 538], [539, 543], [548, 539], [548, 549], [568, 569], [568, 570], [571, 572], [571, 573], [577, 578], [577, 579], [589, 590], [589, 591], [592, 593], [592, 600], [593, 594], [593, 595], [596, 592], [596, 599], [601, 603], [603, 607], [603, 608], [613, -610], [613, 614], [614, 616], [619, 620], [619, 621], [621, 623], [624, 625], [624, 636], [626, 630], [631, 632], [631, 635], [636, 637], [636, 638], [651, 653]], "missing_branches": [[75, 77], [77, 78], [77, 79], [161, 162], [170, 174], [251, 252], [342, 343], [351, -325], [512, 513], [536, 537], [601, 602], [614, 615], [621, 622], [626, 627], [651, 652]], "functions": {"_default_executor": {"executed_lines": [57, 67], "summary": {"covered_lines": 2, "num_statements": 2, "percent_covered": 100.0, "percent_covered_display": "100", "missing_lines": 0, "excluded_lines": 0, "percent_statements_covered": 100.0, "percent_statements_covered_display": "100", "num_branches": 0, "num_partial_branches": 0, "covered_branches": 0, "missing_branches": 0, "percent_branches_covered": 100.0, "percent_branches_covered_display": "100"}, "missing_lines": [], "excluded_lines": [], "start_line": 56, "executed_branches": [], "missing_branches": []}, "_exception_stream": {"executed_lines": [75, 76], "summary": {"covered_lines": 2, "num_statements": 5, "percent_covered": 33.333333333333336, "percent_covered_display": "33", "missing_lines": 3, "excluded_lines": 0, "percent_statements_covered": 40.0, "percent_statements_covered_display": "40", "num_branches": 4, "num_partial_branches": 1, "covered_branches": 1, "missing_branches": 3, "percent_branches_covered": 25.0, "percent_branches_covered_display": "25"}, "missing_lines": [77, 78, 79], "excluded_lines": [], "start_line": 74, "executed_branches": [[75, 76]], "missing_branches": [[75, 77], [77, 78], [77, 79]]}, "DagRunner.__init__": {"executed_lines": [97, 98, 99, 100, 101, 102, 103, 104, 105, 106], "summary": {"covered_lines": 10, "num_statements": 10, "percent_covered": 100.0, "percent_covered_display": "100", "missing_lines": 0, "excluded_lines": 0, "percent_statements_covered": 100.0, "percent_statements_covered_display": "100", "num_branches": 2, "num_partial_branches": 0, "covered_branches": 2, "missing_branches": 0, "percent_branches_covered": 100.0, "percent_branches_covered_display": "100"}, "missing_lines": [], "excluded_lines": [], "start_line": 85, "executed_branches": [[97, 98], [97, 99]], "missing_branches": []}, "DagRunner._timestamp": {"executed_lines": [109, 110, 111, 112], "summary": {"covered_lines": 4, "num_statements": 4, "percent_covered": 100.0, "percent_covered_display": "100", "missing_lines": 0, "excluded_lines": 0, "percent_statements_covered": 100.0, "percent_statements_covered_display": "100", "num_branches": 2, "num_partial_branches": 0, "covered_branches": 2, "missing_branches": 0, "percent_branches_covered": 100.0, "percent_branches_covered_display": "100"}, "missing_lines": [], "excluded_lines": [], "start_line": 108, "executed_branches": [[110, 111], [110, 112]], "missing_branches": []}, "DagRunner._runtime_path": {"executed_lines": [116, 117, 118, 119, 120, 121], "summary": {"covered_lines": 6, "num_statements": 6, "percent_covered": 100.0, "percent_covered_display": "100", "missing_lines": 0, "excluded_lines": 0, "percent_statements_covered": 100.0, "percent_statements_covered_display": "100", "num_branches": 0, "num_partial_branches": 0, "covered_branches": 0, "missing_branches": 0, "percent_branches_covered": 100.0, "percent_branches_covered_display": "100"}, "missing_lines": [], "excluded_lines": [], "start_line": 115, "executed_branches": [], "missing_branches": []}, "DagRunner._event": {"executed_lines": [132], "summary": {"covered_lines": 1, "num_statements": 1, "percent_covered": 100.0, "percent_covered_display": "100", "missing_lines": 0, "excluded_lines": 0, "percent_statements_covered": 100.0, "percent_statements_covered_display": "100", "num_branches": 0, "num_partial_branches": 0, "covered_branches": 0, "missing_branches": 0, "percent_branches_covered": 100.0, "percent_branches_covered_display": "100"}, "missing_lines": [], "excluded_lines": [], "start_line": 123, "executed_branches": [], "missing_branches": []}, "DagRunner._artifact_path": {"executed_lines": [145, 146, 147, 152], "summary": {"covered_lines": 4, "num_statements": 6, "percent_covered": 66.66666666666667, "percent_covered_display": "67", "missing_lines": 2, "excluded_lines": 0, "percent_statements_covered": 66.66666666666667, "percent_statements_covered_display": "67", "num_branches": 0, "num_partial_branches": 0, "covered_branches": 0, "missing_branches": 0, "percent_branches_covered": 100.0, "percent_branches_covered_display": "100"}, "missing_lines": [148, 149], "excluded_lines": [], "start_line": 144, "executed_branches": [], "missing_branches": []}, "DagRunner._check_hash": {"executed_lines": [156, 157, 161], "summary": {"covered_lines": 3, "num_statements": 4, "percent_covered": 75.0, "percent_covered_display": "75", "missing_lines": 1, "excluded_lines": 0, "percent_statements_covered": 75.0, "percent_statements_covered_display": "75", "num_branches": 4, "num_partial_branches": 1, "covered_branches": 3, "missing_branches": 1, "percent_branches_covered": 75.0, "percent_branches_covered_display": "75"}, "missing_lines": [162], "excluded_lines": [], "start_line": 155, "executed_branches": [[156, 157], [156, 161], [161, -154]], "missing_branches": [[161, 162]]}, "DagRunner._hash_artifact": {"executed_lines": [168, 169, 170, 171, 175, 176, 177], "summary": {"covered_lines": 7, "num_statements": 8, "percent_covered": 83.33333333333333, "percent_covered_display": "83", "missing_lines": 1, "excluded_lines": 0, "percent_statements_covered": 87.5, "percent_statements_covered_display": "88", "num_branches": 4, "num_partial_branches": 1, "covered_branches": 3, "missing_branches": 1, "percent_branches_covered": 75.0, "percent_branches_covered_display": "75"}, "missing_lines": [174], "excluded_lines": [], "start_line": 167, "executed_branches": [[169, 170], [169, 175], [170, 171]], "missing_branches": [[170, 174]]}, "DagRunner._collect_input_hashes": {"executed_lines": [180, 181], "summary": {"covered_lines": 2, "num_statements": 2, "percent_covered": 100.0, "percent_covered_display": "100", "missing_lines": 0, "excluded_lines": 0, "percent_statements_covered": 100.0, "percent_statements_covered_display": "100", "num_branches": 0, "num_partial_branches": 0, "covered_branches": 0, "missing_branches": 0, "percent_branches_covered": 100.0, "percent_branches_covered_display": "100"}, "missing_lines": [], "excluded_lines": [], "start_line": 179, "executed_branches": [], "missing_branches": []}, "DagRunner._collect_output_hashes": {"executed_lines": [187, 188], "summary": {"covered_lines": 2, "num_statements": 2, "percent_covered": 100.0, "percent_covered_display": "100", "missing_lines": 0, "excluded_lines": 0, "percent_statements_covered": 100.0, "percent_statements_covered_display": "100", "num_branches": 0, "num_partial_branches": 0, "covered_branches": 0, "missing_branches": 0, "percent_branches_covered": 100.0, "percent_branches_covered_display": "100"}, "missing_lines": [], "excluded_lines": [], "start_line": 186, "executed_branches": [], "missing_branches": []}, "DagRunner._idempotency_key": {"executed_lines": [200, 201, 209], "summary": {"covered_lines": 3, "num_statements": 3, "percent_covered": 100.0, "percent_covered_display": "100", "missing_lines": 0, "excluded_lines": 0, "percent_statements_covered": 100.0, "percent_statements_covered_display": "100", "num_branches": 0, "num_partial_branches": 0, "covered_branches": 0, "missing_branches": 0, "percent_branches_covered": 100.0, "percent_branches_covered_display": "100"}, "missing_lines": [], "excluded_lines": [], "start_line": 193, "executed_branches": [], "missing_branches": []}, "DagRunner._ensure_fresh_output_paths": {"executed_lines": [213, 214, 215, 216, 217], "summary": {"covered_lines": 5, "num_statements": 5, "percent_covered": 100.0, "percent_covered_display": "100", "missing_lines": 0, "excluded_lines": 0, "percent_statements_covered": 100.0, "percent_statements_covered_display": "100", "num_branches": 4, "num_partial_branches": 0, "covered_branches": 4, "missing_branches": 0, "percent_branches_covered": 100.0, "percent_branches_covered_display": "100"}, "missing_lines": [], "excluded_lines": [], "start_line": 212, "executed_branches": [[214, -211], [214, 215], [216, 214], [216, 217]], "missing_branches": []}, "DagRunner._write_log": {"executed_lines": [223, 224, 225, 226, 227, 228, 229, 232], "summary": {"covered_lines": 8, "num_statements": 10, "percent_covered": 80.0, "percent_covered_display": "80", "missing_lines": 2, "excluded_lines": 0, "percent_statements_covered": 80.0, "percent_statements_covered_display": "80", "num_branches": 0, "num_partial_branches": 0, "covered_branches": 0, "missing_branches": 0, "percent_branches_covered": 100.0, "percent_branches_covered_display": "100"}, "missing_lines": [230, 231], "excluded_lines": [], "start_line": 222, "executed_branches": [], "missing_branches": []}, "DagRunner._attempt": {"executed_lines": [242, 243, 244, 247, 250, 251, 253, 254, 255, 263, 264, 265, 266, 267, 268, 269, 270, 271, 272, 273, 274, 275, 276, 277, 278, 279, 280, 281, 282, 283, 286, 287, 288, 289, 302], "summary": {"covered_lines": 35, "num_statements": 36, "percent_covered": 95.23809523809524, "percent_covered_display": "95", "missing_lines": 1, "excluded_lines": 0, "percent_statements_covered": 97.22222222222223, "percent_statements_covered_display": "97", "num_branches": 6, "num_partial_branches": 1, "covered_branches": 5, "missing_branches": 1, "percent_branches_covered": 83.33333333333333, "percent_branches_covered_display": "83"}, "missing_lines": [252], "excluded_lines": [], "start_line": 234, "executed_branches": [[250, 251], [250, 253], [251, 250], [274, 275], [274, 286]], "missing_branches": [[251, 252]]}, "DagRunner._write_checkpoint": {"executed_lines": [305, 306], "summary": {"covered_lines": 2, "num_statements": 2, "percent_covered": 100.0, "percent_covered_display": "100", "missing_lines": 0, "excluded_lines": 0, "percent_statements_covered": 100.0, "percent_statements_covered_display": "100", "num_branches": 0, "num_partial_branches": 0, "covered_branches": 0, "missing_branches": 0, "percent_branches_covered": 100.0, "percent_branches_covered_display": "100"}, "missing_lines": [], "excluded_lines": [], "start_line": 304, "executed_branches": [], "missing_branches": []}, "DagRunner._mark_contract_failure": {"executed_lines": [315, 316, 323], "summary": {"covered_lines": 3, "num_statements": 3, "percent_covered": 100.0, "percent_covered_display": "100", "missing_lines": 0, "excluded_lines": 0, "percent_statements_covered": 100.0, "percent_statements_covered_display": "100", "num_branches": 0, "num_partial_branches": 0, "covered_branches": 0, "missing_branches": 0, "percent_branches_covered": 100.0, "percent_branches_covered_display": "100"}, "missing_lines": [], "excluded_lines": [], "start_line": 308, "executed_branches": [], "missing_branches": []}, "DagRunner._execute_step": {"executed_lines": [331, 332, 333, 334, 335, 336, 338, 339, 340, 341, 342, 351, 352, 353, 360, 361, 362, 368, 370, 371, 372, 373, 374, 375, 376, 377, 378, 385, 386, 388, 389, 390, 391, 395, 396, 407, 408, 409, 411, 412, 423, 424], "summary": {"covered_lines": 42, "num_statements": 50, "percent_covered": 82.75862068965517, "percent_covered_display": "83", "missing_lines": 8, "excluded_lines": 0, "percent_statements_covered": 84.0, "percent_statements_covered_display": "84", "num_branches": 8, "num_partial_branches": 2, "covered_branches": 6, "missing_branches": 2, "percent_branches_covered": 75.0, "percent_branches_covered_display": "75"}, "missing_lines": [343, 349, 365, 366, 367, 392, 393, 394], "excluded_lines": [], "start_line": 325, "executed_branches": [[342, 351], [351, 352], [370, 371], [370, 388], [389, 390], [389, 411]], "missing_branches": [[342, 343], [351, -325]]}, "DagRunner._result": {"executed_lines": [427, 428, 429, 430, 431, 432], "summary": {"covered_lines": 6, "num_statements": 6, "percent_covered": 100.0, "percent_covered_display": "100", "missing_lines": 0, "excluded_lines": 0, "percent_statements_covered": 100.0, "percent_statements_covered_display": "100", "num_branches": 4, "num_partial_branches": 0, "covered_branches": 4, "missing_branches": 0, "percent_branches_covered": 100.0, "percent_branches_covered_display": "100"}, "missing_lines": [], "excluded_lines": [], "start_line": 426, "executed_branches": [[428, 429], [428, 430], [430, 431], [430, 432]], "missing_branches": []}, "DagRunner._execute": {"executed_lines": [446, 447, 451, 452, 453, 454, 455, 456, 457, 460, 463, 464, 465, 472, 473, 474, 475, 476, 482, 483, 484, 485, 486, 488, 493, 494], "summary": {"covered_lines": 26, "num_statements": 26, "percent_covered": 100.0, "percent_covered_display": "100", "missing_lines": 0, "excluded_lines": 0, "percent_statements_covered": 100.0, "percent_statements_covered_display": "100", "num_branches": 10, "num_partial_branches": 0, "covered_branches": 10, "missing_branches": 0, "percent_branches_covered": 100.0, "percent_branches_covered_display": "100"}, "missing_lines": [], "excluded_lines": [], "start_line": 445, "executed_branches": [[452, 453], [452, 488], [454, 455], [454, 456], [460, 463], [460, 474], [474, 475], [474, 484], [485, 452], [485, 486]], "missing_branches": []}, "DagRunner._validate_run_id": {"executed_lines": [498, 499], "summary": {"covered_lines": 2, "num_statements": 2, "percent_covered": 100.0, "percent_covered_display": "100", "missing_lines": 0, "excluded_lines": 0, "percent_statements_covered": 100.0, "percent_statements_covered_display": "100", "num_branches": 2, "num_partial_branches": 0, "covered_branches": 2, "missing_branches": 0, "percent_branches_covered": 100.0, "percent_branches_covered_display": "100"}, "missing_lines": [], "excluded_lines": [], "start_line": 497, "executed_branches": [[498, -496], [498, 499]], "missing_branches": []}, "DagRunner.run": {"executed_lines": [502, 503, 504, 505, 506, 507, 508, 511, 512, 514, 515, 529, 530, 531], "summary": {"covered_lines": 14, "num_statements": 15, "percent_covered": 90.47619047619048, "percent_covered_display": "90", "missing_lines": 1, "excluded_lines": 0, "percent_statements_covered": 93.33333333333333, "percent_statements_covered_display": "93", "num_branches": 6, "num_partial_branches": 1, "covered_branches": 5, "missing_branches": 1, "percent_branches_covered": 83.33333333333333, "percent_branches_covered_display": "83"}, "missing_lines": [513], "excluded_lines": [], "start_line": 501, "executed_branches": [[505, 506], [505, 507], [507, 508], [507, 511], [512, 514]], "missing_branches": [[512, 513]]}, "DagRunner._verify_attempt_logs": {"executed_lines": [534, 535, 536, 538, 539, 543, 544, 545, 548, 549], "summary": {"covered_lines": 10, "num_statements": 13, "percent_covered": 82.6086956521739, "percent_covered_display": "83", "missing_lines": 3, "excluded_lines": 0, "percent_statements_covered": 76.92307692307692, "percent_statements_covered_display": "77", "num_branches": 10, "num_partial_branches": 1, "covered_branches": 9, "missing_branches": 1, "percent_branches_covered": 90.0, "percent_branches_covered_display": "90"}, "missing_lines": [537, 546, 547], "excluded_lines": [], "start_line": 533, "executed_branches": [[534, -533], [534, 535], [536, 538], [538, 534], [538, 539], [539, 538], [539, 543], [548, 539], [548, 549]], "missing_branches": [[536, 537]]}, "DagRunner._validate_checkpoint": {"executed_lines": [558, 559, 560, 568, 569, 570, 571, 572, 573, 574, 575, 576, 577, 578, 579, 584, 589, 590, 591, 592, 593, 594, 595, 596, 599, 600, 601, 603, 607, 608], "summary": {"covered_lines": 30, "num_statements": 31, "percent_covered": 95.91836734693878, "percent_covered_display": "96", "missing_lines": 1, "excluded_lines": 0, "percent_statements_covered": 96.7741935483871, "percent_statements_covered_display": "97", "num_branches": 18, "num_partial_branches": 1, "covered_branches": 17, "missing_branches": 1, "percent_branches_covered": 94.44444444444444, "percent_branches_covered_display": "94"}, "missing_lines": [602], "excluded_lines": [], "start_line": 551, "executed_branches": [[568, 569], [568, 570], [571, 572], [571, 573], [577, 578], [577, 579], [589, 590], [589, 591], [592, 593], [592, 600], [593, 594], [593, 595], [596, 592], [596, 599], [601, 603], [603, 607], [603, 608]], "missing_branches": [[601, 602]]}, "DagRunner._cache_completed_steps": {"executed_lines": [611, 612, 613, 614, 616, 617, 618, 619, 620, 621, 623, 624, 625, 626, 630, 631, 632, 635, 636, 637, 638, 639, 646], "summary": {"covered_lines": 23, "num_statements": 26, "percent_covered": 85.71428571428571, "percent_covered_display": "86", "missing_lines": 3, "excluded_lines": 0, "percent_statements_covered": 88.46153846153847, "percent_statements_covered_display": "88", "num_branches": 16, "num_partial_branches": 3, "covered_branches": 13, "missing_branches": 3, "percent_branches_covered": 81.25, "percent_branches_covered_display": "81"}, "missing_lines": [615, 622, 627], "excluded_lines": [], "start_line": 610, "executed_branches": [[613, -610], [613, 614], [614, 616], [619, 620], [619, 621], [621, 623], [624, 625], [624, 636], [626, 630], [631, 632], [631, 635], [636, 637], [636, 638]], "missing_branches": [[614, 615], [621, 622], [626, 627]]}, "DagRunner._resume": {"executed_lines": [651, 653, 654, 655, 660, 661, 662, 663, 664], "summary": {"covered_lines": 9, "num_statements": 10, "percent_covered": 83.33333333333333, "percent_covered_display": "83", "missing_lines": 1, "excluded_lines": 0, "percent_statements_covered": 90.0, "percent_statements_covered_display": "90", "num_branches": 2, "num_partial_branches": 1, "covered_branches": 1, "missing_branches": 1, "percent_branches_covered": 50.0, "percent_branches_covered_display": "50"}, "missing_lines": [652], "excluded_lines": [], "start_line": 648, "executed_branches": [[651, 653]], "missing_branches": [[651, 652]]}, "DagRunner.resume": {"executed_lines": [667], "summary": {"covered_lines": 1, "num_statements": 1, "percent_covered": 100.0, "percent_covered_display": "100", "missing_lines": 0, "excluded_lines": 0, "percent_statements_covered": 100.0, "percent_statements_covered_display": "100", "num_branches": 0, "num_partial_branches": 0, "covered_branches": 0, "missing_branches": 0, "percent_branches_covered": 100.0, "percent_branches_covered_display": "100"}, "missing_lines": [], "excluded_lines": [], "start_line": 666, "executed_branches": [], "missing_branches": []}, "": {"executed_lines": [3, 5, 6, 7, 8, 9, 10, 11, 12, 13, 15, 16, 22, 28, 42, 43, 46, 47, 48, 49, 50, 53, 56, 74, 82, 85, 108, 114, 115, 123, 143, 144, 154, 155, 167, 179, 186, 193, 211, 212, 221, 222, 234, 304, 308, 325, 426, 445, 496, 497, 501, 533, 551, 610, 648, 666], "summary": {"covered_lines": 56, "num_statements": 56, "percent_covered": 100.0, "percent_covered_display": "100", "missing_lines": 0, "excluded_lines": 0, "percent_statements_covered": 100.0, "percent_statements_covered_display": "100", "num_branches": 0, "num_partial_branches": 0, "covered_branches": 0, "missing_branches": 0, "percent_branches_covered": 100.0, "percent_branches_covered_display": "100"}, "missing_lines": [], "excluded_lines": [], "start_line": 1, "executed_branches": [], "missing_branches": []}}, "classes": {"ExecutionOutcome": {"executed_lines": [], "summary": {"covered_lines": 0, "num_statements": 0, "percent_covered": 100.0, "percent_covered_display": "100", "missing_lines": 0, "excluded_lines": 0, "percent_statements_covered": 100.0, "percent_statements_covered_display": "100", "num_branches": 0, "num_partial_branches": 0, "covered_branches": 0, "missing_branches": 0, "percent_branches_covered": 100.0, "percent_branches_covered_display": "100"}, "missing_lines": [], "excluded_lines": [], "start_line": 47, "executed_branches": [], "missing_branches": []}, "DagRunner": {"executed_lines": [97, 98, 99, 100, 101, 102, 103, 104, 105, 106, 109, 110, 111, 112, 116, 117, 118, 119, 120, 121, 132, 145, 146, 147, 152, 156, 157, 161, 168, 169, 170, 171, 175, 176, 177, 180, 181, 187, 188, 200, 201, 209, 213, 214, 215, 216, 217, 223, 224, 225, 226, 227, 228, 229, 232, 242, 243, 244, 247, 250, 251, 253, 254, 255, 263, 264, 265, 266, 267, 268, 269, 270, 271, 272, 273, 274, 275, 276, 277, 278, 279, 280, 281, 282, 283, 286, 287, 288, 289, 302, 305, 306, 315, 316, 323, 331, 332, 333, 334, 335, 336, 338, 339, 340, 341, 342, 351, 352, 353, 360, 361, 362, 368, 370, 371, 372, 373, 374, 375, 376, 377, 378, 385, 386, 388, 389, 390, 391, 395, 396, 407, 408, 409, 411, 412, 423, 424, 427, 428, 429, 430, 431, 432, 446, 447, 451, 452, 453, 454, 455, 456, 457, 460, 463, 464, 465, 472, 473, 474, 475, 476, 482, 483, 484, 485, 486, 488, 493, 494, 498, 499, 502, 503, 504, 505, 506, 507, 508, 511, 512, 514, 515, 529, 530, 531, 534, 535, 536, 538, 539, 543, 544, 545, 548, 549, 558, 559, 560, 568, 569, 570, 571, 572, 573, 574, 575, 576, 577, 578, 579, 584, 589, 590, 591, 592, 593, 594, 595, 596, 599, 600, 601, 603, 607, 608, 611, 612, 613, 614, 616, 617, 618, 619, 620, 621, 623, 624, 625, 626, 630, 631, 632, 635, 636, 637, 638, 639, 646, 651, 653, 654, 655, 660, 661, 662, 663, 664, 667], "summary": {"covered_lines": 258, "num_statements": 282, "percent_covered": 90.52631578947368, "percent_covered_display": "91", "missing_lines": 24, "excluded_lines": 0, "percent_statements_covered": 91.48936170212765, "percent_statements_covered_display": "91", "num_branches": 98, "num_partial_branches": 12, "covered_branches": 86, "missing_branches": 12, "percent_branches_covered": 87.75510204081633, "percent_branches_covered_display": "88"}, "missing_lines": [148, 149, 162, 174, 230, 231, 252, 343, 349, 365, 366, 367, 392, 393, 394, 513, 537, 546, 547, 602, 615, 622, 627, 652], "excluded_lines": [], "start_line": 82, "executed_branches": [[97, 98], [97, 99], [110, 111], [110, 112], [156, 157], [156, 161], [161, -154], [169, 170], [169, 175], [170, 171], [214, -211], [214, 215], [216, 214], [216, 217], [250, 251], [250, 253], [251, 250], [274, 275], [274, 286], [342, 351], [351, 352], [370, 371], [370, 388], [389, 390], [389, 411], [428, 429], [428, 430], [430, 431], [430, 432], [452, 453], [452, 488], [454, 455], [454, 456], [460, 463], [460, 474], [474, 475], [474, 484], [485, 452], [485, 486], [498, -496], [498, 499], [505, 506], [505, 507], [507, 508], [507, 511], [512, 514], [534, -533], [534, 535], [536, 538], [538, 534], [538, 539], [539, 538], [539, 543], [548, 539], [548, 549], [568, 569], [568, 570], [571, 572], [571, 573], [577, 578], [577, 579], [589, 590], [589, 591], [592, 593], [592, 600], [593, 594], [593, 595], [596, 592], [596, 599], [601, 603], [603, 607], [603, 608], [613, -610], [613, 614], [614, 616], [619, 620], [619, 621], [621, 623], [624, 625], [624, 636], [626, 630], [631, 632], [631, 635], [636, 637], [636, 638], [651, 653]], "missing_branches": [[161, 162], [170, 174], [251, 252], [342, 343], [351, -325], [512, 513], [536, 537], [601, 602], [614, 615], [621, 622], [626, 627], [651, 652]]}, "": {"executed_lines": [3, 5, 6, 7, 8, 9, 10, 11, 12, 13, 15, 16, 22, 28, 42, 43, 46, 47, 48, 49, 50, 53, 56, 57, 67, 74, 75, 76, 82, 85, 108, 114, 115, 123, 143, 144, 154, 155, 167, 179, 186, 193, 211, 212, 221, 222, 234, 304, 308, 325, 426, 445, 496, 497, 501, 533, 551, 610, 648, 666], "summary": {"covered_lines": 60, "num_statements": 63, "percent_covered": 91.04477611940298, "percent_covered_display": "91", "missing_lines": 3, "excluded_lines": 0, "percent_statements_covered": 95.23809523809524, "percent_statements_covered_display": "95", "num_branches": 4, "num_partial_branches": 1, "covered_branches": 1, "missing_branches": 3, "percent_branches_covered": 25.0, "percent_branches_covered_display": "25"}, "missing_lines": [77, 78, 79], "excluded_lines": [], "start_line": 1, "executed_branches": [[75, 76]], "missing_branches": [[75, 77], [77, 78], [77, 79]]}}}, "src\\quant_pipeline\\dag_schema.py": {"executed_lines": [3, 5, 6, 7, 8, 9, 10, 11, 13, 15, 16, 27, 28, 29, 39, 50, 61, 67, 70, 71, 73, 76, 77, 78, 79, 82, 83, 85, 88, 89, 91, 94, 95, 97, 98, 99, 100, 103, 104, 106, 109, 110, 111, 112, 115, 116, 121, 122, 123, 124, 127, 128, 129, 133, 134, 135, 136, 137, 138, 139, 140, 141, 142, 144, 147, 148, 149, 150, 151, 157, 158, 166, 167, 168, 169, 170, 171, 186, 187, 188, 189, 190, 191, 192, 197, 198, 204, 217, 219, 220, 221, 224, 225, 226, 227, 228, 229, 231, 232, 233, 234, 235, 236, 244, 249, 253, 257, 270, 271, 274, 276, 277, 279, 280, 281, 282, 283, 284, 285, 286, 287, 288, 289, 290, 291, 292, 293, 294, 295, 296, 297, 300, 304, 306, 307, 309, 311, 312, 313, 314, 316, 317, 318, 319, 320, 321, 322, 323, 324, 325, 326, 327, 329, 330, 331, 332, 333, 335, 336, 337, 338, 339, 340, 341, 345, 346, 351, 356, 357, 362, 363, 364, 365, 366, 367, 368, 369, 370, 371, 377, 378, 379, 380, 381, 382, 383, 384, 385, 386, 391, 392, 393, 399, 405, 406, 407, 408, 409, 410, 411, 412, 413, 414, 415, 416, 420, 421, 424, 425, 426, 429, 430, 431, 432, 433, 434, 438, 439, 440, 446, 447, 448, 451, 452, 465, 466, 467, 488, 489, 490, 507, 508, 511, 512], "summary": {"covered_lines": 234, "num_statements": 249, "percent_covered": 92.09809264305177, "percent_covered_display": "92", "missing_lines": 15, "excluded_lines": 0, "percent_statements_covered": 93.97590361445783, "percent_statements_covered_display": "94", "num_branches": 118, "num_partial_branches": 14, "covered_branches": 104, "missing_branches": 14, "percent_branches_covered": 88.13559322033899, "percent_branches_covered_display": "88"}, "missing_lines": [72, 84, 90, 96, 105, 130, 143, 222, 223, 278, 310, 334, 427, 428, 436], "excluded_lines": [], "executed_branches": [[71, 73], [77, 78], [77, 79], [83, 85], [89, 91], [95, 97], [98, 99], [98, 100], [104, 106], [110, 111], [110, 112], [123, -121], [123, 124], [129, -127], [135, 136], [142, 144], [189, 190], [189, 191], [228, 229], [228, 231], [233, 234], [277, 279], [281, 282], [281, 287], [282, 281], [282, 283], [283, 284], [283, 285], [290, 291], [290, 297], [293, 290], [293, 294], [295, 296], [309, 311], [318, 319], [318, 320], [320, 321], [320, 322], [322, 323], [322, 324], [329, 330], [329, 377], [331, 332], [331, 333], [333, 335], [335, 336], [335, 337], [337, 338], [337, 339], [339, 340], [339, 341], [341, 345], [341, 351], [345, 341], [345, 346], [351, 356], [351, 362], [356, 351], [356, 357], [362, 363], [362, 364], [364, 365], [364, 367], [365, 364], [365, 366], [367, 368], [367, 370], [368, 367], [368, 369], [370, 329], [370, 371], [379, 380], [379, 405], [380, 381], [380, 391], [383, 384], [385, 380], [385, 386], [391, 379], [391, 392], [393, 391], [393, 399], [405, 406], [405, 438], [407, 408], [407, 409], [409, 410], [409, 411], [412, 413], [412, 414], [414, 415], [414, 416], [416, 420], [416, 424], [420, 416], [420, 421], [429, 430], [429, 431], [438, 439], [438, 446], [439, 438], [439, 440], [446, 447], [446, 448]], "missing_branches": [[71, 72], [83, 84], [89, 90], [95, 96], [104, 105], [129, 130], [135, 137], [142, 143], [233, 235], [277, 278], [295, 293], [309, 310], [333, 334], [383, 380]], "functions": {"_mapping": {"executed_lines": [71, 73], "summary": {"covered_lines": 2, "num_statements": 3, "percent_covered": 60.0, "percent_covered_display": "60", "missing_lines": 1, "excluded_lines": 0, "percent_statements_covered": 66.66666666666667, "percent_statements_covered_display": "67", "num_branches": 2, "num_partial_branches": 1, "covered_branches": 1, "missing_branches": 1, "percent_branches_covered": 50.0, "percent_branches_covered_display": "50"}, "missing_lines": [72], "excluded_lines": [], "start_line": 70, "executed_branches": [[71, 73]], "missing_branches": [[71, 72]]}, "_list": {"executed_lines": [77, 78, 79], "summary": {"covered_lines": 3, "num_statements": 3, "percent_covered": 100.0, "percent_covered_display": "100", "missing_lines": 0, "excluded_lines": 0, "percent_statements_covered": 100.0, "percent_statements_covered_display": "100", "num_branches": 2, "num_partial_branches": 0, "covered_branches": 2, "missing_branches": 0, "percent_branches_covered": 100.0, "percent_branches_covered_display": "100"}, "missing_lines": [], "excluded_lines": [], "start_line": 76, "executed_branches": [[77, 78], [77, 79]], "missing_branches": []}, "_string": {"executed_lines": [83, 85], "summary": {"covered_lines": 2, "num_statements": 3, "percent_covered": 60.0, "percent_covered_display": "60", "missing_lines": 1, "excluded_lines": 0, "percent_statements_covered": 66.66666666666667, "percent_statements_covered_display": "67", "num_branches": 2, "num_partial_branches": 1, "covered_branches": 1, "missing_branches": 1, "percent_branches_covered": 50.0, "percent_branches_covered_display": "50"}, "missing_lines": [84], "excluded_lines": [], "start_line": 82, "executed_branches": [[83, 85]], "missing_branches": [[83, 84]]}, "_bool": {"executed_lines": [89, 91], "summary": {"covered_lines": 2, "num_statements": 3, "percent_covered": 60.0, "percent_covered_display": "60", "missing_lines": 1, "excluded_lines": 0, "percent_statements_covered": 66.66666666666667, "percent_statements_covered_display": "67", "num_branches": 2, "num_partial_branches": 1, "covered_branches": 1, "missing_branches": 1, "percent_branches_covered": 50.0, "percent_branches_covered_display": "50"}, "missing_lines": [90], "excluded_lines": [], "start_line": 88, "executed_branches": [[89, 91]], "missing_branches": [[89, 90]]}, "_number": {"executed_lines": [95, 97, 98, 99, 100], "summary": {"covered_lines": 5, "num_statements": 6, "percent_covered": 80.0, "percent_covered_display": "80", "missing_lines": 1, "excluded_lines": 0, "percent_statements_covered": 83.33333333333333, "percent_statements_covered_display": "83", "num_branches": 4, "num_partial_branches": 1, "covered_branches": 3, "missing_branches": 1, "percent_branches_covered": 75.0, "percent_branches_covered_display": "75"}, "missing_lines": [96], "excluded_lines": [], "start_line": 94, "executed_branches": [[95, 97], [98, 99], [98, 100]], "missing_branches": [[95, 96]]}, "_integer": {"executed_lines": [104, 106], "summary": {"covered_lines": 2, "num_statements": 3, "percent_covered": 60.0, "percent_covered_display": "60", "missing_lines": 1, "excluded_lines": 0, "percent_statements_covered": 66.66666666666667, "percent_statements_covered_display": "67", "num_branches": 2, "num_partial_branches": 1, "covered_branches": 1, "missing_branches": 1, "percent_branches_covered": 50.0, "percent_branches_covered_display": "50"}, "missing_lines": [105], "excluded_lines": [], "start_line": 103, "executed_branches": [[104, 106]], "missing_branches": [[104, 105]]}, "_optional_string": {"executed_lines": [110, 111, 112], "summary": {"covered_lines": 3, "num_statements": 3, "percent_covered": 100.0, "percent_covered_display": "100", "missing_lines": 0, "excluded_lines": 0, "percent_statements_covered": 100.0, "percent_statements_covered_display": "100", "num_branches": 2, "num_partial_branches": 0, "covered_branches": 2, "missing_branches": 0, "percent_branches_covered": 100.0, "percent_branches_covered_display": "100"}, "missing_lines": [], "excluded_lines": [], "start_line": 109, "executed_branches": [[110, 111], [110, 112]], "missing_branches": []}, "_string_tuple": {"executed_lines": [116], "summary": {"covered_lines": 1, "num_statements": 1, "percent_covered": 100.0, "percent_covered_display": "100", "missing_lines": 0, "excluded_lines": 0, "percent_statements_covered": 100.0, "percent_statements_covered_display": "100", "num_branches": 0, "num_partial_branches": 0, "covered_branches": 0, "missing_branches": 0, "percent_branches_covered": 100.0, "percent_branches_covered_display": "100"}, "missing_lines": [], "excluded_lines": [], "start_line": 115, "executed_branches": [], "missing_branches": []}, "_reject_unknown_keys": {"executed_lines": [122, 123, 124], "summary": {"covered_lines": 3, "num_statements": 3, "percent_covered": 100.0, "percent_covered_display": "100", "missing_lines": 0, "excluded_lines": 0, "percent_statements_covered": 100.0, "percent_statements_covered_display": "100", "num_branches": 2, "num_partial_branches": 0, "covered_branches": 2, "missing_branches": 0, "percent_branches_covered": 100.0, "percent_branches_covered_display": "100"}, "missing_lines": [], "excluded_lines": [], "start_line": 121, "executed_branches": [[123, -121], [123, 124]], "missing_branches": []}, "_required": {"executed_lines": [128, 129], "summary": {"covered_lines": 2, "num_statements": 3, "percent_covered": 60.0, "percent_covered_display": "60", "missing_lines": 1, "excluded_lines": 0, "percent_statements_covered": 66.66666666666667, "percent_statements_covered_display": "67", "num_branches": 2, "num_partial_branches": 1, "covered_branches": 1, "missing_branches": 1, "percent_branches_covered": 50.0, "percent_branches_covered_display": "50"}, "missing_lines": [130], "excluded_lines": [], "start_line": 127, "executed_branches": [[129, -127]], "missing_branches": [[129, 130]]}, "_normalize_path": {"executed_lines": [134, 135, 136, 137, 138, 139, 140, 141, 142, 144], "summary": {"covered_lines": 10, "num_statements": 11, "percent_covered": 80.0, "percent_covered_display": "80", "missing_lines": 1, "excluded_lines": 0, "percent_statements_covered": 90.9090909090909, "percent_statements_covered_display": "91", "num_branches": 4, "num_partial_branches": 2, "covered_branches": 2, "missing_branches": 2, "percent_branches_covered": 50.0, "percent_branches_covered_display": "50"}, "missing_lines": [143], "excluded_lines": [], "start_line": 133, "executed_branches": [[135, 136], [142, 144]], "missing_branches": [[135, 137], [142, 143]]}, "_parse_retry": {"executed_lines": [148, 149, 150, 151, 157, 158], "summary": {"covered_lines": 6, "num_statements": 6, "percent_covered": 100.0, "percent_covered_display": "100", "missing_lines": 0, "excluded_lines": 0, "percent_statements_covered": 100.0, "percent_statements_covered_display": "100", "num_branches": 0, "num_partial_branches": 0, "covered_branches": 0, "missing_branches": 0, "percent_branches_covered": 100.0, "percent_branches_covered_display": "100"}, "missing_lines": [], "excluded_lines": [], "start_line": 147, "executed_branches": [], "missing_branches": []}, "_parse_artifact": {"executed_lines": [167, 168, 169, 170, 171], "summary": {"covered_lines": 5, "num_statements": 5, "percent_covered": 100.0, "percent_covered_display": "100", "missing_lines": 0, "excluded_lines": 0, "percent_statements_covered": 100.0, "percent_statements_covered_display": "100", "num_branches": 0, "num_partial_branches": 0, "covered_branches": 0, "missing_branches": 0, "percent_branches_covered": 100.0, "percent_branches_covered_display": "100"}, "missing_lines": [], "excluded_lines": [], "start_line": 166, "executed_branches": [], "missing_branches": []}, "_parse_step": {"executed_lines": [187, 188, 189, 190, 191, 192, 197, 198, 204], "summary": {"covered_lines": 9, "num_statements": 9, "percent_covered": 100.0, "percent_covered_display": "100", "missing_lines": 0, "excluded_lines": 0, "percent_statements_covered": 100.0, "percent_statements_covered_display": "100", "num_branches": 2, "num_partial_branches": 0, "covered_branches": 2, "missing_branches": 0, "percent_branches_covered": 100.0, "percent_branches_covered_display": "100"}, "missing_lines": [], "excluded_lines": [], "start_line": 186, "executed_branches": [[189, 190], [189, 191]], "missing_branches": []}, "load_pipeline_spec": {"executed_lines": [219, 220, 221, 224, 225, 226, 227, 228, 229, 231, 232, 233, 234, 235, 236, 244, 249, 253, 257], "summary": {"covered_lines": 19, "num_statements": 21, "percent_covered": 88.0, "percent_covered_display": "88", "missing_lines": 2, "excluded_lines": 0, "percent_statements_covered": 90.47619047619048, "percent_statements_covered_display": "90", "num_branches": 4, "num_partial_branches": 1, "covered_branches": 3, "missing_branches": 1, "percent_branches_covered": 75.0, "percent_branches_covered_display": "75"}, "missing_lines": [222, 223], "excluded_lines": [], "start_line": 217, "executed_branches": [[228, 229], [228, 231], [233, 234]], "missing_branches": [[233, 235]]}, "_duplicates": {"executed_lines": [271], "summary": {"covered_lines": 1, "num_statements": 1, "percent_covered": 100.0, "percent_covered_display": "100", "missing_lines": 0, "excluded_lines": 0, "percent_statements_covered": 100.0, "percent_statements_covered_display": "100", "num_branches": 0, "num_partial_branches": 0, "covered_branches": 0, "missing_branches": 0, "percent_branches_covered": 100.0, "percent_branches_covered_display": "100"}, "missing_lines": [], "excluded_lines": [], "start_line": 270, "executed_branches": [], "missing_branches": []}, "deterministic_topology": {"executed_lines": [276, 277, 279, 280, 281, 282, 283, 284, 285, 286, 287, 288, 289, 290, 291, 292, 293, 294, 295, 296, 297], "summary": {"covered_lines": 21, "num_statements": 22, "percent_covered": 91.66666666666667, "percent_covered_display": "92", "missing_lines": 1, "excluded_lines": 0, "percent_statements_covered": 95.45454545454545, "percent_statements_covered_display": "95", "num_branches": 14, "num_partial_branches": 2, "covered_branches": 12, "missing_branches": 2, "percent_branches_covered": 85.71428571428571, "percent_branches_covered_display": "86"}, "missing_lines": [278], "excluded_lines": [], "start_line": 274, "executed_branches": [[277, 279], [281, 282], [281, 287], [282, 281], [282, 283], [283, 284], [283, 285], [290, 291], [290, 297], [293, 290], [293, 294], [295, 296]], "missing_branches": [[277, 278], [295, 293]]}, "validate_pipeline_spec": {"executed_lines": [304, 306, 309, 311, 312, 313, 314, 316, 317, 318, 319, 320, 321, 322, 323, 324, 325, 326, 327, 329, 330, 331, 332, 333, 335, 336, 337, 338, 339, 340, 341, 345, 346, 351, 356, 357, 362, 363, 364, 365, 366, 367, 368, 369, 370, 371, 377, 378, 379, 380, 381, 382, 383, 384, 385, 386, 391, 392, 393, 399, 405, 406, 407, 408, 409, 410, 411, 412, 413, 414, 415, 416, 420, 421, 424, 425, 426, 429, 430, 431, 432, 433, 434, 438, 439, 440, 446, 447, 448], "summary": {"covered_lines": 89, "num_statements": 94, "percent_covered": 95.23809523809524, "percent_covered_display": "95", "missing_lines": 5, "excluded_lines": 0, "percent_statements_covered": 94.68085106382979, "percent_statements_covered_display": "95", "num_branches": 74, "num_partial_branches": 3, "covered_branches": 71, "missing_branches": 3, "percent_branches_covered": 95.94594594594595, "percent_branches_covered_display": "96"}, "missing_lines": [310, 334, 427, 428, 436], "excluded_lines": [], "start_line": 300, "executed_branches": [[309, 311], [318, 319], [318, 320], [320, 321], [320, 322], [322, 323], [322, 324], [329, 330], [329, 377], [331, 332], [331, 333], [333, 335], [335, 336], [335, 337], [337, 338], [337, 339], [339, 340], [339, 341], [341, 345], [341, 351], [345, 341], [345, 346], [351, 356], [351, 362], [356, 351], [356, 357], [362, 363], [362, 364], [364, 365], [364, 367], [365, 364], [365, 366], [367, 368], [367, 370], [368, 367], [368, 369], [370, 329], [370, 371], [379, 380], [379, 405], [380, 381], [380, 391], [383, 384], [385, 380], [385, 386], [391, 379], [391, 392], [393, 391], [393, 399], [405, 406], [405, 438], [407, 408], [407, 409], [409, 410], [409, 411], [412, 413], [412, 414], [414, 415], [414, 416], [416, 420], [416, 424], [420, 416], [420, 421], [429, 430], [429, 431], [438, 439], [438, 446], [439, 438], [439, 440], [446, 447], [446, 448]], "missing_branches": [[309, 310], [333, 334], [383, 380]]}, "validate_pipeline_spec.issue": {"executed_lines": [307], "summary": {"covered_lines": 1, "num_statements": 1, "percent_covered": 100.0, "percent_covered_display": "100", "missing_lines": 0, "excluded_lines": 0, "percent_statements_covered": 100.0, "percent_statements_covered_display": "100", "num_branches": 0, "num_partial_branches": 0, "covered_branches": 0, "missing_branches": 0, "percent_branches_covered": 100.0, "percent_branches_covered_display": "100"}, "missing_lines": [], "excluded_lines": [], "start_line": 306, "executed_branches": [], "missing_branches": []}, "artifact_definition": {"executed_lines": [452], "summary": {"covered_lines": 1, "num_statements": 1, "percent_covered": 100.0, "percent_covered_display": "100", "missing_lines": 0, "excluded_lines": 0, "percent_statements_covered": 100.0, "percent_statements_covered_display": "100", "num_branches": 0, "num_partial_branches": 0, "covered_branches": 0, "missing_branches": 0, "percent_branches_covered": 100.0, "percent_branches_covered_display": "100"}, "missing_lines": [], "excluded_lines": [], "start_line": 451, "executed_branches": [], "missing_branches": []}, "step_definition": {"executed_lines": [466, 467], "summary": {"covered_lines": 2, "num_statements": 2, "percent_covered": 100.0, "percent_covered_display": "100", "missing_lines": 0, "excluded_lines": 0, "percent_statements_covered": 100.0, "percent_statements_covered_display": "100", "num_branches": 0, "num_partial_branches": 0, "covered_branches": 0, "missing_branches": 0, "percent_branches_covered": 100.0, "percent_branches_covered_display": "100"}, "missing_lines": [], "excluded_lines": [], "start_line": 465, "executed_branches": [], "missing_branches": []}, "pipeline_definition": {"executed_lines": [489, 490], "summary": {"covered_lines": 2, "num_statements": 2, "percent_covered": 100.0, "percent_covered_display": "100", "missing_lines": 0, "excluded_lines": 0, "percent_statements_covered": 100.0, "percent_statements_covered_display": "100", "num_branches": 0, "num_partial_branches": 0, "covered_branches": 0, "missing_branches": 0, "percent_branches_covered": 100.0, "percent_branches_covered_display": "100"}, "missing_lines": [], "excluded_lines": [], "start_line": 488, "executed_branches": [], "missing_branches": []}, "pipeline_config_hash": {"executed_lines": [508], "summary": {"covered_lines": 1, "num_statements": 1, "percent_covered": 100.0, "percent_covered_display": "100", "missing_lines": 0, "excluded_lines": 0, "percent_statements_covered": 100.0, "percent_statements_covered_display": "100", "num_branches": 0, "num_partial_branches": 0, "covered_branches": 0, "missing_branches": 0, "percent_branches_covered": 100.0, "percent_branches_covered_display": "100"}, "missing_lines": [], "excluded_lines": [], "start_line": 507, "executed_branches": [], "missing_branches": []}, "step_definition_hash": {"executed_lines": [512], "summary": {"covered_lines": 1, "num_statements": 1, "percent_covered": 100.0, "percent_covered_display": "100", "missing_lines": 0, "excluded_lines": 0, "percent_statements_covered": 100.0, "percent_statements_covered_display": "100", "num_branches": 0, "num_partial_branches": 0, "covered_branches": 0, "missing_branches": 0, "percent_branches_covered": 100.0, "percent_branches_covered_display": "100"}, "missing_lines": [], "excluded_lines": [], "start_line": 511, "executed_branches": [], "missing_branches": []}, "": {"executed_lines": [3, 5, 6, 7, 8, 9, 10, 11, 13, 15, 16, 27, 28, 29, 39, 50, 61, 67, 70, 76, 82, 88, 94, 103, 109, 115, 121, 127, 133, 147, 166, 186, 217, 270, 274, 300, 451, 465, 488, 507, 511], "summary": {"covered_lines": 41, "num_statements": 41, "percent_covered": 100.0, "percent_covered_display": "100", "missing_lines": 0, "excluded_lines": 0, "percent_statements_covered": 100.0, "percent_statements_covered_display": "100", "num_branches": 0, "num_partial_branches": 0, "covered_branches": 0, "missing_branches": 0, "percent_branches_covered": 100.0, "percent_branches_covered_display": "100"}, "missing_lines": [], "excluded_lines": [], "start_line": 1, "executed_branches": [], "missing_branches": []}}, "classes": {"": {"executed_lines": [3, 5, 6, 7, 8, 9, 10, 11, 13, 15, 16, 27, 28, 29, 39, 50, 61, 67, 70, 71, 73, 76, 77, 78, 79, 82, 83, 85, 88, 89, 91, 94, 95, 97, 98, 99, 100, 103, 104, 106, 109, 110, 111, 112, 115, 116, 121, 122, 123, 124, 127, 128, 129, 133, 134, 135, 136, 137, 138, 139, 140, 141, 142, 144, 147, 148, 149, 150, 151, 157, 158, 166, 167, 168, 169, 170, 171, 186, 187, 188, 189, 190, 191, 192, 197, 198, 204, 217, 219, 220, 221, 224, 225, 226, 227, 228, 229, 231, 232, 233, 234, 235, 236, 244, 249, 253, 257, 270, 271, 274, 276, 277, 279, 280, 281, 282, 283, 284, 285, 286, 287, 288, 289, 290, 291, 292, 293, 294, 295, 296, 297, 300, 304, 306, 307, 309, 311, 312, 313, 314, 316, 317, 318, 319, 320, 321, 322, 323, 324, 325, 326, 327, 329, 330, 331, 332, 333, 335, 336, 337, 338, 339, 340, 341, 345, 346, 351, 356, 357, 362, 363, 364, 365, 366, 367, 368, 369, 370, 371, 377, 378, 379, 380, 381, 382, 383, 384, 385, 386, 391, 392, 393, 399, 405, 406, 407, 408, 409, 410, 411, 412, 413, 414, 415, 416, 420, 421, 424, 425, 426, 429, 430, 431, 432, 433, 434, 438, 439, 440, 446, 447, 448, 451, 452, 465, 466, 467, 488, 489, 490, 507, 508, 511, 512], "summary": {"covered_lines": 234, "num_statements": 249, "percent_covered": 92.09809264305177, "percent_covered_display": "92", "missing_lines": 15, "excluded_lines": 0, "percent_statements_covered": 93.97590361445783, "percent_statements_covered_display": "94", "num_branches": 118, "num_partial_branches": 14, "covered_branches": 104, "missing_branches": 14, "percent_branches_covered": 88.13559322033899, "percent_branches_covered_display": "88"}, "missing_lines": [72, 84, 90, 96, 105, 130, 143, 222, 223, 278, 310, 334, 427, 428, 436], "excluded_lines": [], "start_line": 1, "executed_branches": [[71, 73], [77, 78], [77, 79], [83, 85], [89, 91], [95, 97], [98, 99], [98, 100], [104, 106], [110, 111], [110, 112], [123, -121], [123, 124], [129, -127], [135, 136], [142, 144], [189, 190], [189, 191], [228, 229], [228, 231], [233, 234], [277, 279], [281, 282], [281, 287], [282, 281], [282, 283], [283, 284], [283, 285], [290, 291], [290, 297], [293, 290], [293, 294], [295, 296], [309, 311], [318, 319], [318, 320], [320, 321], [320, 322], [322, 323], [322, 324], [329, 330], [329, 377], [331, 332], [331, 333], [333, 335], [335, 336], [335, 337], [337, 338], [337, 339], [339, 340], [339, 341], [341, 345], [341, 351], [345, 341], [345, 346], [351, 356], [351, 362], [356, 351], [356, 357], [362, 363], [362, 364], [364, 365], [364, 367], [365, 364], [365, 366], [367, 368], [367, 370], [368, 367], [368, 369], [370, 329], [370, 371], [379, 380], [379, 405], [380, 381], [380, 391], [383, 384], [385, 380], [385, 386], [391, 379], [391, 392], [393, 391], [393, 399], [405, 406], [405, 438], [407, 408], [407, 409], [409, 410], [409, 411], [412, 413], [412, 414], [414, 415], [414, 416], [416, 420], [416, 424], [420, 416], [420, 421], [429, 430], [429, 431], [438, 439], [438, 446], [439, 438], [439, 440], [446, 447], [446, 448]], "missing_branches": [[71, 72], [83, 84], [89, 90], [95, 96], [104, 105], [129, 130], [135, 137], [142, 143], [233, 235], [277, 278], [295, 293], [309, 310], [333, 334], [383, 380]]}}}, "src\\quant_pipeline\\integrity.py": {"executed_lines": [3, 5, 6, 7, 8, 9, 10, 12, 15, 16, 17, 18, 26, 27, 30, 31, 32, 33, 34, 35, 38, 40, 41, 42, 43, 44, 45, 46, 47, 49, 50, 51, 52, 53, 54, 55, 56, 57, 60, 63, 64, 65, 66, 67, 68, 69, 71, 72, 73, 74, 77, 78, 79, 80, 81, 82, 83, 84, 85, 88], "summary": {"covered_lines": 60, "num_statements": 61, "percent_covered": 97.75280898876404, "percent_covered_display": "98", "missing_lines": 1, "excluded_lines": 0, "percent_statements_covered": 98.36065573770492, "percent_statements_covered_display": "98", "num_branches": 28, "num_partial_branches": 1, "covered_branches": 27, "missing_branches": 1, "percent_branches_covered": 96.42857142857143, "percent_branches_covered_display": "96"}, "missing_lines": [59], "excluded_lines": [], "executed_branches": [[16, 17], [16, 18], [33, 34], [33, 35], [40, 41], [40, 42], [42, 43], [42, 44], [44, 45], [44, 46], [46, 47], [46, 49], [50, 51], [50, 60], [52, 53], [52, 54], [54, 55], [54, 56], [56, 57], [64, 65], [64, 71], [72, 73], [72, 74], [79, 80], [79, 81], [84, 85], [84, 88]], "missing_branches": [[56, 59]], "functions": {"canonical_json_bytes": {"executed_lines": [16, 17, 18], "summary": {"covered_lines": 3, "num_statements": 3, "percent_covered": 100.0, "percent_covered_display": "100", "missing_lines": 0, "excluded_lines": 0, "percent_statements_covered": 100.0, "percent_statements_covered_display": "100", "num_branches": 2, "num_partial_branches": 0, "covered_branches": 2, "missing_branches": 0, "percent_branches_covered": 100.0, "percent_branches_covered_display": "100"}, "missing_lines": [], "excluded_lines": [], "start_line": 15, "executed_branches": [[16, 17], [16, 18]], "missing_branches": []}, "sha256_bytes": {"executed_lines": [27], "summary": {"covered_lines": 1, "num_statements": 1, "percent_covered": 100.0, "percent_covered_display": "100", "missing_lines": 0, "excluded_lines": 0, "percent_statements_covered": 100.0, "percent_statements_covered_display": "100", "num_branches": 0, "num_partial_branches": 0, "covered_branches": 0, "missing_branches": 0, "percent_branches_covered": 100.0, "percent_branches_covered_display": "100"}, "missing_lines": [], "excluded_lines": [], "start_line": 26, "executed_branches": [], "missing_branches": []}, "sha256_file": {"executed_lines": [31, 32, 33, 34, 35], "summary": {"covered_lines": 5, "num_statements": 5, "percent_covered": 100.0, "percent_covered_display": "100", "missing_lines": 0, "excluded_lines": 0, "percent_statements_covered": 100.0, "percent_statements_covered_display": "100", "num_branches": 2, "num_partial_branches": 0, "covered_branches": 2, "missing_branches": 0, "percent_branches_covered": 100.0, "percent_branches_covered_display": "100"}, "missing_lines": [], "excluded_lines": [], "start_line": 30, "executed_branches": [[33, 34], [33, 35]], "missing_branches": []}, "hash_artifact_path": {"executed_lines": [40, 41, 42, 43, 44, 45, 46, 47, 49, 50, 51, 52, 53, 54, 55, 56, 57, 60], "summary": {"covered_lines": 18, "num_statements": 19, "percent_covered": 94.28571428571429, "percent_covered_display": "94", "missing_lines": 1, "excluded_lines": 0, "percent_statements_covered": 94.73684210526316, "percent_statements_covered_display": "95", "num_branches": 16, "num_partial_branches": 1, "covered_branches": 15, "missing_branches": 1, "percent_branches_covered": 93.75, "percent_branches_covered_display": "94"}, "missing_lines": [59], "excluded_lines": [], "start_line": 38, "executed_branches": [[40, 41], [40, 42], [42, 43], [42, 44], [44, 45], [44, 46], [46, 47], [46, 49], [50, 51], [50, 60], [52, 53], [52, 54], [54, 55], [54, 56], [56, 57]], "missing_branches": [[56, 59]]}, "load_stack_manifest": {"executed_lines": [64, 65, 66, 67, 68, 69, 71, 72, 73, 74], "summary": {"covered_lines": 10, "num_statements": 10, "percent_covered": 100.0, "percent_covered_display": "100", "missing_lines": 0, "excluded_lines": 0, "percent_statements_covered": 100.0, "percent_statements_covered_display": "100", "num_branches": 4, "num_partial_branches": 0, "covered_branches": 4, "missing_branches": 0, "percent_branches_covered": 100.0, "percent_branches_covered_display": "100"}, "missing_lines": [], "excluded_lines": [], "start_line": 63, "executed_branches": [[64, 65], [64, 71], [72, 73], [72, 74]], "missing_branches": []}, "stack_manifest_hash": {"executed_lines": [78, 79, 80, 81, 82, 83, 84, 85, 88], "summary": {"covered_lines": 9, "num_statements": 9, "percent_covered": 100.0, "percent_covered_display": "100", "missing_lines": 0, "excluded_lines": 0, "percent_statements_covered": 100.0, "percent_statements_covered_display": "100", "num_branches": 4, "num_partial_branches": 0, "covered_branches": 4, "missing_branches": 0, "percent_branches_covered": 100.0, "percent_branches_covered_display": "100"}, "missing_lines": [], "excluded_lines": [], "start_line": 77, "executed_branches": [[79, 80], [79, 81], [84, 85], [84, 88]], "missing_branches": []}, "": {"executed_lines": [3, 5, 6, 7, 8, 9, 10, 12, 15, 26, 30, 38, 63, 77], "summary": {"covered_lines": 14, "num_statements": 14, "percent_covered": 100.0, "percent_covered_display": "100", "missing_lines": 0, "excluded_lines": 0, "percent_statements_covered": 100.0, "percent_statements_covered_display": "100", "num_branches": 0, "num_partial_branches": 0, "covered_branches": 0, "missing_branches": 0, "percent_branches_covered": 100.0, "percent_branches_covered_display": "100"}, "missing_lines": [], "excluded_lines": [], "start_line": 1, "executed_branches": [], "missing_branches": []}}, "classes": {"": {"executed_lines": [3, 5, 6, 7, 8, 9, 10, 12, 15, 16, 17, 18, 26, 27, 30, 31, 32, 33, 34, 35, 38, 40, 41, 42, 43, 44, 45, 46, 47, 49, 50, 51, 52, 53, 54, 55, 56, 57, 60, 63, 64, 65, 66, 67, 68, 69, 71, 72, 73, 74, 77, 78, 79, 80, 81, 82, 83, 84, 85, 88], "summary": {"covered_lines": 60, "num_statements": 61, "percent_covered": 97.75280898876404, "percent_covered_display": "98", "missing_lines": 1, "excluded_lines": 0, "percent_statements_covered": 98.36065573770492, "percent_statements_covered_display": "98", "num_branches": 28, "num_partial_branches": 1, "covered_branches": 27, "missing_branches": 1, "percent_branches_covered": 96.42857142857143, "percent_branches_covered_display": "96"}, "missing_lines": [59], "excluded_lines": [], "start_line": 1, "executed_branches": [[16, 17], [16, 18], [33, 34], [33, 35], [40, 41], [40, 42], [42, 43], [42, 44], [44, 45], [44, 46], [46, 47], [46, 49], [50, 51], [50, 60], [52, 53], [52, 54], [54, 55], [54, 56], [56, 57], [64, 65], [64, 71], [72, 73], [72, 74], [79, 80], [79, 81], [84, 85], [84, 88]], "missing_branches": [[56, 59]]}}}}, "totals": {"covered_lines": 741, "num_statements": 791, "percent_covered": 92.42282507015902, "percent_covered_display": "92", "missing_lines": 50, "excluded_lines": 0, "percent_statements_covered": 93.67888748419722, "percent_statements_covered_display": "94", "num_branches": 278, "num_partial_branches": 29, "covered_branches": 247, "missing_branches": 31, "percent_branches_covered": 88.84892086330935, "percent_branches_covered_display": "89"}}