{"meta": {"format": 3, "version": "7.16.0", "timestamp": "2026-08-29T08:27:23.424291", "branch_coverage": true, "show_contexts": false}, "files": {"src\\quant_pipeline\\__init__.py": {"executed_lines": [3, 4, 5, 6, 18], "summary": {"covered_lines": 5, "num_statements": 5, "percent_covered": 100.0, "percent_covered_display": "100", "missing_lines": 0, "excluded_lines": 0, "percent_statements_covered": 100.0, "percent_statements_covered_display": "100", "num_branches": 0, "num_partial_branches": 0, "covered_branches": 0, "missing_branches": 0, "percent_branches_covered": 100.0, "percent_branches_covered_display": "100"}, "missing_lines": [], "excluded_lines": [], "executed_branches": [], "missing_branches": [], "functions": {"": {"executed_lines": [3, 4, 5, 6, 18], "summary": {"covered_lines": 5, "num_statements": 5, "percent_covered": 100.0, "percent_covered_display": "100", "missing_lines": 0, "excluded_lines": 0, "percent_statements_covered": 100.0, "percent_statements_covered_display": "100", "num_branches": 0, "num_partial_branches": 0, "covered_branches": 0, "missing_branches": 0, "percent_branches_covered": 100.0, "percent_branches_covered_display": "100"}, "missing_lines": [], "excluded_lines": [], "start_line": 1, "executed_branches": [], "missing_branches": []}}, "classes": {"": {"executed_lines": [3, 4, 5, 6, 18], "summary": {"covered_lines": 5, "num_statements": 5, "percent_covered": 100.0, "percent_covered_display": "100", "missing_lines": 0, "excluded_lines": 0, "percent_statements_covered": 100.0, "percent_statements_covered_display": "100", "num_branches": 0, "num_partial_branches": 0, "covered_branches": 0, "missing_branches": 0, "percent_branches_covered": 100.0, "percent_branches_covered_display": "100"}, "missing_lines": [], "excluded_lines": [], "start_line": 1, "executed_branches": [], "missing_branches": []}}}, "src\\quant_pipeline\\checkpoint.py": {"executed_lines": [3, 5, 6, 7, 8, 9, 10, 12, 13, 21, 36, 49, 50, 53, 54, 69, 70, 80, 81, 108, 109, 112, 113, 114, 115, 116, 117, 118, 121, 122, 123, 124, 125, 126, 127, 128, 129, 130, 131, 138, 139, 141, 142, 143, 148, 149, 150, 151, 152, 155, 156, 157, 158, 161, 162, 163, 164, 167, 168, 169, 170, 173, 174, 175, 176, 179, 180, 181, 182, 185, 186, 187, 188, 189, 192, 193, 194, 195, 196, 197, 202, 205, 206, 207, 213, 214, 215, 216, 217, 218, 237, 238, 241, 242, 243, 244, 245, 246, 247, 255, 256, 259, 260, 261, 262, 263, 264, 265, 266, 267, 268, 269, 270, 273, 274, 275, 276, 303, 304, 305, 306, 307, 310, 311, 312, 313, 314, 315, 316], "summary": {"covered_lines": 129, "num_statements": 136, "percent_covered": 95.18072289156626, "percent_covered_display": "95", "missing_lines": 7, "excluded_lines": 0, "percent_statements_covered": 94.8529411764706, "percent_statements_covered_display": "95", "num_branches": 30, "num_partial_branches": 1, "covered_branches": 29, "missing_branches": 1, "percent_branches_covered": 96.66666666666667, "percent_branches_covered_display": "97"}, "missing_lines": [132, 133, 134, 135, 137, 144, 145], "excluded_lines": [], "executed_branches": [[114, 115], [114, 116], [131, 141], [141, -112], [141, 142], [156, 157], [156, 158], [162, 163], [162, 164], [168, 169], [168, 170], [174, 175], [174, 176], [180, 181], [180, 182], [187, 188], [187, 189], [195, 196], [195, 202], [216, 217], [216, 218], [244, 245], [244, 246], [261, 262], [261, 265], [269, 270], [269, 273], [305, 306], [305, 307]], "missing_branches": [[131, 132]], "functions": {"_attempt_payload": {"executed_lines": [54], "summary": {"covered_lines": 1, "num_statements": 1, "percent_covered": 100.0, "percent_covered_display": "100", "missing_lines": 0, "excluded_lines": 0, "percent_statements_covered": 100.0, "percent_statements_covered_display": "100", "num_branches": 0, "num_partial_branches": 0, "covered_branches": 0, "missing_branches": 0, "percent_branches_covered": 100.0, "percent_branches_covered_display": "100"}, "missing_lines": [], "excluded_lines": [], "start_line": 53, "executed_branches": [], "missing_branches": []}, "_event_payload": {"executed_lines": [70], "summary": {"covered_lines": 1, "num_statements": 1, "percent_covered": 100.0, "percent_covered_display": "100", "missing_lines": 0, "excluded_lines": 0, "percent_statements_covered": 100.0, "percent_statements_covered_display": "100", "num_branches": 0, "num_partial_branches": 0, "covered_branches": 0, "missing_branches": 0, "percent_branches_covered": 100.0, "percent_branches_covered_display": "100"}, "missing_lines": [], "excluded_lines": [], "start_line": 69, "executed_branches": [], "missing_branches": []}, "checkpoint_payload": {"executed_lines": [81], "summary": {"covered_lines": 1, "num_statements": 1, "percent_covered": 100.0, "percent_covered_display": "100", "missing_lines": 0, "excluded_lines": 0, "percent_statements_covered": 100.0, "percent_statements_covered_display": "100", "num_branches": 0, "num_partial_branches": 0, "covered_branches": 0, "missing_branches": 0, "percent_branches_covered": 100.0, "percent_branches_covered_display": "100"}, "missing_lines": [], "excluded_lines": [], "start_line": 80, "executed_branches": [], "missing_branches": []}, "checkpoint_hash": {"executed_lines": [109], "summary": {"covered_lines": 1, "num_statements": 1, "percent_covered": 100.0, "percent_covered_display": "100", "missing_lines": 0, "excluded_lines": 0, "percent_statements_covered": 100.0, "percent_statements_covered_display": "100", "num_branches": 0, "num_partial_branches": 0, "covered_branches": 0, "missing_branches": 0, "percent_branches_covered": 100.0, "percent_branches_covered_display": "100"}, "missing_lines": [], "excluded_lines": [], "start_line": 108, "executed_branches": [], "missing_branches": []}, "_write_atomic": {"executed_lines": [113, 114, 115, 116, 117, 118, 121, 122, 123, 124, 125, 126, 127, 128, 129, 130, 131, 138, 139, 141, 142, 143], "summary": {"covered_lines": 22, "num_statements": 29, "percent_covered": 77.14285714285714, "percent_covered_display": "77", "missing_lines": 7, "excluded_lines": 0, "percent_statements_covered": 75.86206896551724, "percent_statements_covered_display": "76", "num_branches": 6, "num_partial_branches": 1, "covered_branches": 5, "missing_branches": 1, "percent_branches_covered": 83.33333333333333, "percent_branches_covered_display": "83"}, "missing_lines": [132, 133, 134, 135, 137, 144, 145], "excluded_lines": [], "start_line": 112, "executed_branches": [[114, 115], [114, 116], [131, 141], [141, -112], [141, 142]], "missing_branches": [[131, 132]]}, "write_checkpoint_atomic": {"executed_lines": [149, 150, 151, 152], "summary": {"covered_lines": 4, "num_statements": 4, "percent_covered": 100.0, "percent_covered_display": "100", "missing_lines": 0, "excluded_lines": 0, "percent_statements_covered": 100.0, "percent_statements_covered_display": "100", "num_branches": 0, "num_partial_branches": 0, "covered_branches": 0, "missing_branches": 0, "percent_branches_covered": 100.0, "percent_branches_covered_display": "100"}, "missing_lines": [], "excluded_lines": [], "start_line": 148, "executed_branches": [], "missing_branches": []}, "_expect_mapping": {"executed_lines": [156, 157, 158], "summary": {"covered_lines": 3, "num_statements": 3, "percent_covered": 100.0, "percent_covered_display": "100", "missing_lines": 0, "excluded_lines": 0, "percent_statements_covered": 100.0, "percent_statements_covered_display": "100", "num_branches": 2, "num_partial_branches": 0, "covered_branches": 2, "missing_branches": 0, "percent_branches_covered": 100.0, "percent_branches_covered_display": "100"}, "missing_lines": [], "excluded_lines": [], "start_line": 155, "executed_branches": [[156, 157], [156, 158]], "missing_branches": []}, "_expect_list": {"executed_lines": [162, 163, 164], "summary": {"covered_lines": 3, "num_statements": 3, "percent_covered": 100.0, "percent_covered_display": "100", "missing_lines": 0, "excluded_lines": 0, "percent_statements_covered": 100.0, "percent_statements_covered_display": "100", "num_branches": 2, "num_partial_branches": 0, "covered_branches": 2, "missing_branches": 0, "percent_branches_covered": 100.0, "percent_branches_covered_display": "100"}, "missing_lines": [], "excluded_lines": [], "start_line": 161, "executed_branches": [[162, 163], [162, 164]], "missing_branches": []}, "_expect_string": {"executed_lines": [168, 169, 170], "summary": {"covered_lines": 3, "num_statements": 3, "percent_covered": 100.0, "percent_covered_display": "100", "missing_lines": 0, "excluded_lines": 0, "percent_statements_covered": 100.0, "percent_statements_covered_display": "100", "num_branches": 2, "num_partial_branches": 0, "covered_branches": 2, "missing_branches": 0, "percent_branches_covered": 100.0, "percent_branches_covered_display": "100"}, "missing_lines": [], "excluded_lines": [], "start_line": 167, "executed_branches": [[168, 169], [168, 170]], "missing_branches": []}, "_expect_optional_string": {"executed_lines": [174, 175, 176], "summary": {"covered_lines": 3, "num_statements": 3, "percent_covered": 100.0, "percent_covered_display": "100", "missing_lines": 0, "excluded_lines": 0, "percent_statements_covered": 100.0, "percent_statements_covered_display": "100", "num_branches": 2, "num_partial_branches": 0, "covered_branches": 2, "missing_branches": 0, "percent_branches_covered": 100.0, "percent_branches_covered_display": "100"}, "missing_lines": [], "excluded_lines": [], "start_line": 173, "executed_branches": [[174, 175], [174, 176]], "missing_branches": []}, "_expect_integer": {"executed_lines": [180, 181, 182], "summary": {"covered_lines": 3, "num_statements": 3, "percent_covered": 100.0, "percent_covered_display": "100", "missing_lines": 0, "excluded_lines": 0, "percent_statements_covered": 100.0, "percent_statements_covered_display": "100", "num_branches": 2, "num_partial_branches": 0, "covered_branches": 2, "missing_branches": 0, "percent_branches_covered": 100.0, "percent_branches_covered_display": "100"}, "missing_lines": [], "excluded_lines": [], "start_line": 179, "executed_branches": [[180, 181], [180, 182]], "missing_branches": []}, "_expect_sha256": {"executed_lines": [186, 187, 188, 189], "summary": {"covered_lines": 4, "num_statements": 4, "percent_covered": 100.0, "percent_covered_display": "100", "missing_lines": 0, "excluded_lines": 0, "percent_statements_covered": 100.0, "percent_statements_covered_display": "100", "num_branches": 2, "num_partial_branches": 0, "covered_branches": 2, "missing_branches": 0, "percent_branches_covered": 100.0, "percent_branches_covered_display": "100"}, "missing_lines": [], "excluded_lines": [], "start_line": 185, "executed_branches": [[187, 188], [187, 189]], "missing_branches": []}, "_expect_string_map": {"executed_lines": [193, 194, 195, 196, 197, 202], "summary": {"covered_lines": 6, "num_statements": 6, "percent_covered": 100.0, "percent_covered_display": "100", "missing_lines": 0, "excluded_lines": 0, "percent_statements_covered": 100.0, "percent_statements_covered_display": "100", "num_branches": 2, "num_partial_branches": 0, "covered_branches": 2, "missing_branches": 0, "percent_branches_covered": 100.0, "percent_branches_covered_display": "100"}, "missing_lines": [], "excluded_lines": [], "start_line": 192, "executed_branches": [[195, 196], [195, 202]], "missing_branches": []}, "_expect_hash_maps": {"executed_lines": [206, 207], "summary": {"covered_lines": 2, "num_statements": 2, "percent_covered": 100.0, "percent_covered_display": "100", "missing_lines": 0, "excluded_lines": 0, "percent_statements_covered": 100.0, "percent_statements_covered_display": "100", "num_branches": 0, "num_partial_branches": 0, "covered_branches": 0, "missing_branches": 0, "percent_branches_covered": 100.0, "percent_branches_covered_display": "100"}, "missing_lines": [], "excluded_lines": [], "start_line": 205, "executed_branches": [], "missing_branches": []}, "_parse_attempt": {"executed_lines": [214, 215, 216, 217, 218, 237, 238], "summary": {"covered_lines": 7, "num_statements": 7, "percent_covered": 100.0, "percent_covered_display": "100", "missing_lines": 0, "excluded_lines": 0, "percent_statements_covered": 100.0, "percent_statements_covered_display": "100", "num_branches": 2, "num_partial_branches": 0, "covered_branches": 2, "missing_branches": 0, "percent_branches_covered": 100.0, "percent_branches_covered_display": "100"}, "missing_lines": [], "excluded_lines": [], "start_line": 213, "executed_branches": [[216, 217], [216, 218]], "missing_branches": []}, "_parse_event": {"executed_lines": [242, 243, 244, 245, 246, 247, 255, 256], "summary": {"covered_lines": 8, "num_statements": 8, "percent_covered": 100.0, "percent_covered_display": "100", "missing_lines": 0, "excluded_lines": 0, "percent_statements_covered": 100.0, "percent_statements_covered_display": "100", "num_branches": 2, "num_partial_branches": 0, "covered_branches": 2, "missing_branches": 0, "percent_branches_covered": 100.0, "percent_branches_covered_display": "100"}, "missing_lines": [], "excluded_lines": [], "start_line": 241, "executed_branches": [[244, 245], [244, 246]], "missing_branches": []}, "checkpoint_from_payload": {"executed_lines": [260, 261, 262, 263, 264, 265, 266, 267, 268, 269, 270, 273, 274, 275, 276, 303, 304, 305, 306, 307], "summary": {"covered_lines": 20, "num_statements": 20, "percent_covered": 100.0, "percent_covered_display": "100", "missing_lines": 0, "excluded_lines": 0, "percent_statements_covered": 100.0, "percent_statements_covered_display": "100", "num_branches": 6, "num_partial_branches": 0, "covered_branches": 6, "missing_branches": 0, "percent_branches_covered": 100.0, "percent_branches_covered_display": "100"}, "missing_lines": [], "excluded_lines": [], "start_line": 259, "executed_branches": [[261, 262], [261, 265], [269, 270], [269, 273], [305, 306], [305, 307]], "missing_branches": []}, "load_checkpoint": {"executed_lines": [311, 312, 313, 314, 315, 316], "summary": {"covered_lines": 6, "num_statements": 6, "percent_covered": 100.0, "percent_covered_display": "100", "missing_lines": 0, "excluded_lines": 0, "percent_statements_covered": 100.0, "percent_statements_covered_display": "100", "num_branches": 0, "num_partial_branches": 0, "covered_branches": 0, "missing_branches": 0, "percent_branches_covered": 100.0, "percent_branches_covered_display": "100"}, "missing_lines": [], "excluded_lines": [], "start_line": 310, "executed_branches": [], "missing_branches": []}, "": {"executed_lines": [3, 5, 6, 7, 8, 9, 10, 12, 13, 21, 36, 49, 50, 53, 69, 80, 108, 112, 148, 155, 161, 167, 173, 179, 185, 192, 205, 213, 241, 259, 310], "summary": {"covered_lines": 31, "num_statements": 31, "percent_covered": 100.0, "percent_covered_display": "100", "missing_lines": 0, "excluded_lines": 0, "percent_statements_covered": 100.0, "percent_statements_covered_display": "100", "num_branches": 0, "num_partial_branches": 0, "covered_branches": 0, "missing_branches": 0, "percent_branches_covered": 100.0, "percent_branches_covered_display": "100"}, "missing_lines": [], "excluded_lines": [], "start_line": 1, "executed_branches": [], "missing_branches": []}}, "classes": {"": {"executed_lines": [3, 5, 6, 7, 8, 9, 10, 12, 13, 21, 36, 49, 50, 53, 54, 69, 70, 80, 81, 108, 109, 112, 113, 114, 115, 116, 117, 118, 121, 122, 123, 124, 125, 126, 127, 128, 129, 130, 131, 138, 139, 141, 142, 143, 148, 149, 150, 151, 152, 155, 156, 157, 158, 161, 162, 163, 164, 167, 168, 169, 170, 173, 174, 175, 176, 179, 180, 181, 182, 185, 186, 187, 188, 189, 192, 193, 194, 195, 196, 197, 202, 205, 206, 207, 213, 214, 215, 216, 217, 218, 237, 238, 241, 242, 243, 244, 245, 246, 247, 255, 256, 259, 260, 261, 262, 263, 264, 265, 266, 267, 268, 269, 270, 273, 274, 275, 276, 303, 304, 305, 306, 307, 310, 311, 312, 313, 314, 315, 316], "summary": {"covered_lines": 129, "num_statements": 136, "percent_covered": 95.18072289156626, "percent_covered_display": "95", "missing_lines": 7, "excluded_lines": 0, "percent_statements_covered": 94.8529411764706, "percent_statements_covered_display": "95", "num_branches": 30, "num_partial_branches": 1, "covered_branches": 29, "missing_branches": 1, "percent_branches_covered": 96.66666666666667, "percent_branches_covered_display": "97"}, "missing_lines": [132, 133, 134, 135, 137, 144, 145], "excluded_lines": [], "start_line": 1, "executed_branches": [[114, 115], [114, 116], [131, 141], [141, -112], [141, 142], [156, 157], [156, 158], [162, 163], [162, 164], [168, 169], [168, 170], [174, 175], [174, 176], [180, 181], [180, 182], [187, 188], [187, 189], [195, 196], [195, 202], [216, 217], [216, 218], [244, 245], [244, 246], [261, 262], [261, 265], [269, 270], [269, 273], [305, 306], [305, 307]], "missing_branches": [[131, 132]]}}}, "src\\quant_pipeline\\cli.py": {"executed_lines": [1, 3, 4, 5, 6, 8, 9, 10, 11, 14, 15, 24, 25, 26, 32, 33, 34, 35, 36, 37, 38, 39, 40, 41, 44, 45, 46, 47, 48, 49, 50, 51, 52, 53, 56, 70, 71, 78, 81, 82, 83, 85, 86, 87, 88, 89, 90, 91, 92, 93, 94, 95, 98, 99, 100, 101, 104], "summary": {"covered_lines": 57, "num_statements": 66, "percent_covered": 78.57142857142857, "percent_covered_display": "79", "missing_lines": 9, "excluded_lines": 0, "percent_statements_covered": 86.36363636363636, "percent_statements_covered_display": "86", "num_branches": 18, "num_partial_branches": 3, "covered_branches": 9, "missing_branches": 9, "percent_branches_covered": 50.0, "percent_branches_covered_display": "50"}, "missing_lines": [27, 28, 29, 73, 74, 75, 76, 77, 105], "excluded_lines": [], "executed_branches": [[24, 25], [35, 36], [35, 50], [36, 37], [36, 39], [50, 51], [50, 53], [70, 71], [104, -1]], "missing_branches": [[24, 27], [27, 28], [27, 29], [70, 73], [73, 74], [73, 78], [76, 73], [76, 77], [104, 105]], "functions": {"_print_v2_result": {"executed_lines": [15, 24, 25, 26], "summary": {"covered_lines": 4, "num_statements": 7, "percent_covered": 45.45454545454545, "percent_covered_display": "45", "missing_lines": 3, "excluded_lines": 0, "percent_statements_covered": 57.142857142857146, "percent_statements_covered_display": "57", "num_branches": 4, "num_partial_branches": 1, "covered_branches": 1, "missing_branches": 3, "percent_branches_covered": 25.0, "percent_branches_covered_display": "25"}, "missing_lines": [27, 28, 29], "excluded_lines": [], "start_line": 14, "executed_branches": [[24, 25]], "missing_branches": [[24, 27], [27, 28], [27, 29]]}, "cmd_run": {"executed_lines": [33, 34, 35, 36, 37, 38, 39, 40, 41, 44, 45, 46, 47, 48, 49, 50, 51, 52, 53, 56, 70, 71, 78], "summary": {"covered_lines": 23, "num_statements": 28, "percent_covered": 75.0, "percent_covered_display": "75", "missing_lines": 5, "excluded_lines": 0, "percent_statements_covered": 82.14285714285714, "percent_statements_covered_display": "82", "num_branches": 12, "num_partial_branches": 1, "covered_branches": 7, "missing_branches": 5, "percent_branches_covered": 58.333333333333336, "percent_branches_covered_display": "58"}, "missing_lines": [73, 74, 75, 76, 77], "excluded_lines": [], "start_line": 32, "executed_branches": [[35, 36], [35, 50], [36, 37], [36, 39], [50, 51], [50, 53], [70, 71]], "missing_branches": [[70, 73], [73, 74], [73, 78], [76, 73], [76, 77]]}, "build_parser": {"executed_lines": [82, 83, 85, 86, 87, 88, 89, 90, 91, 92, 93, 94, 95], "summary": {"covered_lines": 13, "num_statements": 13, "percent_covered": 100.0, "percent_covered_display": "100", "missing_lines": 0, "excluded_lines": 0, "percent_statements_covered": 100.0, "percent_statements_covered_display": "100", "num_branches": 0, "num_partial_branches": 0, "covered_branches": 0, "missing_branches": 0, "percent_branches_covered": 100.0, "percent_branches_covered_display": "100"}, "missing_lines": [], "excluded_lines": [], "start_line": 81, "executed_branches": [], "missing_branches": []}, "main": {"executed_lines": [99, 100, 101], "summary": {"covered_lines": 3, "num_statements": 3, "percent_covered": 100.0, "percent_covered_display": "100", "missing_lines": 0, "excluded_lines": 0, "percent_statements_covered": 100.0, "percent_statements_covered_display": "100", "num_branches": 0, "num_partial_branches": 0, "covered_branches": 0, "missing_branches": 0, "percent_branches_covered": 100.0, "percent_branches_covered_display": "100"}, "missing_lines": [], "excluded_lines": [], "start_line": 98, "executed_branches": [], "missing_branches": []}, "": {"executed_lines": [1, 3, 4, 5, 6, 8, 9, 10, 11, 14, 32, 81, 98, 104], "summary": {"covered_lines": 14, "num_statements": 15, "percent_covered": 88.23529411764706, "percent_covered_display": "88", "missing_lines": 1, "excluded_lines": 0, "percent_statements_covered": 93.33333333333333, "percent_statements_covered_display": "93", "num_branches": 2, "num_partial_branches": 1, "covered_branches": 1, "missing_branches": 1, "percent_branches_covered": 50.0, "percent_branches_covered_display": "50"}, "missing_lines": [105], "excluded_lines": [], "start_line": 1, "executed_branches": [[104, -1]], "missing_branches": [[104, 105]]}}, "classes": {"": {"executed_lines": [1, 3, 4, 5, 6, 8, 9, 10, 11, 14, 15, 24, 25, 26, 32, 33, 34, 35, 36, 37, 38, 39, 40, 41, 44, 45, 46, 47, 48, 49, 50, 51, 52, 53, 56, 70, 71, 78, 81, 82, 83, 85, 86, 87, 88, 89, 90, 91, 92, 93, 94, 95, 98, 99, 100, 101, 104], "summary": {"covered_lines": 57, "num_statements": 66, "percent_covered": 78.57142857142857, "percent_covered_display": "79", "missing_lines": 9, "excluded_lines": 0, "percent_statements_covered": 86.36363636363636, "percent_statements_covered_display": "86", "num_branches": 18, "num_partial_branches": 3, "covered_branches": 9, "missing_branches": 9, "percent_branches_covered": 50.0, "percent_branches_covered_display": "50"}, "missing_lines": [27, 28, 29, 73, 74, 75, 76, 77, 105], "excluded_lines": [], "start_line": 1, "executed_branches": [[24, 25], [35, 36], [35, 50], [36, 37], [36, 39], [50, 51], [50, 53], [70, 71], [104, -1]], "missing_branches": [[24, 27], [27, 28], [27, 29], [70, 73], [73, 74], [73, 78], [76, 73], [76, 77], [104, 105]]}}}, "src\\quant_pipeline\\dag_runner.py": {"executed_lines": [3, 5, 6, 7, 8, 9, 10, 11, 12, 13, 15, 16, 22, 29, 44, 45, 48, 49, 50, 51, 52, 55, 58, 59, 69, 76, 77, 78, 79, 80, 81, 84, 87, 99, 100, 101, 102, 103, 104, 105, 106, 107, 108, 110, 111, 112, 113, 114, 116, 117, 118, 119, 120, 121, 122, 123, 125, 134, 145, 146, 147, 148, 149, 154, 156, 157, 158, 159, 163, 164, 169, 170, 171, 172, 173, 176, 177, 178, 179, 181, 182, 183, 188, 189, 190, 195, 202, 203, 211, 213, 214, 215, 216, 217, 218, 219, 223, 224, 225, 226, 227, 228, 229, 230, 231, 234, 236, 244, 245, 246, 249, 252, 253, 254, 255, 256, 257, 265, 266, 267, 268, 269, 270, 271, 272, 273, 274, 275, 276, 277, 278, 279, 283, 284, 285, 286, 287, 288, 293, 294, 295, 296, 309, 311, 312, 313, 315, 322, 323, 330, 332, 338, 339, 340, 341, 342, 343, 345, 346, 347, 348, 349, 350, 356, 358, 359, 360, 367, 368, 369, 372, 373, 374, 375, 377, 378, 379, 380, 381, 382, 383, 384, 385, 392, 393, 395, 396, 397, 398, 402, 403, 414, 415, 416, 418, 419, 430, 431, 433, 434, 435, 436, 437, 438, 439, 452, 453, 454, 458, 459, 460, 461, 462, 463, 464, 467, 470, 471, 472, 479, 480, 481, 482, 483, 489, 490, 491, 492, 493, 495, 500, 501, 503, 504, 505, 506, 508, 509, 510, 511, 512, 513, 514, 515, 518, 519, 520, 521, 522, 536, 537, 538, 540, 541, 542, 543, 545, 546, 550, 551, 552, 555, 556, 558, 565, 566, 567, 575, 576, 577, 578, 579, 580, 581, 582, 583, 584, 585, 586, 591, 596, 597, 598, 602, 603, 604, 605, 606, 607, 610, 611, 612, 613, 614, 615, 618, 624, 626, 627, 629, 633, 634, 636, 637, 638, 639, 640, 641, 642, 643, 644, 645, 647, 649, 650, 651, 652, 656, 657, 658, 661, 662, 663, 664, 665, 672, 674, 677, 679, 680, 681, 686, 687, 688, 689, 690, 692, 693], "summary": {"covered_lines": 338, "num_statements": 355, "percent_covered": 94.40860215053763, "percent_covered_display": "94", "missing_lines": 17, "excluded_lines": 0, "percent_statements_covered": 95.21126760563381, "percent_statements_covered_display": "95", "num_branches": 110, "num_partial_branches": 9, "covered_branches": 101, "missing_branches": 9, "percent_branches_covered": 91.81818181818181, "percent_branches_covered_display": "92"}, "missing_lines": [150, 151, 232, 233, 399, 400, 401, 544, 553, 554, 599, 625, 628, 646, 648, 653, 678], "excluded_lines": [], "executed_branches": [[77, 78], [77, 79], [79, 80], [79, 81], [99, 100], [99, 101], [112, 113], [112, 114], [158, 159], [158, 163], [163, -156], [163, 164], [171, 172], [171, 177], [172, 173], [172, 176], [216, -213], [216, 217], [218, 216], [218, 219], [252, 253], [252, 255], [253, 252], [253, 254], [276, 277], [276, 293], [349, 350], [349, 358], [358, 359], [377, 378], [377, 395], [396, 397], [396, 418], [435, 436], [435, 437], [437, 438], [437, 439], [459, 460], [459, 495], [461, 462], [461, 463], [467, 470], [467, 481], [481, 482], [481, 491], [492, 459], [492, 493], [505, -503], [505, 506], [512, 513], [512, 514], [514, 515], [514, 518], [519, 520], [519, 521], [541, -540], [541, 542], [543, 545], [545, 541], [545, 546], [546, 545], [546, 550], [555, 546], [555, 556], [575, 576], [575, 577], [578, 579], [578, 580], [584, 585], [584, 586], [596, 597], [596, 598], [598, 602], [603, 604], [603, 611], [604, 605], [604, 606], [607, 603], [607, 610], [611, 612], [611, 626], [614, 615], [614, 618], [624, 611], [627, 629], [629, 633], [629, 634], [639, -636], [639, 640], [640, 641], [640, 642], [645, 647], [647, 649], [650, 651], [650, 662], [652, 656], [657, 658], [657, 661], [662, 663], [662, 664], [677, 679]], "missing_branches": [[358, -332], [543, 544], [598, 599], [624, 625], [627, 628], [645, 646], [647, 648], [652, 653], [677, 678]], "functions": {"_default_executor": {"executed_lines": [59, 69], "summary": {"covered_lines": 2, "num_statements": 2, "percent_covered": 100.0, "percent_covered_display": "100", "missing_lines": 0, "excluded_lines": 0, "percent_statements_covered": 100.0, "percent_statements_covered_display": "100", "num_branches": 0, "num_partial_branches": 0, "covered_branches": 0, "missing_branches": 0, "percent_branches_covered": 100.0, "percent_branches_covered_display": "100"}, "missing_lines": [], "excluded_lines": [], "start_line": 58, "executed_branches": [], "missing_branches": []}, "_exception_stream": {"executed_lines": [77, 78, 79, 80, 81], "summary": {"covered_lines": 5, "num_statements": 5, "percent_covered": 100.0, "percent_covered_display": "100", "missing_lines": 0, "excluded_lines": 0, "percent_statements_covered": 100.0, "percent_statements_covered_display": "100", "num_branches": 4, "num_partial_branches": 0, "covered_branches": 4, "missing_branches": 0, "percent_branches_covered": 100.0, "percent_branches_covered_display": "100"}, "missing_lines": [], "excluded_lines": [], "start_line": 76, "executed_branches": [[77, 78], [77, 79], [79, 80], [79, 81]], "missing_branches": []}, "DagRunner.__init__": {"executed_lines": [99, 100, 101, 102, 103, 104, 105, 106, 107, 108], "summary": {"covered_lines": 10, "num_statements": 10, "percent_covered": 100.0, "percent_covered_display": "100", "missing_lines": 0, "excluded_lines": 0, "percent_statements_covered": 100.0, "percent_statements_covered_display": "100", "num_branches": 2, "num_partial_branches": 0, "covered_branches": 2, "missing_branches": 0, "percent_branches_covered": 100.0, "percent_branches_covered_display": "100"}, "missing_lines": [], "excluded_lines": [], "start_line": 87, "executed_branches": [[99, 100], [99, 101]], "missing_branches": []}, "DagRunner._timestamp": {"executed_lines": [111, 112, 113, 114], "summary": {"covered_lines": 4, "num_statements": 4, "percent_covered": 100.0, "percent_covered_display": "100", "missing_lines": 0, "excluded_lines": 0, "percent_statements_covered": 100.0, "percent_statements_covered_display": "100", "num_branches": 2, "num_partial_branches": 0, "covered_branches": 2, "missing_branches": 0, "percent_branches_covered": 100.0, "percent_branches_covered_display": "100"}, "missing_lines": [], "excluded_lines": [], "start_line": 110, "executed_branches": [[112, 113], [112, 114]], "missing_branches": []}, "DagRunner._runtime_path": {"executed_lines": [118, 119, 120, 121, 122, 123], "summary": {"covered_lines": 6, "num_statements": 6, "percent_covered": 100.0, "percent_covered_display": "100", "missing_lines": 0, "excluded_lines": 0, "percent_statements_covered": 100.0, "percent_statements_covered_display": "100", "num_branches": 0, "num_partial_branches": 0, "covered_branches": 0, "missing_branches": 0, "percent_branches_covered": 100.0, "percent_branches_covered_display": "100"}, "missing_lines": [], "excluded_lines": [], "start_line": 117, "executed_branches": [], "missing_branches": []}, "DagRunner._event": {"executed_lines": [134], "summary": {"covered_lines": 1, "num_statements": 1, "percent_covered": 100.0, "percent_covered_display": "100", "missing_lines": 0, "excluded_lines": 0, "percent_statements_covered": 100.0, "percent_statements_covered_display": "100", "num_branches": 0, "num_partial_branches": 0, "covered_branches": 0, "missing_branches": 0, "percent_branches_covered": 100.0, "percent_branches_covered_display": "100"}, "missing_lines": [], "excluded_lines": [], "start_line": 125, "executed_branches": [], "missing_branches": []}, "DagRunner._artifact_path": {"executed_lines": [147, 148, 149, 154], "summary": {"covered_lines": 4, "num_statements": 6, "percent_covered": 66.66666666666667, "percent_covered_display": "67", "missing_lines": 2, "excluded_lines": 0, "percent_statements_covered": 66.66666666666667, "percent_statements_covered_display": "67", "num_branches": 0, "num_partial_branches": 0, "covered_branches": 0, "missing_branches": 0, "percent_branches_covered": 100.0, "percent_branches_covered_display": "100"}, "missing_lines": [150, 151], "excluded_lines": [], "start_line": 146, "executed_branches": [], "missing_branches": []}, "DagRunner._check_hash": {"executed_lines": [158, 159, 163, 164], "summary": {"covered_lines": 4, "num_statements": 4, "percent_covered": 100.0, "percent_covered_display": "100", "missing_lines": 0, "excluded_lines": 0, "percent_statements_covered": 100.0, "percent_statements_covered_display": "100", "num_branches": 4, "num_partial_branches": 0, "covered_branches": 4, "missing_branches": 0, "percent_branches_covered": 100.0, "percent_branches_covered_display": "100"}, "missing_lines": [], "excluded_lines": [], "start_line": 157, "executed_branches": [[158, 159], [158, 163], [163, -156], [163, 164]], "missing_branches": []}, "DagRunner._hash_artifact": {"executed_lines": [170, 171, 172, 173, 176, 177, 178, 179], "summary": {"covered_lines": 8, "num_statements": 8, "percent_covered": 100.0, "percent_covered_display": "100", "missing_lines": 0, "excluded_lines": 0, "percent_statements_covered": 100.0, "percent_statements_covered_display": "100", "num_branches": 4, "num_partial_branches": 0, "covered_branches": 4, "missing_branches": 0, "percent_branches_covered": 100.0, "percent_branches_covered_display": "100"}, "missing_lines": [], "excluded_lines": [], "start_line": 169, "executed_branches": [[171, 172], [171, 177], [172, 173], [172, 176]], "missing_branches": []}, "DagRunner._collect_input_hashes": {"executed_lines": [182, 183], "summary": {"covered_lines": 2, "num_statements": 2, "percent_covered": 100.0, "percent_covered_display": "100", "missing_lines": 0, "excluded_lines": 0, "percent_statements_covered": 100.0, "percent_statements_covered_display": "100", "num_branches": 0, "num_partial_branches": 0, "covered_branches": 0, "missing_branches": 0, "percent_branches_covered": 100.0, "percent_branches_covered_display": "100"}, "missing_lines": [], "excluded_lines": [], "start_line": 181, "executed_branches": [], "missing_branches": []}, "DagRunner._collect_output_hashes": {"executed_lines": [189, 190], "summary": {"covered_lines": 2, "num_statements": 2, "percent_covered": 100.0, "percent_covered_display": "100", "missing_lines": 0, "excluded_lines": 0, "percent_statements_covered": 100.0, "percent_statements_covered_display": "100", "num_branches": 0, "num_partial_branches": 0, "covered_branches": 0, "missing_branches": 0, "percent_branches_covered": 100.0, "percent_branches_covered_display": "100"}, "missing_lines": [], "excluded_lines": [], "start_line": 188, "executed_branches": [], "missing_branches": []}, "DagRunner._idempotency_key": {"executed_lines": [202, 203, 211], "summary": {"covered_lines": 3, "num_statements": 3, "percent_covered": 100.0, "percent_covered_display": "100", "missing_lines": 0, "excluded_lines": 0, "percent_statements_covered": 100.0, "percent_statements_covered_display": "100", "num_branches": 0, "num_partial_branches": 0, "covered_branches": 0, "missing_branches": 0, "percent_branches_covered": 100.0, "percent_branches_covered_display": "100"}, "missing_lines": [], "excluded_lines": [], "start_line": 195, "executed_branches": [], "missing_branches": []}, "DagRunner._ensure_fresh_output_paths": {"executed_lines": [215, 216, 217, 218, 219], "summary": {"covered_lines": 5, "num_statements": 5, "percent_covered": 100.0, "percent_covered_display": "100", "missing_lines": 0, "excluded_lines": 0, "percent_statements_covered": 100.0, "percent_statements_covered_display": "100", "num_branches": 4, "num_partial_branches": 0, "covered_branches": 4, "missing_branches": 0, "percent_branches_covered": 100.0, "percent_branches_covered_display": "100"}, "missing_lines": [], "excluded_lines": [], "start_line": 214, "executed_branches": [[216, -213], [216, 217], [218, 216], [218, 219]], "missing_branches": []}, "DagRunner._write_log": {"executed_lines": [225, 226, 227, 228, 229, 230, 231, 234], "summary": {"covered_lines": 8, "num_statements": 10, "percent_covered": 80.0, "percent_covered_display": "80", "missing_lines": 2, "excluded_lines": 0, "percent_statements_covered": 80.0, "percent_statements_covered_display": "80", "num_branches": 0, "num_partial_branches": 0, "covered_branches": 0, "missing_branches": 0, "percent_branches_covered": 100.0, "percent_branches_covered_display": "100"}, "missing_lines": [232, 233], "excluded_lines": [], "start_line": 224, "executed_branches": [], "missing_branches": []}, "DagRunner._attempt": {"executed_lines": [244, 245, 246, 249, 252, 253, 254, 255, 256, 257, 265, 266, 267, 268, 269, 270, 271, 272, 273, 274, 275, 276, 277, 278, 279, 283, 284, 285, 286, 287, 288, 293, 294, 295, 296, 309], "summary": {"covered_lines": 36, "num_statements": 36, "percent_covered": 100.0, "percent_covered_display": "100", "missing_lines": 0, "excluded_lines": 0, "percent_statements_covered": 100.0, "percent_statements_covered_display": "100", "num_branches": 6, "num_partial_branches": 0, "covered_branches": 6, "missing_branches": 0, "percent_branches_covered": 100.0, "percent_branches_covered_display": "100"}, "missing_lines": [], "excluded_lines": [], "start_line": 236, "executed_branches": [[252, 253], [252, 255], [253, 252], [253, 254], [276, 277], [276, 293]], "missing_branches": []}, "DagRunner._write_checkpoint": {"executed_lines": [312, 313], "summary": {"covered_lines": 2, "num_statements": 2, "percent_covered": 100.0, "percent_covered_display": "100", "missing_lines": 0, "excluded_lines": 0, "percent_statements_covered": 100.0, "percent_statements_covered_display": "100", "num_branches": 0, "num_partial_branches": 0, "covered_branches": 0, "missing_branches": 0, "percent_branches_covered": 100.0, "percent_branches_covered_display": "100"}, "missing_lines": [], "excluded_lines": [], "start_line": 311, "executed_branches": [], "missing_branches": []}, "DagRunner._mark_contract_failure": {"executed_lines": [322, 323, 330], "summary": {"covered_lines": 3, "num_statements": 3, "percent_covered": 100.0, "percent_covered_display": "100", "missing_lines": 0, "excluded_lines": 0, "percent_statements_covered": 100.0, "percent_statements_covered_display": "100", "num_branches": 0, "num_partial_branches": 0, "covered_branches": 0, "missing_branches": 0, "percent_branches_covered": 100.0, "percent_branches_covered_display": "100"}, "missing_lines": [], "excluded_lines": [], "start_line": 315, "executed_branches": [], "missing_branches": []}, "DagRunner._execute_step": {"executed_lines": [338, 339, 340, 341, 342, 343, 345, 346, 347, 348, 349, 350, 356, 358, 359, 360, 367, 368, 369, 372, 373, 374, 375, 377, 378, 379, 380, 381, 382, 383, 384, 385, 392, 393, 395, 396, 397, 398, 402, 403, 414, 415, 416, 418, 419, 430, 431], "summary": {"covered_lines": 47, "num_statements": 50, "percent_covered": 93.10344827586206, "percent_covered_display": "93", "missing_lines": 3, "excluded_lines": 0, "percent_statements_covered": 94.0, "percent_statements_covered_display": "94", "num_branches": 8, "num_partial_branches": 1, "covered_branches": 7, "missing_branches": 1, "percent_branches_covered": 87.5, "percent_branches_covered_display": "88"}, "missing_lines": [399, 400, 401], "excluded_lines": [], "start_line": 332, "executed_branches": [[349, 350], [349, 358], [358, 359], [377, 378], [377, 395], [396, 397], [396, 418]], "missing_branches": [[358, -332]]}, "DagRunner._result": {"executed_lines": [434, 435, 436, 437, 438, 439], "summary": {"covered_lines": 6, "num_statements": 6, "percent_covered": 100.0, "percent_covered_display": "100", "missing_lines": 0, "excluded_lines": 0, "percent_statements_covered": 100.0, "percent_statements_covered_display": "100", "num_branches": 4, "num_partial_branches": 0, "covered_branches": 4, "missing_branches": 0, "percent_branches_covered": 100.0, "percent_branches_covered_display": "100"}, "missing_lines": [], "excluded_lines": [], "start_line": 433, "executed_branches": [[435, 436], [435, 437], [437, 438], [437, 439]], "missing_branches": []}, "DagRunner._execute": {"executed_lines": [453, 454, 458, 459, 460, 461, 462, 463, 464, 467, 470, 471, 472, 479, 480, 481, 482, 483, 489, 490, 491, 492, 493, 495, 500, 501], "summary": {"covered_lines": 26, "num_statements": 26, "percent_covered": 100.0, "percent_covered_display": "100", "missing_lines": 0, "excluded_lines": 0, "percent_statements_covered": 100.0, "percent_statements_covered_display": "100", "num_branches": 10, "num_partial_branches": 0, "covered_branches": 10, "missing_branches": 0, "percent_branches_covered": 100.0, "percent_branches_covered_display": "100"}, "missing_lines": [], "excluded_lines": [], "start_line": 452, "executed_branches": [[459, 460], [459, 495], [461, 462], [461, 463], [467, 470], [467, 481], [481, 482], [481, 491], [492, 459], [492, 493]], "missing_branches": []}, "DagRunner._validate_run_id": {"executed_lines": [505, 506], "summary": {"covered_lines": 2, "num_statements": 2, "percent_covered": 100.0, "percent_covered_display": "100", "missing_lines": 0, "excluded_lines": 0, "percent_statements_covered": 100.0, "percent_statements_covered_display": "100", "num_branches": 2, "num_partial_branches": 0, "covered_branches": 2, "missing_branches": 0, "percent_branches_covered": 100.0, "percent_branches_covered_display": "100"}, "missing_lines": [], "excluded_lines": [], "start_line": 504, "executed_branches": [[505, -503], [505, 506]], "missing_branches": []}, "DagRunner.run": {"executed_lines": [509, 510, 511, 512, 513, 514, 515, 518, 519, 520, 521, 522, 536, 537, 538], "summary": {"covered_lines": 15, "num_statements": 15, "percent_covered": 100.0, "percent_covered_display": "100", "missing_lines": 0, "excluded_lines": 0, "percent_statements_covered": 100.0, "percent_statements_covered_display": "100", "num_branches": 6, "num_partial_branches": 0, "covered_branches": 6, "missing_branches": 0, "percent_branches_covered": 100.0, "percent_branches_covered_display": "100"}, "missing_lines": [], "excluded_lines": [], "start_line": 508, "executed_branches": [[512, 513], [512, 514], [514, 515], [514, 518], [519, 520], [519, 521]], "missing_branches": []}, "DagRunner._verify_attempt_logs": {"executed_lines": [541, 542, 543, 545, 546, 550, 551, 552, 555, 556], "summary": {"covered_lines": 10, "num_statements": 13, "percent_covered": 82.6086956521739, "percent_covered_display": "83", "missing_lines": 3, "excluded_lines": 0, "percent_statements_covered": 76.92307692307692, "percent_statements_covered_display": "77", "num_branches": 10, "num_partial_branches": 1, "covered_branches": 9, "missing_branches": 1, "percent_branches_covered": 90.0, "percent_branches_covered_display": "90"}, "missing_lines": [544, 553, 554], "excluded_lines": [], "start_line": 540, "executed_branches": [[541, -540], [541, 542], [543, 545], [545, 541], [545, 546], [546, 545], [546, 550], [555, 546], [555, 556]], "missing_branches": [[543, 544]]}, "DagRunner._validate_checkpoint": {"executed_lines": [565, 566, 567, 575, 576, 577, 578, 579, 580, 581, 582, 583, 584, 585, 586, 591, 596, 597, 598, 602, 603, 604, 605, 606, 607, 610, 611, 612, 613, 614, 615, 618, 624, 626, 627, 629, 633, 634], "summary": {"covered_lines": 38, "num_statements": 41, "percent_covered": 91.04477611940298, "percent_covered_display": "91", "missing_lines": 3, "excluded_lines": 0, "percent_statements_covered": 92.6829268292683, "percent_statements_covered_display": "93", "num_branches": 26, "num_partial_branches": 3, "covered_branches": 23, "missing_branches": 3, "percent_branches_covered": 88.46153846153847, "percent_branches_covered_display": "88"}, "missing_lines": [599, 625, 628], "excluded_lines": [], "start_line": 558, "executed_branches": [[575, 576], [575, 577], [578, 579], [578, 580], [584, 585], [584, 586], [596, 597], [596, 598], [598, 602], [603, 604], [603, 611], [604, 605], [604, 606], [607, 603], [607, 610], [611, 612], [611, 626], [614, 615], [614, 618], [624, 611], [627, 629], [629, 633], [629, 634]], "missing_branches": [[598, 599], [624, 625], [627, 628]]}, "DagRunner._cache_completed_steps": {"executed_lines": [637, 638, 639, 640, 641, 642, 643, 644, 645, 647, 649, 650, 651, 652, 656, 657, 658, 661, 662, 663, 664, 665, 672], "summary": {"covered_lines": 23, "num_statements": 26, "percent_covered": 85.71428571428571, "percent_covered_display": "86", "missing_lines": 3, "excluded_lines": 0, "percent_statements_covered": 88.46153846153847, "percent_statements_covered_display": "88", "num_branches": 16, "num_partial_branches": 3, "covered_branches": 13, "missing_branches": 3, "percent_branches_covered": 81.25, "percent_branches_covered_display": "81"}, "missing_lines": [646, 648, 653], "excluded_lines": [], "start_line": 636, "executed_branches": [[639, -636], [639, 640], [640, 641], [640, 642], [645, 647], [647, 649], [650, 651], [650, 662], [652, 656], [657, 658], [657, 661], [662, 663], [662, 664]], "missing_branches": [[645, 646], [647, 648], [652, 653]]}, "DagRunner._resume": {"executed_lines": [677, 679, 680, 681, 686, 687, 688, 689, 690], "summary": {"covered_lines": 9, "num_statements": 10, "percent_covered": 83.33333333333333, "percent_covered_display": "83", "missing_lines": 1, "excluded_lines": 0, "percent_statements_covered": 90.0, "percent_statements_covered_display": "90", "num_branches": 2, "num_partial_branches": 1, "covered_branches": 1, "missing_branches": 1, "percent_branches_covered": 50.0, "percent_branches_covered_display": "50"}, "missing_lines": [678], "excluded_lines": [], "start_line": 674, "executed_branches": [[677, 679]], "missing_branches": [[677, 678]]}, "DagRunner.resume": {"executed_lines": [693], "summary": {"covered_lines": 1, "num_statements": 1, "percent_covered": 100.0, "percent_covered_display": "100", "missing_lines": 0, "excluded_lines": 0, "percent_statements_covered": 100.0, "percent_statements_covered_display": "100", "num_branches": 0, "num_partial_branches": 0, "covered_branches": 0, "missing_branches": 0, "percent_branches_covered": 100.0, "percent_branches_covered_display": "100"}, "missing_lines": [], "excluded_lines": [], "start_line": 692, "executed_branches": [], "missing_branches": []}, "": {"executed_lines": [3, 5, 6, 7, 8, 9, 10, 11, 12, 13, 15, 16, 22, 29, 44, 45, 48, 49, 50, 51, 52, 55, 58, 76, 84, 87, 110, 116, 117, 125, 145, 146, 156, 157, 169, 181, 188, 195, 213, 214, 223, 224, 236, 311, 315, 332, 433, 452, 503, 504, 508, 540, 558, 636, 674, 692], "summary": {"covered_lines": 56, "num_statements": 56, "percent_covered": 100.0, "percent_covered_display": "100", "missing_lines": 0, "excluded_lines": 0, "percent_statements_covered": 100.0, "percent_statements_covered_display": "100", "num_branches": 0, "num_partial_branches": 0, "covered_branches": 0, "missing_branches": 0, "percent_branches_covered": 100.0, "percent_branches_covered_display": "100"}, "missing_lines": [], "excluded_lines": [], "start_line": 1, "executed_branches": [], "missing_branches": []}}, "classes": {"ExecutionOutcome": {"executed_lines": [], "summary": {"covered_lines": 0, "num_statements": 0, "percent_covered": 100.0, "percent_covered_display": "100", "missing_lines": 0, "excluded_lines": 0, "percent_statements_covered": 100.0, "percent_statements_covered_display": "100", "num_branches": 0, "num_partial_branches": 0, "covered_branches": 0, "missing_branches": 0, "percent_branches_covered": 100.0, "percent_branches_covered_display": "100"}, "missing_lines": [], "excluded_lines": [], "start_line": 49, "executed_branches": [], "missing_branches": []}, "DagRunner": {"executed_lines": [99, 100, 101, 102, 103, 104, 105, 106, 107, 108, 111, 112, 113, 114, 118, 119, 120, 121, 122, 123, 134, 147, 148, 149, 154, 158, 159, 163, 164, 170, 171, 172, 173, 176, 177, 178, 179, 182, 183, 189, 190, 202, 203, 211, 215, 216, 217, 218, 219, 225, 226, 227, 228, 229, 230, 231, 234, 244, 245, 246, 249, 252, 253, 254, 255, 256, 257, 265, 266, 267, 268, 269, 270, 271, 272, 273, 274, 275, 276, 277, 278, 279, 283, 284, 285, 286, 287, 288, 293, 294, 295, 296, 309, 312, 313, 322, 323, 330, 338, 339, 340, 341, 342, 343, 345, 346, 347, 348, 349, 350, 356, 358, 359, 360, 367, 368, 369, 372, 373, 374, 375, 377, 378, 379, 380, 381, 382, 383, 384, 385, 392, 393, 395, 396, 397, 398, 402, 403, 414, 415, 416, 418, 419, 430, 431, 434, 435, 436, 437, 438, 439, 453, 454, 458, 459, 460, 461, 462, 463, 464, 467, 470, 471, 472, 479, 480, 481, 482, 483, 489, 490, 491, 492, 493, 495, 500, 501, 505, 506, 509, 510, 511, 512, 513, 514, 515, 518, 519, 520, 521, 522, 536, 537, 538, 541, 542, 543, 545, 546, 550, 551, 552, 555, 556, 565, 566, 567, 575, 576, 577, 578, 579, 580, 581, 582, 583, 584, 585, 586, 591, 596, 597, 598, 602, 603, 604, 605, 606, 607, 610, 611, 612, 613, 614, 615, 618, 624, 626, 627, 629, 633, 634, 637, 638, 639, 640, 641, 642, 643, 644, 645, 647, 649, 650, 651, 652, 656, 657, 658, 661, 662, 663, 664, 665, 672, 677, 679, 680, 681, 686, 687, 688, 689, 690, 693], "summary": {"covered_lines": 275, "num_statements": 292, "percent_covered": 93.46733668341709, "percent_covered_display": "93", "missing_lines": 17, "excluded_lines": 0, "percent_statements_covered": 94.17808219178082, "percent_statements_covered_display": "94", "num_branches": 106, "num_partial_branches": 9, "covered_branches": 97, "missing_branches": 9, "percent_branches_covered": 91.50943396226415, "percent_branches_covered_display": "92"}, "missing_lines": [150, 151, 232, 233, 399, 400, 401, 544, 553, 554, 599, 625, 628, 646, 648, 653, 678], "excluded_lines": [], "start_line": 84, "executed_branches": [[99, 100], [99, 101], [112, 113], [112, 114], [158, 159], [158, 163], [163, -156], [163, 164], [171, 172], [171, 177], [172, 173], [172, 176], [216, -213], [216, 217], [218, 216], [218, 219], [252, 253], [252, 255], [253, 252], [253, 254], [276, 277], [276, 293], [349, 350], [349, 358], [358, 359], [377, 378], [377, 395], [396, 397], [396, 418], [435, 436], [435, 437], [437, 438], [437, 439], [459, 460], [459, 495], [461, 462], [461, 463], [467, 470], [467, 481], [481, 482], [481, 491], [492, 459], [492, 493], [505, -503], [505, 506], [512, 513], [512, 514], [514, 515], [514, 518], [519, 520], [519, 521], [541, -540], [541, 542], [543, 545], [545, 541], [545, 546], [546, 545], [546, 550], [555, 546], [555, 556], [575, 576], [575, 577], [578, 579], [578, 580], [584, 585], [584, 586], [596, 597], [596, 598], [598, 602], [603, 604], [603, 611], [604, 605], [604, 606], [607, 603], [607, 610], [611, 612], [611, 626], [614, 615], [614, 618], [624, 611], [627, 629], [629, 633], [629, 634], [639, -636], [639, 640], [640, 641], [640, 642], [645, 647], [647, 649], [650, 651], [650, 662], [652, 656], [657, 658], [657, 661], [662, 663], [662, 664], [677, 679]], "missing_branches": [[358, -332], [543, 544], [598, 599], [624, 625], [627, 628], [645, 646], [647, 648], [652, 653], [677, 678]]}, "": {"executed_lines": [3, 5, 6, 7, 8, 9, 10, 11, 12, 13, 15, 16, 22, 29, 44, 45, 48, 49, 50, 51, 52, 55, 58, 59, 69, 76, 77, 78, 79, 80, 81, 84, 87, 110, 116, 117, 125, 145, 146, 156, 157, 169, 181, 188, 195, 213, 214, 223, 224, 236, 311, 315, 332, 433, 452, 503, 504, 508, 540, 558, 636, 674, 692], "summary": {"covered_lines": 63, "num_statements": 63, "percent_covered": 100.0, "percent_covered_display": "100", "missing_lines": 0, "excluded_lines": 0, "percent_statements_covered": 100.0, "percent_statements_covered_display": "100", "num_branches": 4, "num_partial_branches": 0, "covered_branches": 4, "missing_branches": 0, "percent_branches_covered": 100.0, "percent_branches_covered_display": "100"}, "missing_lines": [], "excluded_lines": [], "start_line": 1, "executed_branches": [[77, 78], [77, 79], [79, 80], [79, 81]], "missing_branches": []}}}, "src\\quant_pipeline\\dag_schema.py": {"executed_lines": [3, 5, 6, 7, 8, 9, 10, 11, 13, 15, 16, 27, 28, 29, 39, 50, 61, 67, 70, 71, 73, 76, 77, 78, 79, 82, 83, 84, 85, 88, 89, 90, 91, 94, 95, 97, 98, 99, 100, 103, 104, 106, 109, 110, 111, 112, 115, 116, 121, 122, 123, 124, 127, 128, 129, 133, 134, 135, 136, 137, 138, 139, 140, 141, 142, 144, 147, 148, 149, 150, 151, 157, 158, 166, 167, 168, 169, 170, 171, 186, 187, 188, 189, 190, 191, 192, 197, 198, 204, 217, 219, 220, 221, 224, 225, 226, 227, 228, 229, 231, 232, 233, 234, 235, 236, 244, 249, 253, 257, 270, 271, 274, 276, 277, 278, 279, 280, 281, 282, 283, 284, 285, 286, 287, 288, 289, 290, 291, 292, 293, 294, 295, 296, 297, 300, 304, 306, 307, 309, 311, 312, 313, 314, 316, 317, 318, 319, 320, 321, 322, 323, 324, 325, 326, 327, 329, 330, 331, 332, 333, 335, 336, 337, 338, 339, 340, 341, 345, 346, 351, 356, 357, 362, 363, 364, 365, 366, 367, 368, 369, 370, 371, 377, 378, 379, 380, 381, 382, 383, 384, 385, 386, 391, 392, 393, 399, 405, 406, 407, 408, 409, 410, 411, 412, 413, 414, 415, 416, 420, 421, 424, 425, 426, 429, 430, 431, 432, 433, 434, 438, 439, 440, 446, 447, 448, 451, 452, 465, 466, 467, 488, 489, 490, 507, 508, 511, 512], "summary": {"covered_lines": 237, "num_statements": 249, "percent_covered": 93.73297002724796, "percent_covered_display": "94", "missing_lines": 12, "excluded_lines": 0, "percent_statements_covered": 95.18072289156626, "percent_statements_covered_display": "95", "num_branches": 118, "num_partial_branches": 11, "covered_branches": 107, "missing_branches": 11, "percent_branches_covered": 90.67796610169492, "percent_branches_covered_display": "91"}, "missing_lines": [72, 96, 105, 130, 143, 222, 223, 310, 334, 427, 428, 436], "excluded_lines": [], "executed_branches": [[71, 73], [77, 78], [77, 79], [83, 84], [83, 85], [89, 90], [89, 91], [95, 97], [98, 99], [98, 100], [104, 106], [110, 111], [110, 112], [123, -121], [123, 124], [129, -127], [135, 136], [142, 144], [189, 190], [189, 191], [228, 229], [228, 231], [233, 234], [277, 278], [277, 279], [281, 282], [281, 287], [282, 281], [282, 283], [283, 284], [283, 285], [290, 291], [290, 297], [293, 290], [293, 294], [295, 296], [309, 311], [318, 319], [318, 320], [320, 321], [320, 322], [322, 323], [322, 324], [329, 330], [329, 377], [331, 332], [331, 333], [333, 335], [335, 336], [335, 337], [337, 338], [337, 339], [339, 340], [339, 341], [341, 345], [341, 351], [345, 341], [345, 346], [351, 356], [351, 362], [356, 351], [356, 357], [362, 363], [362, 364], [364, 365], [364, 367], [365, 364], [365, 366], [367, 368], [367, 370], [368, 367], [368, 369], [370, 329], [370, 371], [379, 380], [379, 405], [380, 381], [380, 391], [383, 384], [385, 380], [385, 386], [391, 379], [391, 392], [393, 391], [393, 399], [405, 406], [405, 438], [407, 408], [407, 409], [409, 410], [409, 411], [412, 413], [412, 414], [414, 415], [414, 416], [416, 420], [416, 424], [420, 416], [420, 421], [429, 430], [429, 431], [438, 439], [438, 446], [439, 438], [439, 440], [446, 447], [446, 448]], "missing_branches": [[71, 72], [95, 96], [104, 105], [129, 130], [135, 137], [142, 143], [233, 235], [295, 293], [309, 310], [333, 334], [383, 380]], "functions": {"_mapping": {"executed_lines": [71, 73], "summary": {"covered_lines": 2, "num_statements": 3, "percent_covered": 60.0, "percent_covered_display": "60", "missing_lines": 1, "excluded_lines": 0, "percent_statements_covered": 66.66666666666667, "percent_statements_covered_display": "67", "num_branches": 2, "num_partial_branches": 1, "covered_branches": 1, "missing_branches": 1, "percent_branches_covered": 50.0, "percent_branches_covered_display": "50"}, "missing_lines": [72], "excluded_lines": [], "start_line": 70, "executed_branches": [[71, 73]], "missing_branches": [[71, 72]]}, "_list": {"executed_lines": [77, 78, 79], "summary": {"covered_lines": 3, "num_statements": 3, "percent_covered": 100.0, "percent_covered_display": "100", "missing_lines": 0, "excluded_lines": 0, "percent_statements_covered": 100.0, "percent_statements_covered_display": "100", "num_branches": 2, "num_partial_branches": 0, "covered_branches": 2, "missing_branches": 0, "percent_branches_covered": 100.0, "percent_branches_covered_display": "100"}, "missing_lines": [], "excluded_lines": [], "start_line": 76, "executed_branches": [[77, 78], [77, 79]], "missing_branches": []}, "_string": {"executed_lines": [83, 84, 85], "summary": {"covered_lines": 3, "num_statements": 3, "percent_covered": 100.0, "percent_covered_display": "100", "missing_lines": 0, "excluded_lines": 0, "percent_statements_covered": 100.0, "percent_statements_covered_display": "100", "num_branches": 2, "num_partial_branches": 0, "covered_branches": 2, "missing_branches": 0, "percent_branches_covered": 100.0, "percent_branches_covered_display": "100"}, "missing_lines": [], "excluded_lines": [], "start_line": 82, "executed_branches": [[83, 84], [83, 85]], "missing_branches": []}, "_bool": {"executed_lines": [89, 90, 91], "summary": {"covered_lines": 3, "num_statements": 3, "percent_covered": 100.0, "percent_covered_display": "100", "missing_lines": 0, "excluded_lines": 0, "percent_statements_covered": 100.0, "percent_statements_covered_display": "100", "num_branches": 2, "num_partial_branches": 0, "covered_branches": 2, "missing_branches": 0, "percent_branches_covered": 100.0, "percent_branches_covered_display": "100"}, "missing_lines": [], "excluded_lines": [], "start_line": 88, "executed_branches": [[89, 90], [89, 91]], "missing_branches": []}, "_number": {"executed_lines": [95, 97, 98, 99, 100], "summary": {"covered_lines": 5, "num_statements": 6, "percent_covered": 80.0, "percent_covered_display": "80", "missing_lines": 1, "excluded_lines": 0, "percent_statements_covered": 83.33333333333333, "percent_statements_covered_display": "83", "num_branches": 4, "num_partial_branches": 1, "covered_branches": 3, "missing_branches": 1, "percent_branches_covered": 75.0, "percent_branches_covered_display": "75"}, "missing_lines": [96], "excluded_lines": [], "start_line": 94, "executed_branches": [[95, 97], [98, 99], [98, 100]], "missing_branches": [[95, 96]]}, "_integer": {"executed_lines": [104, 106], "summary": {"covered_lines": 2, "num_statements": 3, "percent_covered": 60.0, "percent_covered_display": "60", "missing_lines": 1, "excluded_lines": 0, "percent_statements_covered": 66.66666666666667, "percent_statements_covered_display": "67", "num_branches": 2, "num_partial_branches": 1, "covered_branches": 1, "missing_branches": 1, "percent_branches_covered": 50.0, "percent_branches_covered_display": "50"}, "missing_lines": [105], "excluded_lines": [], "start_line": 103, "executed_branches": [[104, 106]], "missing_branches": [[104, 105]]}, "_optional_string": {"executed_lines": [110, 111, 112], "summary": {"covered_lines": 3, "num_statements": 3, "percent_covered": 100.0, "percent_covered_display": "100", "missing_lines": 0, "excluded_lines": 0, "percent_statements_covered": 100.0, "percent_statements_covered_display": "100", "num_branches": 2, "num_partial_branches": 0, "covered_branches": 2, "missing_branches": 0, "percent_branches_covered": 100.0, "percent_branches_covered_display": "100"}, "missing_lines": [], "excluded_lines": [], "start_line": 109, "executed_branches": [[110, 111], [110, 112]], "missing_branches": []}, "_string_tuple": {"executed_lines": [116], "summary": {"covered_lines": 1, "num_statements": 1, "percent_covered": 100.0, "percent_covered_display": "100", "missing_lines": 0, "excluded_lines": 0, "percent_statements_covered": 100.0, "percent_statements_covered_display": "100", "num_branches": 0, "num_partial_branches": 0, "covered_branches": 0, "missing_branches": 0, "percent_branches_covered": 100.0, "percent_branches_covered_display": "100"}, "missing_lines": [], "excluded_lines": [], "start_line": 115, "executed_branches": [], "missing_branches": []}, "_reject_unknown_keys": {"executed_lines": [122, 123, 124], "summary": {"covered_lines": 3, "num_statements": 3, "percent_covered": 100.0, "percent_covered_display": "100", "missing_lines": 0, "excluded_lines": 0, "percent_statements_covered": 100.0, "percent_statements_covered_display": "100", "num_branches": 2, "num_partial_branches": 0, "covered_branches": 2, "missing_branches": 0, "percent_branches_covered": 100.0, "percent_branches_covered_display": "100"}, "missing_lines": [], "excluded_lines": [], "start_line": 121, "executed_branches": [[123, -121], [123, 124]], "missing_branches": []}, "_required": {"executed_lines": [128, 129], "summary": {"covered_lines": 2, "num_statements": 3, "percent_covered": 60.0, "percent_covered_display": "60", "missing_lines": 1, "excluded_lines": 0, "percent_statements_covered": 66.66666666666667, "percent_statements_covered_display": "67", "num_branches": 2, "num_partial_branches": 1, "covered_branches": 1, "missing_branches": 1, "percent_branches_covered": 50.0, "percent_branches_covered_display": "50"}, "missing_lines": [130], "excluded_lines": [], "start_line": 127, "executed_branches": [[129, -127]], "missing_branches": [[129, 130]]}, "_normalize_path": {"executed_lines": [134, 135, 136, 137, 138, 139, 140, 141, 142, 144], "summary": {"covered_lines": 10, "num_statements": 11, "percent_covered": 80.0, "percent_covered_display": "80", "missing_lines": 1, "excluded_lines": 0, "percent_statements_covered": 90.9090909090909, "percent_statements_covered_display": "91", "num_branches": 4, "num_partial_branches": 2, "covered_branches": 2, "missing_branches": 2, "percent_branches_covered": 50.0, "percent_branches_covered_display": "50"}, "missing_lines": [143], "excluded_lines": [], "start_line": 133, "executed_branches": [[135, 136], [142, 144]], "missing_branches": [[135, 137], [142, 143]]}, "_parse_retry": {"executed_lines": [148, 149, 150, 151, 157, 158], "summary": {"covered_lines": 6, "num_statements": 6, "percent_covered": 100.0, "percent_covered_display": "100", "missing_lines": 0, "excluded_lines": 0, "percent_statements_covered": 100.0, "percent_statements_covered_display": "100", "num_branches": 0, "num_partial_branches": 0, "covered_branches": 0, "missing_branches": 0, "percent_branches_covered": 100.0, "percent_branches_covered_display": "100"}, "missing_lines": [], "excluded_lines": [], "start_line": 147, "executed_branches": [], "missing_branches": []}, "_parse_artifact": {"executed_lines": [167, 168, 169, 170, 171], "summary": {"covered_lines": 5, "num_statements": 5, "percent_covered": 100.0, "percent_covered_display": "100", "missing_lines": 0, "excluded_lines": 0, "percent_statements_covered": 100.0, "percent_statements_covered_display": "100", "num_branches": 0, "num_partial_branches": 0, "covered_branches": 0, "missing_branches": 0, "percent_branches_covered": 100.0, "percent_branches_covered_display": "100"}, "missing_lines": [], "excluded_lines": [], "start_line": 166, "executed_branches": [], "missing_branches": []}, "_parse_step": {"executed_lines": [187, 188, 189, 190, 191, 192, 197, 198, 204], "summary": {"covered_lines": 9, "num_statements": 9, "percent_covered": 100.0, "percent_covered_display": "100", "missing_lines": 0, "excluded_lines": 0, "percent_statements_covered": 100.0, "percent_statements_covered_display": "100", "num_branches": 2, "num_partial_branches": 0, "covered_branches": 2, "missing_branches": 0, "percent_branches_covered": 100.0, "percent_branches_covered_display": "100"}, "missing_lines": [], "excluded_lines": [], "start_line": 186, "executed_branches": [[189, 190], [189, 191]], "missing_branches": []}, "load_pipeline_spec": {"executed_lines": [219, 220, 221, 224, 225, 226, 227, 228, 229, 231, 232, 233, 234, 235, 236, 244, 249, 253, 257], "summary": {"covered_lines": 19, "num_statements": 21, "percent_covered": 88.0, "percent_covered_display": "88", "missing_lines": 2, "excluded_lines": 0, "percent_statements_covered": 90.47619047619048, "percent_statements_covered_display": "90", "num_branches": 4, "num_partial_branches": 1, "covered_branches": 3, "missing_branches": 1, "percent_branches_covered": 75.0, "percent_branches_covered_display": "75"}, "missing_lines": [222, 223], "excluded_lines": [], "start_line": 217, "executed_branches": [[228, 229], [228, 231], [233, 234]], "missing_branches": [[233, 235]]}, "_duplicates": {"executed_lines": [271], "summary": {"covered_lines": 1, "num_statements": 1, "percent_covered": 100.0, "percent_covered_display": "100", "missing_lines": 0, "excluded_lines": 0, "percent_statements_covered": 100.0, "percent_statements_covered_display": "100", "num_branches": 0, "num_partial_branches": 0, "covered_branches": 0, "missing_branches": 0, "percent_branches_covered": 100.0, "percent_branches_covered_display": "100"}, "missing_lines": [], "excluded_lines": [], "start_line": 270, "executed_branches": [], "missing_branches": []}, "deterministic_topology": {"executed_lines": [276, 277, 278, 279, 280, 281, 282, 283, 284, 285, 286, 287, 288, 289, 290, 291, 292, 293, 294, 295, 296, 297], "summary": {"covered_lines": 22, "num_statements": 22, "percent_covered": 97.22222222222223, "percent_covered_display": "97", "missing_lines": 0, "excluded_lines": 0, "percent_statements_covered": 100.0, "percent_statements_covered_display": "100", "num_branches": 14, "num_partial_branches": 1, "covered_branches": 13, "missing_branches": 1, "percent_branches_covered": 92.85714285714286, "percent_branches_covered_display": "93"}, "missing_lines": [], "excluded_lines": [], "start_line": 274, "executed_branches": [[277, 278], [277, 279], [281, 282], [281, 287], [282, 281], [282, 283], [283, 284], [283, 285], [290, 291], [290, 297], [293, 290], [293, 294], [295, 296]], "missing_branches": [[295, 293]]}, "validate_pipeline_spec": {"executed_lines": [304, 306, 309, 311, 312, 313, 314, 316, 317, 318, 319, 320, 321, 322, 323, 324, 325, 326, 327, 329, 330, 331, 332, 333, 335, 336, 337, 338, 339, 340, 341, 345, 346, 351, 356, 357, 362, 363, 364, 365, 366, 367, 368, 369, 370, 371, 377, 378, 379, 380, 381, 382, 383, 384, 385, 386, 391, 392, 393, 399, 405, 406, 407, 408, 409, 410, 411, 412, 413, 414, 415, 416, 420, 421, 424, 425, 426, 429, 430, 431, 432, 433, 434, 438, 439, 440, 446, 447, 448], "summary": {"covered_lines": 89, "num_statements": 94, "percent_covered": 95.23809523809524, "percent_covered_display": "95", "missing_lines": 5, "excluded_lines": 0, "percent_statements_covered": 94.68085106382979, "percent_statements_covered_display": "95", "num_branches": 74, "num_partial_branches": 3, "covered_branches": 71, "missing_branches": 3, "percent_branches_covered": 95.94594594594595, "percent_branches_covered_display": "96"}, "missing_lines": [310, 334, 427, 428, 436], "excluded_lines": [], "start_line": 300, "executed_branches": [[309, 311], [318, 319], [318, 320], [320, 321], [320, 322], [322, 323], [322, 324], [329, 330], [329, 377], [331, 332], [331, 333], [333, 335], [335, 336], [335, 337], [337, 338], [337, 339], [339, 340], [339, 341], [341, 345], [341, 351], [345, 341], [345, 346], [351, 356], [351, 362], [356, 351], [356, 357], [362, 363], [362, 364], [364, 365], [364, 367], [365, 364], [365, 366], [367, 368], [367, 370], [368, 367], [368, 369], [370, 329], [370, 371], [379, 380], [379, 405], [380, 381], [380, 391], [383, 384], [385, 380], [385, 386], [391, 379], [391, 392], [393, 391], [393, 399], [405, 406], [405, 438], [407, 408], [407, 409], [409, 410], [409, 411], [412, 413], [412, 414], [414, 415], [414, 416], [416, 420], [416, 424], [420, 416], [420, 421], [429, 430], [429, 431], [438, 439], [438, 446], [439, 438], [439, 440], [446, 447], [446, 448]], "missing_branches": [[309, 310], [333, 334], [383, 380]]}, "validate_pipeline_spec.issue": {"executed_lines": [307], "summary": {"covered_lines": 1, "num_statements": 1, "percent_covered": 100.0, "percent_covered_display": "100", "missing_lines": 0, "excluded_lines": 0, "percent_statements_covered": 100.0, "percent_statements_covered_display": "100", "num_branches": 0, "num_partial_branches": 0, "covered_branches": 0, "missing_branches": 0, "percent_branches_covered": 100.0, "percent_branches_covered_display": "100"}, "missing_lines": [], "excluded_lines": [], "start_line": 306, "executed_branches": [], "missing_branches": []}, "artifact_definition": {"executed_lines": [452], "summary": {"covered_lines": 1, "num_statements": 1, "percent_covered": 100.0, "percent_covered_display": "100", "missing_lines": 0, "excluded_lines": 0, "percent_statements_covered": 100.0, "percent_statements_covered_display": "100", "num_branches": 0, "num_partial_branches": 0, "covered_branches": 0, "missing_branches": 0, "percent_branches_covered": 100.0, "percent_branches_covered_display": "100"}, "missing_lines": [], "excluded_lines": [], "start_line": 451, "executed_branches": [], "missing_branches": []}, "step_definition": {"executed_lines": [466, 467], "summary": {"covered_lines": 2, "num_statements": 2, "percent_covered": 100.0, "percent_covered_display": "100", "missing_lines": 0, "excluded_lines": 0, "percent_statements_covered": 100.0, "percent_statements_covered_display": "100", "num_branches": 0, "num_partial_branches": 0, "covered_branches": 0, "missing_branches": 0, "percent_branches_covered": 100.0, "percent_branches_covered_display": "100"}, "missing_lines": [], "excluded_lines": [], "start_line": 465, "executed_branches": [], "missing_branches": []}, "pipeline_definition": {"executed_lines": [489, 490], "summary": {"covered_lines": 2, "num_statements": 2, "percent_covered": 100.0, "percent_covered_display": "100", "missing_lines": 0, "excluded_lines": 0, "percent_statements_covered": 100.0, "percent_statements_covered_display": "100", "num_branches": 0, "num_partial_branches": 0, "covered_branches": 0, "missing_branches": 0, "percent_branches_covered": 100.0, "percent_branches_covered_display": "100"}, "missing_lines": [], "excluded_lines": [], "start_line": 488, "executed_branches": [], "missing_branches": []}, "pipeline_config_hash": {"executed_lines": [508], "summary": {"covered_lines": 1, "num_statements": 1, "percent_covered": 100.0, "percent_covered_display": "100", "missing_lines": 0, "excluded_lines": 0, "percent_statements_covered": 100.0, "percent_statements_covered_display": "100", "num_branches": 0, "num_partial_branches": 0, "covered_branches": 0, "missing_branches": 0, "percent_branches_covered": 100.0, "percent_branches_covered_display": "100"}, "missing_lines": [], "excluded_lines": [], "start_line": 507, "executed_branches": [], "missing_branches": []}, "step_definition_hash": {"executed_lines": [512], "summary": {"covered_lines": 1, "num_statements": 1, "percent_covered": 100.0, "percent_covered_display": "100", "missing_lines": 0, "excluded_lines": 0, "percent_statements_covered": 100.0, "percent_statements_covered_display": "100", "num_branches": 0, "num_partial_branches": 0, "covered_branches": 0, "missing_branches": 0, "percent_branches_covered": 100.0, "percent_branches_covered_display": "100"}, "missing_lines": [], "excluded_lines": [], "start_line": 511, "executed_branches": [], "missing_branches": []}, "": {"executed_lines": [3, 5, 6, 7, 8, 9, 10, 11, 13, 15, 16, 27, 28, 29, 39, 50, 61, 67, 70, 76, 82, 88, 94, 103, 109, 115, 121, 127, 133, 147, 166, 186, 217, 270, 274, 300, 451, 465, 488, 507, 511], "summary": {"covered_lines": 41, "num_statements": 41, "percent_covered": 100.0, "percent_covered_display": "100", "missing_lines": 0, "excluded_lines": 0, "percent_statements_covered": 100.0, "percent_statements_covered_display": "100", "num_branches": 0, "num_partial_branches": 0, "covered_branches": 0, "missing_branches": 0, "percent_branches_covered": 100.0, "percent_branches_covered_display": "100"}, "missing_lines": [], "excluded_lines": [], "start_line": 1, "executed_branches": [], "missing_branches": []}}, "classes": {"": {"executed_lines": [3, 5, 6, 7, 8, 9, 10, 11, 13, 15, 16, 27, 28, 29, 39, 50, 61, 67, 70, 71, 73, 76, 77, 78, 79, 82, 83, 84, 85, 88, 89, 90, 91, 94, 95, 97, 98, 99, 100, 103, 104, 106, 109, 110, 111, 112, 115, 116, 121, 122, 123, 124, 127, 128, 129, 133, 134, 135, 136, 137, 138, 139, 140, 141, 142, 144, 147, 148, 149, 150, 151, 157, 158, 166, 167, 168, 169, 170, 171, 186, 187, 188, 189, 190, 191, 192, 197, 198, 204, 217, 219, 220, 221, 224, 225, 226, 227, 228, 229, 231, 232, 233, 234, 235, 236, 244, 249, 253, 257, 270, 271, 274, 276, 277, 278, 279, 280, 281, 282, 283, 284, 285, 286, 287, 288, 289, 290, 291, 292, 293, 294, 295, 296, 297, 300, 304, 306, 307, 309, 311, 312, 313, 314, 316, 317, 318, 319, 320, 321, 322, 323, 324, 325, 326, 327, 329, 330, 331, 332, 333, 335, 336, 337, 338, 339, 340, 341, 345, 346, 351, 356, 357, 362, 363, 364, 365, 366, 367, 368, 369, 370, 371, 377, 378, 379, 380, 381, 382, 383, 384, 385, 386, 391, 392, 393, 399, 405, 406, 407, 408, 409, 410, 411, 412, 413, 414, 415, 416, 420, 421, 424, 425, 426, 429, 430, 431, 432, 433, 434, 438, 439, 440, 446, 447, 448, 451, 452, 465, 466, 467, 488, 489, 490, 507, 508, 511, 512], "summary": {"covered_lines": 237, "num_statements": 249, "percent_covered": 93.73297002724796, "percent_covered_display": "94", "missing_lines": 12, "excluded_lines": 0, "percent_statements_covered": 95.18072289156626, "percent_statements_covered_display": "95", "num_branches": 118, "num_partial_branches": 11, "covered_branches": 107, "missing_branches": 11, "percent_branches_covered": 90.67796610169492, "percent_branches_covered_display": "91"}, "missing_lines": [72, 96, 105, 130, 143, 222, 223, 310, 334, 427, 428, 436], "excluded_lines": [], "start_line": 1, "executed_branches": [[71, 73], [77, 78], [77, 79], [83, 84], [83, 85], [89, 90], [89, 91], [95, 97], [98, 99], [98, 100], [104, 106], [110, 111], [110, 112], [123, -121], [123, 124], [129, -127], [135, 136], [142, 144], [189, 190], [189, 191], [228, 229], [228, 231], [233, 234], [277, 278], [277, 279], [281, 282], [281, 287], [282, 281], [282, 283], [283, 284], [283, 285], [290, 291], [290, 297], [293, 290], [293, 294], [295, 296], [309, 311], [318, 319], [318, 320], [320, 321], [320, 322], [322, 323], [322, 324], [329, 330], [329, 377], [331, 332], [331, 333], [333, 335], [335, 336], [335, 337], [337, 338], [337, 339], [339, 340], [339, 341], [341, 345], [341, 351], [345, 341], [345, 346], [351, 356], [351, 362], [356, 351], [356, 357], [362, 363], [362, 364], [364, 365], [364, 367], [365, 364], [365, 366], [367, 368], [367, 370], [368, 367], [368, 369], [370, 329], [370, 371], [379, 380], [379, 405], [380, 381], [380, 391], [383, 384], [385, 380], [385, 386], [391, 379], [391, 392], [393, 391], [393, 399], [405, 406], [405, 438], [407, 408], [407, 409], [409, 410], [409, 411], [412, 413], [412, 414], [414, 415], [414, 416], [416, 420], [416, 424], [420, 416], [420, 421], [429, 430], [429, 431], [438, 439], [438, 446], [439, 438], [439, 440], [446, 447], [446, 448]], "missing_branches": [[71, 72], [95, 96], [104, 105], [129, 130], [135, 137], [142, 143], [233, 235], [295, 293], [309, 310], [333, 334], [383, 380]]}}}, "src\\quant_pipeline\\integrity.py": {"executed_lines": [3, 5, 6, 7, 8, 9, 10, 12, 16, 20, 23, 24, 25, 26, 34, 35, 38, 39, 40, 41, 42, 43, 46, 48, 49, 50, 51, 52, 53, 54, 55, 57, 58, 59, 60, 61, 62, 63, 64, 65, 68, 71, 72, 73, 74, 76, 77, 78, 79, 80, 81, 82, 83, 86, 87, 88], "summary": {"covered_lines": 56, "num_statements": 57, "percent_covered": 97.53086419753086, "percent_covered_display": "98", "missing_lines": 1, "excluded_lines": 0, "percent_statements_covered": 98.24561403508773, "percent_statements_covered_display": "98", "num_branches": 24, "num_partial_branches": 1, "covered_branches": 23, "missing_branches": 1, "percent_branches_covered": 95.83333333333333, "percent_branches_covered_display": "96"}, "missing_lines": [67], "excluded_lines": [], "executed_branches": [[24, 25], [24, 26], [41, 42], [41, 43], [48, 49], [48, 50], [50, 51], [50, 52], [52, 53], [52, 54], [54, 55], [54, 57], [58, 59], [58, 68], [60, 61], [60, 62], [62, 63], [62, 64], [64, 65], [73, 74], [73, 76], [80, 81], [80, 83]], "missing_branches": [[64, 67]], "functions": {"canonical_json_bytes": {"executed_lines": [24, 25, 26], "summary": {"covered_lines": 3, "num_statements": 3, "percent_covered": 100.0, "percent_covered_display": "100", "missing_lines": 0, "excluded_lines": 0, "percent_statements_covered": 100.0, "percent_statements_covered_display": "100", "num_branches": 2, "num_partial_branches": 0, "covered_branches": 2, "missing_branches": 0, "percent_branches_covered": 100.0, "percent_branches_covered_display": "100"}, "missing_lines": [], "excluded_lines": [], "start_line": 23, "executed_branches": [[24, 25], [24, 26]], "missing_branches": []}, "sha256_bytes": {"executed_lines": [35], "summary": {"covered_lines": 1, "num_statements": 1, "percent_covered": 100.0, "percent_covered_display": "100", "missing_lines": 0, "excluded_lines": 0, "percent_statements_covered": 100.0, "percent_statements_covered_display": "100", "num_branches": 0, "num_partial_branches": 0, "covered_branches": 0, "missing_branches": 0, "percent_branches_covered": 100.0, "percent_branches_covered_display": "100"}, "missing_lines": [], "excluded_lines": [], "start_line": 34, "executed_branches": [], "missing_branches": []}, "sha256_file": {"executed_lines": [39, 40, 41, 42, 43], "summary": {"covered_lines": 5, "num_statements": 5, "percent_covered": 100.0, "percent_covered_display": "100", "missing_lines": 0, "excluded_lines": 0, "percent_statements_covered": 100.0, "percent_statements_covered_display": "100", "num_branches": 2, "num_partial_branches": 0, "covered_branches": 2, "missing_branches": 0, "percent_branches_covered": 100.0, "percent_branches_covered_display": "100"}, "missing_lines": [], "excluded_lines": [], "start_line": 38, "executed_branches": [[41, 42], [41, 43]], "missing_branches": []}, "hash_artifact_path": {"executed_lines": [48, 49, 50, 51, 52, 53, 54, 55, 57, 58, 59, 60, 61, 62, 63, 64, 65, 68], "summary": {"covered_lines": 18, "num_statements": 19, "percent_covered": 94.28571428571429, "percent_covered_display": "94", "missing_lines": 1, "excluded_lines": 0, "percent_statements_covered": 94.73684210526316, "percent_statements_covered_display": "95", "num_branches": 16, "num_partial_branches": 1, "covered_branches": 15, "missing_branches": 1, "percent_branches_covered": 93.75, "percent_branches_covered_display": "94"}, "missing_lines": [67], "excluded_lines": [], "start_line": 46, "executed_branches": [[48, 49], [48, 50], [50, 51], [50, 52], [52, 53], [52, 54], [54, 55], [54, 57], [58, 59], [58, 68], [60, 61], [60, 62], [62, 63], [62, 64], [64, 65]], "missing_branches": [[64, 67]]}, "load_stack_manifest": {"executed_lines": [72, 73, 74, 76, 77, 78, 79, 80, 81, 82, 83], "summary": {"covered_lines": 11, "num_statements": 11, "percent_covered": 100.0, "percent_covered_display": "100", "missing_lines": 0, "excluded_lines": 0, "percent_statements_covered": 100.0, "percent_statements_covered_display": "100", "num_branches": 4, "num_partial_branches": 0, "covered_branches": 4, "missing_branches": 0, "percent_branches_covered": 100.0, "percent_branches_covered_display": "100"}, "missing_lines": [], "excluded_lines": [], "start_line": 71, "executed_branches": [[73, 74], [73, 76], [80, 81], [80, 83]], "missing_branches": []}, "stack_manifest_hash": {"executed_lines": [87, 88], "summary": {"covered_lines": 2, "num_statements": 2, "percent_covered": 100.0, "percent_covered_display": "100", "missing_lines": 0, "excluded_lines": 0, "percent_statements_covered": 100.0, "percent_statements_covered_display": "100", "num_branches": 0, "num_partial_branches": 0, "covered_branches": 0, "missing_branches": 0, "percent_branches_covered": 100.0, "percent_branches_covered_display": "100"}, "missing_lines": [], "excluded_lines": [], "start_line": 86, "executed_branches": [], "missing_branches": []}, "": {"executed_lines": [3, 5, 6, 7, 8, 9, 10, 12, 16, 20, 23, 34, 38, 46, 71, 86], "summary": {"covered_lines": 16, "num_statements": 16, "percent_covered": 100.0, "percent_covered_display": "100", "missing_lines": 0, "excluded_lines": 0, "percent_statements_covered": 100.0, "percent_statements_covered_display": "100", "num_branches": 0, "num_partial_branches": 0, "covered_branches": 0, "missing_branches": 0, "percent_branches_covered": 100.0, "percent_branches_covered_display": "100"}, "missing_lines": [], "excluded_lines": [], "start_line": 1, "executed_branches": [], "missing_branches": []}}, "classes": {"": {"executed_lines": [3, 5, 6, 7, 8, 9, 10, 12, 16, 20, 23, 24, 25, 26, 34, 35, 38, 39, 40, 41, 42, 43, 46, 48, 49, 50, 51, 52, 53, 54, 55, 57, 58, 59, 60, 61, 62, 63, 64, 65, 68, 71, 72, 73, 74, 76, 77, 78, 79, 80, 81, 82, 83, 86, 87, 88], "summary": {"covered_lines": 56, "num_statements": 57, "percent_covered": 97.53086419753086, "percent_covered_display": "98", "missing_lines": 1, "excluded_lines": 0, "percent_statements_covered": 98.24561403508773, "percent_statements_covered_display": "98", "num_branches": 24, "num_partial_branches": 1, "covered_branches": 23, "missing_branches": 1, "percent_branches_covered": 95.83333333333333, "percent_branches_covered_display": "96"}, "missing_lines": [67], "excluded_lines": [], "start_line": 1, "executed_branches": [[24, 25], [24, 26], [41, 42], [41, 43], [48, 49], [48, 50], [50, 51], [50, 52], [52, 53], [52, 54], [54, 55], [54, 57], [58, 59], [58, 68], [60, 61], [60, 62], [62, 63], [62, 64], [64, 65], [73, 74], [73, 76], [80, 81], [80, 83]], "missing_branches": [[64, 67]]}}}, "src\\quant_pipeline\\logging_util.py": {"executed_lines": [3, 5, 6, 12, 20, 21, 22, 23, 30, 31], "summary": {"covered_lines": 10, "num_statements": 10, "percent_covered": 100.0, "percent_covered_display": "100", "missing_lines": 0, "excluded_lines": 2, "percent_statements_covered": 100.0, "percent_statements_covered_display": "100", "num_branches": 0, "num_partial_branches": 0, "covered_branches": 0, "missing_branches": 0, "percent_branches_covered": 100.0, "percent_branches_covered_display": "100"}, "missing_lines": [], "excluded_lines": [8, 9], "executed_branches": [], "missing_branches": [], "functions": {"write_step_failure_log": {"executed_lines": [20, 21, 22, 23, 30, 31], "summary": {"covered_lines": 6, "num_statements": 6, "percent_covered": 100.0, "percent_covered_display": "100", "missing_lines": 0, "excluded_lines": 0, "percent_statements_covered": 100.0, "percent_statements_covered_display": "100", "num_branches": 0, "num_partial_branches": 0, "covered_branches": 0, "missing_branches": 0, "percent_branches_covered": 100.0, "percent_branches_covered_display": "100"}, "missing_lin
[...]
4, 18, 20, 21, 22, 23, 24, 25, 27, 28, 32, 33, 36, 38, 39, 40, 41, 44, 47, 48, 49], "summary": {"covered_lines": 27, "num_statements": 35, "percent_covered": 77.35849056603773, "percent_covered_display": "77", "missing_lines": 8, "excluded_lines": 0, "percent_statements_covered": 77.14285714285714, "percent_statements_covered_display": "77", "num_branches": 18, "num_partial_branches": 4, "covered_branches": 14, "missing_branches": 4, "percent_branches_covered": 77.77777777777777, "percent_branches_covered_display": "78"}, "missing_lines": [15, 29, 30, 34, 35, 37, 42, 43], "excluded_lines": [], "executed_branches": [[22, 23], [22, 27], [23, 22], [23, 24], [28, 32], [32, 33], [32, 44], [33, 36], [36, 38], [38, 39], [38, 40], [40, 32], [40, 41], [41, 40]], "missing_branches": [[28, 29], [33, 34], [36, 37], [41, 42]], "functions": {"load_schema": {"executed_lines": [], "summary": {"covered_lines": 0, "num_statements": 1, "percent_covered": 0.0, "percent_covered_display": "0", "missing_lines": 1, "excluded_lines": 0, "percent_statements_covered": 0.0, "percent_statements_covered_display": "0", "num_branches": 0, "num_partial_branches": 0, "covered_branches": 0, "missing_branches": 0, "percent_branches_covered": 100.0, "percent_branches_covered_display": "100"}, "missing_lines": [15], "excluded_lines": [], "start_line": 14, "executed_branches": [], "missing_branches": []}, "validate_config": {"executed_lines": [20, 21, 22, 23, 24, 25, 27, 28, 32, 33, 36, 38, 39, 40, 41, 44], "summary": {"covered_lines": 16, "num_statements": 23, "percent_covered": 73.17073170731707, "percent_covered_display": "73", "missing_lines": 7, "excluded_lines": 0, "percent_statements_covered": 69.56521739130434, "percent_statements_covered_display": "70", "num_branches": 18, "num_partial_branches": 4, "covered_branches": 14, "missing_branches": 4, "percent_branches_covered": 77.77777777777777, "percent_branches_covered_display": "78"}, "missing_lines": [29, 30, 34, 35, 37, 42, 43], "excluded_lines": [], "start_line": 18, "executed_branches": [[22, 23], [22, 27], [23, 22], [23, 24], [28, 32], [32, 33], [32, 44], [33, 36], [36, 38], [38, 39], [38, 40], [40, 32], [40, 41], [41, 40]], "missing_branches": [[28, 29], [33, 34], [36, 37], [41, 42]]}, "validate_config_file": {"executed_lines": [48, 49], "summary": {"covered_lines": 2, "num_statements": 2, "percent_covered": 100.0, "percent_covered_display": "100", "missing_lines": 0, "excluded_lines": 0, "percent_statements_covered": 100.0, "percent_statements_covered_display": "100", "num_branches": 0, "num_partial_branches": 0, "covered_branches": 0, "missing_branches": 0, "percent_branches_covered": 100.0, "percent_branches_covered_display": "100"}, "missing_lines": [], "excluded_lines": [], "start_line": 47, "executed_branches": [], "missing_branches": []}, "": {"executed_lines": [3, 5, 6, 7, 9, 11, 14, 18, 47], "summary": {"covered_lines": 9, "num_statements": 9, "percent_covered": 100.0, "percent_covered_display": "100", "missing_lines": 0, "excluded_lines": 0, "percent_statements_covered": 100.0, "percent_statements_covered_display": "100", "num_branches": 0, "num_partial_branches": 0, "covered_branches": 0, "missing_branches": 0, "percent_branches_covered": 100.0, "percent_branches_covered_display": "100"}, "missing_lines": [], "excluded_lines": [], "start_line": 1, "executed_branches": [], "missing_branches": []}}, "classes": {"": {"executed_lines": [3, 5, 6, 7, 9, 11, 14, 18, 20, 21, 22, 23, 24, 25, 27, 28, 32, 33, 36, 38, 39, 40, 41, 44, 47, 48, 49], "summary": {"covered_lines": 27, "num_statements": 35, "percent_covered": 77.35849056603773, "percent_covered_display": "77", "missing_lines": 8, "excluded_lines": 0, "percent_statements_covered": 77.14285714285714, "percent_statements_covered_display": "77", "num_branches": 18, "num_partial_branches": 4, "covered_branches": 14, "missing_branches": 4, "percent_branches_covered": 77.77777777777777, "percent_branches_covered_display": "78"}, "missing_lines": [15, 29, 30, 34, 35, 37, 42, 43], "excluded_lines": [], "start_line": 1, "executed_branches": [[22, 23], [22, 27], [23, 22], [23, 24], [28, 32], [32, 33], [32, 44], [33, 36], [36, 38], [38, 39], [38, 40], [40, 32], [40, 41], [41, 40]], "missing_branches": [[28, 29], [33, 34], [36, 37], [41, 42]]}}}, "src\\quant_pipeline\\v2_models.py": {"executed_lines": [3, 5, 6, 7, 8, 11, 15, 19, 23, 27, 31, 42, 43, 44, 45, 46, 47, 48, 49, 52, 53, 54, 55, 56, 57, 60, 61, 62, 63, 64, 65, 66, 67, 68, 69, 70, 73, 74, 75, 76, 77, 78, 79, 80, 81, 82, 83, 86, 87, 88, 89, 90, 91, 92, 93, 94, 95, 96, 98, 99, 100, 102, 103, 104, 107, 108, 109, 110, 111, 114, 115, 116, 118, 119, 120, 122, 123, 133, 134, 135, 136, 137, 138, 139, 140, 141, 142, 143, 144, 145, 148, 149, 150, 151, 152, 153, 154, 155, 158, 159, 160, 161, 162, 163, 164, 165, 166, 167, 168, 169, 170, 171, 174, 175, 176, 177, 178, 179, 180, 181, 182, 183, 185, 186, 187], "summary": {"covered_lines": 125, "num_statements": 127, "percent_covered": 97.67441860465117, "percent_covered_display": "98", "missing_lines": 2, "excluded_lines": 0, "percent_statements_covered": 98.4251968503937, "percent_statements_covered_display": "98", "num_branches": 2, "num_partial_branches": 1, "covered_branches": 1, "missing_branches": 1, "percent_branches_covered": 50.0, "percent_branches_covered_display": "50"}, "missing_lines": [124, 130], "excluded_lines": [], "executed_branches": [[123, -122]], "missing_branches": [[123, 124]], "functions": {"PipelineSpec.artifact_map": {"executed_lines": [100], "summary": {"covered_lines": 1, "num_statements": 1, "percent_covered": 100.0, "percent_covered_display": "100", "missing_lines": 0, "excluded_lines": 0, "percent_statements_covered": 100.0, "percent_statements_covered_display": "100", "num_branches": 0, "num_partial_branches": 0, "covered_branches": 0, "missing_branches": 0, "percent_branches_covered": 100.0, "percent_branches_covered_display": "100"}, "missing_lines": [], "excluded_lines": [], "start_line": 99, "executed_branches": [], "missing_branches": []}, "PipelineSpec.step_map": {"executed_lines": [104], "summary": {"covered_lines": 1, "num_statements": 1, "percent_covered": 100.0, "percent_covered_display": "100", "missing_lines": 0, "excluded_lines": 0, "percent_statements_covered": 100.0, "percent_statements_covered_display": "100", "num_branches": 0, "num_partial_branches": 0, "covered_branches": 0, "missing_branches": 0, "percent_branches_covered": 100.0, "percent_branches_covered_display": "100"}, "missing_lines": [], "excluded_lines": [], "start_line": 103, "executed_branches": [], "missing_branches": []}, "ValidationResult.ok": {"executed_lines": [120], "summary": {"covered_lines": 1, "num_statements": 1, "percent_covered": 100.0, "percent_covered_display": "100", "missing_lines": 0, "excluded_lines": 0, "percent_statements_covered": 100.0, "percent_statements_covered_display": "100", "num_branches": 0, "num_partial_branches": 0, "covered_branches": 0, "missing_branches": 0, "percent_branches_covered": 100.0, "percent_branches_covered_display": "100"}, "missing_lines": [], "excluded_lines": [], "start_line": 119, "executed_branches": [], "missing_branches": []}, "ValidationResult.raise_for_error": {"executed_lines": [123], "summary": {"covered_lines": 1, "num_statements": 3, "percent_covered": 40.0, "percent_covered_display": "40", "missing_lines": 2, "excluded_lines": 0, "percent_statements_covered": 33.333333333333336, "percent_statements_covered_display": "33", "num_branches": 2, "num_partial_branches": 1, "covered_branches": 1, "missing_branches": 1, "percent_branches_covered": 50.0, "percent_branches_covered_display": "50"}, "missing_lines": [124, 130], "excluded_lines": [], "start_line": 122, "executed_branches": [[123, -122]], "missing_branches": [[123, 124]]}, "DagRunResult.ok": {"executed_lines": [187], "summary": {"covered_lines": 1, "num_statements": 1, "percent_covered": 100.0, "percent_covered_display": "100", "missing_lines": 0, "excluded_lines": 0, "percent_statements_covered": 100.0, "percent_statements_covered_display": "100", "num_branches": 0, "num_partial_branches": 0, "covered_branches": 0, "missing_branches": 0, "percent_branches_covered": 100.0, "percent_branches_covered_display": "100"}, "missing_lines": [], "excluded_lines": [], "start_line": 186, "executed_branches": [], "missing_branches": []}, "": {"executed_lines": [3, 5, 6, 7, 8, 11, 15, 19, 23, 27, 31, 42, 43, 44, 45, 46, 47, 48, 49, 52, 53, 54, 55, 56, 57, 60, 61, 62, 63, 64, 65, 66, 67, 68, 69, 70, 73, 74, 75, 76, 77, 78, 79, 80, 81, 82, 83, 86, 87, 88, 89, 90, 91, 92, 93, 94, 95, 96, 98, 99, 102, 103, 107, 108, 109, 110, 111, 114, 115, 116, 118, 119, 122, 133, 134, 135, 136, 137, 138, 139, 140, 141, 142, 143, 144, 145, 148, 149, 150, 151, 152, 153, 154, 155, 158, 159, 160, 161, 162, 163, 164, 165, 166, 167, 168, 169, 170, 171, 174, 175, 176, 177, 178, 179, 180, 181, 182, 183, 185, 186], "summary": {"covered_lines": 120, "num_statements": 120, "percent_covered": 100.0, "percent_covered_display": "100", "missing_lines": 0, "excluded_lines": 0, "percent_statements_covered": 100.0, "percent_statements_covered_display": "100", "num_branches": 0, "num_partial_branches": 0, "covered_branches": 0, "missing_branches": 0, "percent_branches_covered": 100.0, "percent_branches_covered_display": "100"}, "missing_lines": [], "excluded_lines": [], "start_line": 1, "executed_branches": [], "missing_branches": []}}, "classes": {"PipelineV2Error": {"executed_lines": [], "summary": {"covered_lines": 0, "num_statements": 0, "percent_covered": 100.0, "percent_covered_display": "100", "missing_lines": 0, "excluded_lines": 0, "percent_statements_covered": 100.0, "percent_statements_covered_display": "100", "num_branches": 0, "num_partial_branches": 0, "covered_branches": 0, "missing_branches": 0, "percent_branches_covered": 100.0, "percent_branches_covered_display": "100"}, "missing_lines": [], "excluded_lines": [], "start_line": 11, "executed_branches": [], "missing_branches": []}, "PipelineSpecError": {"executed_lines": [], "summary": {"covered_lines": 0, "num_statements": 0, "percent_covered": 100.0, "percent_covered_display": "100", "missing_lines": 0, "excluded_lines": 0, "percent_statements_covered": 100.0, "percent_statements_covered_display": "100", "num_branches": 0, "num_partial_branches": 0, "covered_branches": 0, "missing_branches": 0, "percent_branches_covered": 100.0, "percent_branches_covered_display": "100"}, "missing_lines": [], "excluded_lines": [], "start_line": 15, "executed_branches": [], "missing_branches": []}, "PipelineValidationError": {"executed_lines": [], "summary": {"covered_lines": 0, "num_statements": 0, "percent_covered": 100.0, "percent_covered_display": "100", "missing_lines": 0, "excluded_lines": 0, "percent_statements_covered": 100.0, "percent_statements_covered_display": "100", "num_branches": 0, "num_partial_branches": 0, "covered_branches": 0, "missing_branches": 0, "percent_branches_covered": 100.0, "percent_branches_covered_display": "100"}, "missing_lines": [], "excluded_lines": [], "start_line": 19, "executed_branches": [], "missing_branches": []}, "ArtifactIntegrityError": {"executed_lines": [], "summary": {"covered_lines": 0, "num_statements": 0, "percent_covered": 100.0, "percent_covered_display": "100", "missing_lines": 0, "excluded_lines": 0, "percent_statements_covered": 100.0, "percent_statements_covered_display": "100", "num_branches": 0, "num_partial_branches": 0, "covered_branches": 0, "missing_branches": 0, "percent_branches_covered": 100.0, "percent_branches_covered_display": "100"}, "missing_lines": [], "excluded_lines": [], "start_line": 23, "executed_branches": [], "missing_branches": []}, "CheckpointError": {"executed_lines": [], "summary": {"covered_lines": 0, "num_statements": 0, "percent_covered": 100.0, "percent_covered_display": "100", "missing_lines": 0, "excluded_lines": 0, "percent_statements_covered": 100.0, "percent_statements_covered_display": "100", "num_branches": 0, "num_partial_branches": 0, "covered_branches": 0, "missing_branches": 0, "percent_branches_covered": 100.0, "percent_branches_covered_display": "100"}, "missing_lines": [], "excluded_lines": [], "start_line": 27, "executed_branches": [], "missing_branches": []}, "StepStatus": {"executed_lines": [], "summary": {"covered_lines": 0, "num_statements": 0, "percent_covered": 100.0, "percent_covered_display": "100", "missing_lines": 0, "excluded_lines": 0, "percent_statements_covered": 100.0, "percent_statements_covered_display": "100", "num_branches": 0, "num_partial_branches": 0, "covered_branches": 0, "missing_branches": 0, "percent_branches_covered": 100.0, "percent_branches_covered_display": "100"}, "missing_lines": [], "excluded_lines": [], "start_line": 42, "executed_branches": [], "missing_branches": []}, "RetryPolicy": {"executed_lines": [], "summary": {"covered_lines": 0, "num_statements": 0, "percent_covered": 100.0, "percent_covered_display": "100", "missing_lines": 0, "excluded_lines": 0, "percent_statements_covered": 100.0, "percent_statements_covered_display": "100", "num_branches": 0, "num_partial_branches": 0, "covered_branches": 0, "missing_branches": 0, "percent_branches_covered": 100.0, "percent_branches_covered_display": "100"}, "missing_lines": [], "excluded_lines": [], "start_line": 53, "executed_branches": [], "missing_branches": []}, "ArtifactSpec": {"executed_lines": [], "summary": {"covered_lines": 0, "num_statements": 0, "percent_covered": 100.0, "percent_covered_display": "100", "missing_lines": 0, "excluded_lines": 0, "percent_statements_covered": 100.0, "percent_statements_covered_display": "100", "num_branches": 0, "num_partial_branches": 0, "covered_branches": 0, "missing_branches": 0, "percent_branches_covered": 100.0, "percent_branches_covered_display": "100"}, "missing_lines": [], "excluded_lines": [], "start_line": 61, "executed_branches": [], "missing_branches": []}, "StepSpec": {"executed_lines": [], "summary": {"covered_lines": 0, "num_statements": 0, "percent_covered": 100.0, "percent_covered_display": "100", "missing_lines": 0, "excluded_lines": 0, "percent_statements_covered": 100.0, "percent_statements_covered_display": "100", "num_branches": 0, "num_partial_branches": 0, "covered_branches": 0, "missing_branches": 0, "percent_branches_covered": 100.0, "percent_branches_covered_display": "100"}, "missing_lines": [], "excluded_lines": [], "start_line": 74, "executed_branches": [], "missing_branches": []}, "PipelineSpec": {"executed_lines": [100, 104], "summary": {"covered_lines": 2, "num_statements": 2, "percent_covered": 100.0, "percent_covered_display": "100", "missing_lines": 0, "excluded_lines": 0, "percent_statements_covered": 100.0, "percent_statements_covered_display": "100", "num_branches": 0, "num_partial_branches": 0, "covered_branches": 0, "missing_branches": 0, "percent_branches_covered": 100.0, "percent_branches_covered_display": "100"}, "missing_lines": [], "excluded_lines": [], "start_line": 87, "executed_branches": [], "missing_branches": []}, "ValidationIssue": {"executed_lines": [], "summary": {"covered_lines": 0, "num_statements": 0, "percent_covered": 100.0, "percent_covered_display": "100", "missing_lines": 0, "excluded_lines": 0, "percent_statements_covered": 100.0, "percent_statements_covered_display": "100", "num_branches": 0, "num_partial_branches": 0, "covered_branches": 0, "missing_branches": 0, "percent_branches_covered": 100.0, "percent_branches_covered_display": "100"}, "missing_lines": [], "excluded_lines": [], "start_line": 108, "executed_branches": [], "missing_branches": []}, "ValidationResult": {"executed_lines": [120, 123], "summary": {"covered_lines": 2, "num_statements": 4, "percent_covered": 50.0, "percent_covered_display": "50", "missing_lines": 2, "excluded_lines": 0, "percent_statements_covered": 50.0, "percent_statements_covered_display": "50", "num_branches": 2, "num_partial_branches": 1, "covered_branches": 1, "missing_branches": 1, "percent_branches_covered": 50.0, "percent_branches_covered_display": "50"}, "missing_lines": [124, 130], "excluded_lines": [], "start_line": 115, "executed_branches": [[123, -122]], "missing_branches": [[123, 124]]}, "StepAttempt": {"executed_lines": [], "summary": {"covered_lines": 0, "num_statements": 0, "percent_covered": 100.0, "percent_covered_display": "100", "missing_lines": 0, "excluded_lines": 0, "percent_statements_covered": 100.0, "percent_statements_covered_display": "100", "num_branches": 0, "num_partial_branches": 0, "covered_branches": 0, "missing_branches": 0, "percent_branches_covered": 100.0, "percent_branches_covered_display": "100"}, "missing_lines": [], "excluded_lines": [], "start_line": 134, "executed_branches": [], "missing_branches": []}, "PipelineEvent": {"executed_lines": [], "summary": {"covered_lines": 0, "num_statements": 0, "percent_covered": 100.0, "percent_covered_display": "100", "missing_lines": 0, "excluded_lines": 0, "percent_statements_covered": 100.0, "percent_statements_covered_display": "100", "num_branches": 0, "num_partial_branches": 0, "covered_branches": 0, "missing_branches": 0, "percent_branches_covered": 100.0, "percent_branches_covered_display": "100"}, "missing_lines": [], "excluded_lines": [], "start_line": 149, "executed_branches": [], "missing_branches": []}, "PipelineCheckpoint": {"executed_lines": [], "summary": {"covered_lines": 0, "num_statements": 0, "percent_covered": 100.0, "percent_covered_display": "100", "missing_lines": 0, "excluded_lines": 0, "percent_statements_covered": 100.0, "percent_statements_covered_display": "100", "num_branches": 0, "num_partial_branches": 0, "covered_branches": 0, "missing_branches": 0, "percent_branches_covered": 100.0, "percent_branches_covered_display": "100"}, "missing_lines": [], "excluded_lines": [], "start_line": 159, "executed_branches": [], "missing_branches": []}, "DagRunResult": {"executed_lines": [187], "summary": {"covered_lines": 1, "num_statements": 1, "percent_covered": 100.0, "percent_covered_display": "100", "missing_lines": 0, "excluded_lines": 0, "percent_statements_covered": 100.0, "percent_statements_covered_display": "100", "num_branches": 0, "num_partial_branches": 0, "covered_branches": 0, "missing_branches": 0, "percent_branches_covered": 100.0, "percent_branches_covered_display": "100"}, "missing_lines": [], "excluded_lines": [], "start_line": 175, "executed_branches": [], "missing_branches": []}, "": {"executed_lines": [3, 5, 6, 7, 8, 11, 15, 19, 23, 27, 31, 42, 43, 44, 45, 46, 47, 48, 49, 52, 53, 54, 55, 56, 57, 60, 61, 62, 63, 64, 65, 66, 67, 68, 69, 70, 73, 74, 75, 76, 77, 78, 79, 80, 81, 82, 83, 86, 87, 88, 89, 90, 91, 92, 93, 94, 95, 96, 98, 99, 102, 103, 107, 108, 109, 110, 111, 114, 115, 116, 118, 119, 122, 133, 134, 135, 136, 137, 138, 139, 140, 141, 142, 143, 144, 145, 148, 149, 150, 151, 152, 153, 154, 155, 158, 159, 160, 161, 162, 163, 164, 165, 166, 167, 168, 169, 170, 171, 174, 175, 176, 177, 178, 179, 180, 181, 182, 183, 185, 186], "summary": {"covered_lines": 120, "num_statements": 120, "percent_covered": 100.0, "percent_covered_display": "100", "missing_lines": 0, "excluded_lines": 0, "percent_statements_covered": 100.0, "percent_statements_covered_display": "100", "num_branches": 0, "num_partial_branches": 0, "covered_branches": 0, "missing_branches": 0, "percent_branches_covered": 100.0, "percent_branches_covered_display": "100"}, "missing_lines": [], "excluded_lines": [], "start_line": 1, "executed_branches": [], "missing_branches": []}}}}, "totals": {"covered_lines": 1080, "num_statements": 1141, "percent_covered": 93.27505043712172, "percent_covered_display": "93", "missing_lines": 61, "excluded_lines": 2, "percent_statements_covered": 94.6538124452235, "percent_statements_covered_display": "95", "num_branches": 346, "num_partial_branches": 33, "covered_branches": 307, "missing_branches": 39, "percent_branches_covered": 88.72832369942196, "percent_branches_covered_display": "89"}}