{"meta": {"format": 3, "version": "7.14.0", "timestamp": "2026-08-29T07:30:06.123342", "branch_coverage": true, "show_contexts": false}, "files": {"src\\quant_pipeline\\checkpoint.py": {"executed_lines": [3, 5, 6, 7, 8, 9, 10, 12, 13, 21, 36, 49, 50, 53, 54, 69, 70, 80, 81, 108, 109, 112, 113, 114, 115, 116, 117, 118, 121, 122, 123, 124, 125, 126, 127, 128, 129, 130, 131, 138, 139, 141, 142, 143, 148, 149, 150, 151, 152, 155, 156, 157, 158, 161, 162, 163, 164, 167, 168, 169, 170, 173, 174, 175, 176, 179, 180, 181, 182, 185, 186, 187, 188, 189, 192, 193, 194, 195, 196, 197, 202, 205, 206, 207, 213, 214, 215, 216, 217, 218, 237, 238, 241, 242, 243, 244, 245, 246, 247, 255, 256, 259, 260, 261, 262, 263, 264, 265, 266, 267, 268, 269, 270, 273, 274, 275, 276, 303, 304, 305, 306, 307, 310, 311, 312, 313, 314, 315, 316], "summary": {"covered_lines": 129, "num_statements": 136, "percent_covered": 95.18072289156626, "percent_covered_display": "95", "missing_lines": 7, "excluded_lines": 0, "percent_statements_covered": 94.8529411764706, "percent_statements_covered_display": "95", "num_branches": 30, "num_partial_branches": 1, "covered_branches": 29, "missing_branches": 1, "percent_branches_covered": 96.66666666666667, "percent_branches_covered_display": "97"}, "missing_lines": [132, 133, 134, 135, 137, 144, 145], "excluded_lines": [], "executed_branches": [[114, 115], [114, 116], [131, 141], [141, -112], [141, 142], [156, 157], [156, 158], [162, 163], [162, 164], [168, 169], [168, 170], [174, 175], [174, 176], [180, 181], [180, 182], [187, 188], [187, 189], [195, 196], [195, 202], [216, 217], [216, 218], [244, 245], [244, 246], [261, 262], [261, 265], [269, 270], [269, 273], [305, 306], [305, 307]], "missing_branches": [[131, 132]], "functions": {"_attempt_payload": {"executed_lines": [54], "summary": {"covered_lines": 1, "num_statements": 1, "percent_covered": 100.0, "percent_covered_display": "100", "missing_lines": 0, "excluded_lines": 0, "percent_statements_covered": 100.0, "percent_statements_covered_display": "100", "num_branches": 0, "num_partial_branches": 0, "covered_branches": 0, "missing_branches": 0, "percent_branches_covered": 100.0, "percent_branches_covered_display": "100"}, "missing_lines": [], "excluded_lines": [], "start_line": 53, "executed_branches": [], "missing_branches": []}, "_event_payload": {"executed_lines": [70], "summary": {"covered_lines": 1, "num_statements": 1, "percent_covered": 100.0, "percent_covered_display": "100", "missing_lines": 0, "excluded_lines": 0, "percent_statements_covered": 100.0, "percent_statements_covered_display": "100", "num_branches": 0, "num_partial_branches": 0, "covered_branches": 0, "missing_branches": 0, "percent_branches_covered": 100.0, "percent_branches_covered_display": "100"}, "missing_lines": [], "excluded_lines": [], "start_line": 69, "executed_branches": [], "missing_branches": []}, "checkpoint_payload": {"executed_lines": [81], "summary": {"covered_lines": 1, "num_statements": 1, "percent_covered": 100.0, "percent_covered_display": "100", "missing_lines": 0, "excluded_lines": 0, "percent_statements_covered": 100.0, "percent_statements_covered_display": "100", "num_branches": 0, "num_partial_branches": 0, "covered_branches": 0, "missing_branches": 0, "percent_branches_covered": 100.0, "percent_branches_covered_display": "100"}, "missing_lines": [], "excluded_lines": [], "start_line": 80, "executed_branches": [], "missing_branches": []}, "checkpoint_hash": {"executed_lines": [109], "summary": {"covered_lines": 1, "num_statements": 1, "percent_covered": 100.0, "percent_covered_display": "100", "missing_lines": 0, "excluded_lines": 0, "percent_statements_covered": 100.0, "percent_statements_covered_display": "100", "num_branches": 0, "num_partial_branches": 0, "covered_branches": 0, "missing_branches": 0, "percent_branches_covered": 100.0, "percent_branches_covered_display": "100"}, "missing_lines": [], "excluded_lines": [], "start_line": 108, "executed_branches": [], "missing_branches": []}, "_write_atomic": {"executed_lines": [113, 114, 115, 116, 117, 118, 121, 122, 123, 124, 125, 126, 127, 128, 129, 130, 131, 138, 139, 141, 142, 143], "summary": {"covered_lines": 22, "num_statements": 29, "percent_covered": 77.14285714285714, "percent_covered_display": "77", "missing_lines": 7, "excluded_lines": 0, "percent_statements_covered": 75.86206896551724, "percent_statements_covered_display": "76", "num_branches": 6, "num_partial_branches": 1, "covered_branches": 5, "missing_branches": 1, "percent_branches_covered": 83.33333333333333, "percent_branches_covered_display": "83"}, "missing_lines": [132, 133, 134, 135, 137, 144, 145], "excluded_lines": [], "start_line": 112, "executed_branches": [[114, 115], [114, 116], [131, 141], [141, -112], [141, 142]], "missing_branches": [[131, 132]]}, "write_checkpoint_atomic": {"executed_lines": [149, 150, 151, 152], "summary": {"covered_lines": 4, "num_statements": 4, "percent_covered": 100.0, "percent_covered_display": "100", "missing_lines": 0, "excluded_lines": 0, "percent_statements_covered": 100.0, "percent_statements_covered_display": "100", "num_branches": 0, "num_partial_branches": 0, "covered_branches": 0, "missing_branches": 0, "percent_branches_covered": 100.0, "percent_branches_covered_display": "100"}, "missing_lines": [], "excluded_lines": [], "start_line": 148, "executed_branches": [], "missing_branches": []}, "_expect_mapping": {"executed_lines": [156, 157, 158], "summary": {"covered_lines": 3, "num_statements": 3, "percent_covered": 100.0, "percent_covered_display": "100", "missing_lines": 0, "excluded_lines": 0, "percent_statements_covered": 100.0, "percent_statements_covered_display": "100", "num_branches": 2, "num_partial_branches": 0, "covered_branches": 2, "missing_branches": 0, "percent_branches_covered": 100.0, "percent_branches_covered_display": "100"}, "missing_lines": [], "excluded_lines": [], "start_line": 155, "executed_branches": [[156, 157], [156, 158]], "missing_branches": []}, "_expect_list": {"executed_lines": [162, 163, 164], "summary": {"covered_lines": 3, "num_statements": 3, "percent_covered": 100.0, "percent_covered_display": "100", "missing_lines": 0, "excluded_lines": 0, "percent_statements_covered": 100.0, "percent_statements_covered_display": "100", "num_branches": 2, "num_partial_branches": 0, "covered_branches": 2, "missing_branches": 0, "percent_branches_covered": 100.0, "percent_branches_covered_display": "100"}, "missing_lines": [], "excluded_lines": [], "start_line": 161, "executed_branches": [[162, 163], [162, 164]], "missing_branches": []}, "_expect_string": {"executed_lines": [168, 169, 170], "summary": {"covered_lines": 3, "num_statements": 3, "percent_covered": 100.0, "percent_covered_display": "100", "missing_lines": 0, "excluded_lines": 0, "percent_statements_covered": 100.0, "percent_statements_covered_display": "100", "num_branches": 2, "num_partial_branches": 0, "covered_branches": 2, "missing_branches": 0, "percent_branches_covered": 100.0, "percent_branches_covered_display": "100"}, "missing_lines": [], "excluded_lines": [], "start_line": 167, "executed_branches": [[168, 169], [168, 170]], "missing_branches": []}, "_expect_optional_string": {"executed_lines": [174, 175, 176], "summary": {"covered_lines": 3, "num_statements": 3, "percent_covered": 100.0, "percent_covered_display": "100", "missing_lines": 0, "excluded_lines": 0, "percent_statements_covered": 100.0, "percent_statements_covered_display": "100", "num_branches": 2, "num_partial_branches": 0, "covered_branches": 2, "missing_branches": 0, "percent_branches_covered": 100.0, "percent_branches_covered_display": "100"}, "missing_lines": [], "excluded_lines": [], "start_line": 173, "executed_branches": [[174, 175], [174, 176]], "missing_branches": []}, "_expect_integer": {"executed_lines": [180, 181, 182], "summary": {"covered_lines": 3, "num_statements": 3, "percent_covered": 100.0, "percent_covered_display": "100", "missing_lines": 0, "excluded_lines": 0, "percent_statements_covered": 100.0, "percent_statements_covered_display": "100", "num_branches": 2, "num_partial_branches": 0, "covered_branches": 2, "missing_branches": 0, "percent_branches_covered": 100.0, "percent_branches_covered_display": "100"}, "missing_lines": [], "excluded_lines": [], "start_line": 179, "executed_branches": [[180, 181], [180, 182]], "missing_branches": []}, "_expect_sha256": {"executed_lines": [186, 187, 188, 189], "summary": {"covered_lines": 4, "num_statements": 4, "percent_covered": 100.0, "percent_covered_display": "100", "missing_lines": 0, "excluded_lines": 0, "percent_statements_covered": 100.0, "percent_statements_covered_display": "100", "num_branches": 2, "num_partial_branches": 0, "covered_branches": 2, "missing_branches": 0, "percent_branches_covered": 100.0, "percent_branches_covered_display": "100"}, "missing_lines": [], "excluded_lines": [], "start_line": 185, "executed_branches": [[187, 188], [187, 189]], "missing_branches": []}, "_expect_string_map": {"executed_lines": [193, 194, 195, 196, 197, 202], "summary": {"covered_lines": 6, "num_statements": 6, "percent_covered": 100.0, "percent_covered_display": "100", "missing_lines": 0, "excluded_lines": 0, "percent_statements_covered": 100.0, "percent_statements_covered_display": "100", "num_branches": 2, "num_partial_branches": 0, "covered_branches": 2, "missing_branches": 0, "percent_branches_covered": 100.0, "percent_branches_covered_display": "100"}, "missing_lines": [], "excluded_lines": [], "start_line": 192, "executed_branches": [[195, 196], [195, 202]], "missing_branches": []}, "_expect_hash_maps": {"executed_lines": [206, 207], "summary": {"covered_lines": 2, "num_statements": 2, "percent_covered": 100.0, "percent_covered_display": "100", "missing_lines": 0, "excluded_lines": 0, "percent_statements_covered": 100.0, "percent_statements_covered_display": "100", "num_branches": 0, "num_partial_branches": 0, "covered_branches": 0, "missing_branches": 0, "percent_branches_covered": 100.0, "percent_branches_covered_display": "100"}, "missing_lines": [], "excluded_lines": [], "start_line": 205, "executed_branches": [], "missing_branches": []}, "_parse_attempt": {"executed_lines": [214, 215, 216, 217, 218, 237, 238], "summary": {"covered_lines": 7, "num_statements": 7, "percent_covered": 100.0, "percent_covered_display": "100", "missing_lines": 0, "excluded_lines": 0, "percent_statements_covered": 100.0, "percent_statements_covered_display": "100", "num_branches": 2, "num_partial_branches": 0, "covered_branches": 2, "missing_branches": 0, "percent_branches_covered": 100.0, "percent_branches_covered_display": "100"}, "missing_lines": [], "excluded_lines": [], "start_line": 213, "executed_branches": [[216, 217], [216, 218]], "missing_branches": []}, "_parse_event": {"executed_lines": [242, 243, 244, 245, 246, 247, 255, 256], "summary": {"covered_lines": 8, "num_statements": 8, "percent_covered": 100.0, "percent_covered_display": "100", "missing_lines": 0, "excluded_lines": 0, "percent_statements_covered": 100.0, "percent_statements_covered_display": "100", "num_branches": 2, "num_partial_branches": 0, "covered_branches": 2, "missing_branches": 0, "percent_branches_covered": 100.0, "percent_branches_covered_display": "100"}, "missing_lines": [], "excluded_lines": [], "start_line": 241, "executed_branches": [[244, 245], [244, 246]], "missing_branches": []}, "checkpoint_from_payload": {"executed_lines": [260, 261, 262, 263, 264, 265, 266, 267, 268, 269, 270, 273, 274, 275, 276, 303, 304, 305, 306, 307], "summary": {"covered_lines": 20, "num_statements": 20, "percent_covered": 100.0, "percent_covered_display": "100", "missing_lines": 0, "excluded_lines": 0, "percent_statements_covered": 100.0, "percent_statements_covered_display": "100", "num_branches": 6, "num_partial_branches": 0, "covered_branches": 6, "missing_branches": 0, "percent_branches_covered": 100.0, "percent_branches_covered_display": "100"}, "missing_lines": [], "excluded_lines": [], "start_line": 259, "executed_branches": [[261, 262], [261, 265], [269, 270], [269, 273], [305, 306], [305, 307]], "missing_branches": []}, "load_checkpoint": {"executed_lines": [311, 312, 313, 314, 315, 316], "summary": {"covered_lines": 6, "num_statements": 6, "percent_covered": 100.0, "percent_covered_display": "100", "missing_lines": 0, "excluded_lines": 0, "percent_statements_covered": 100.0, "percent_statements_covered_display": "100", "num_branches": 0, "num_partial_branches": 0, "covered_branches": 0, "missing_branches": 0, "percent_branches_covered": 100.0, "percent_branches_covered_display": "100"}, "missing_lines": [], "excluded_lines": [], "start_line": 310, "executed_branches": [], "missing_branches": []}, "": {"executed_lines": [3, 5, 6, 7, 8, 9, 10, 12, 13, 21, 36, 49, 50, 53, 69, 80, 108, 112, 148, 155, 161, 167, 173, 179, 185, 192, 205, 213, 241, 259, 310], "summary": {"covered_lines": 31, "num_statements": 31, "percent_covered": 100.0, "percent_covered_display": "100", "missing_lines": 0, "excluded_lines": 0, "percent_statements_covered": 100.0, "percent_statements_covered_display": "100", "num_branches": 0, "num_partial_branches": 0, "covered_branches": 0, "missing_branches": 0, "percent_branches_covered": 100.0, "percent_branches_covered_display": "100"}, "missing_lines": [], "excluded_lines": [], "start_line": 1, "executed_branches": [], "missing_branches": []}}, "classes": {"": {"executed_lines": [3, 5, 6, 7, 8, 9, 10, 12, 13, 21, 36, 49, 50, 53, 54, 69, 70, 80, 81, 108, 109, 112, 113, 114, 115, 116, 117, 118, 121, 122, 123, 124, 125, 126, 127, 128, 129, 130, 131, 138, 139, 141, 142, 143, 148, 149, 150, 151, 152, 155, 156, 157, 158, 161, 162, 163, 164, 167, 168, 169, 170, 173, 174, 175, 176, 179, 180, 181, 182, 185, 186, 187, 188, 189, 192, 193, 194, 195, 196, 197, 202, 205, 206, 207, 213, 214, 215, 216, 217, 218, 237, 238, 241, 242, 243, 244, 245, 246, 247, 255, 256, 259, 260, 261, 262, 263, 264, 265, 266, 267, 268, 269, 270, 273, 274, 275, 276, 303, 304, 305, 306, 307, 310, 311, 312, 313, 314, 315, 316], "summary": {"covered_lines": 129, "num_statements": 136, "percent_covered": 95.18072289156626, "percent_covered_display": "95", "missing_lines": 7, "excluded_lines": 0, "percent_statements_covered": 94.8529411764706, "percent_statements_covered_display": "95", "num_branches": 30, "num_partial_branches": 1, "covered_branches": 29, "missing_branches": 1, "percent_branches_covered": 96.66666666666667, "percent_branches_covered_display": "97"}, "missing_lines": [132, 133, 134, 135, 137, 144, 145], "excluded_lines": [], "start_line": 1, "executed_branches": [[114, 115], [114, 116], [131, 141], [141, -112], [141, 142], [156, 157], [156, 158], [162, 163], [162, 164], [168, 169], [168, 170], [174, 175], [174, 176], [180, 181], [180, 182], [187, 188], [187, 189], [195, 196], [195, 202], [216, 217], [216, 218], [244, 245], [244, 246], [261, 262], [261, 265], [269, 270], [269, 273], [305, 306], [305, 307]], "missing_branches": [[131, 132]]}}}, "src\\quant_pipeline\\dag_runner.py": {"executed_lines": [3, 5, 6, 7, 8, 9, 10, 11, 12, 13, 15, 16, 22, 29, 43, 44, 47, 48, 49, 50, 51, 54, 57, 58, 68, 75, 76, 77, 78, 79, 80, 83, 86, 98, 99, 100, 101, 102, 103, 104, 105, 106, 107, 109, 110, 111, 112, 113, 115, 116, 117, 118, 119, 120, 121, 122, 124, 133, 144, 145, 146, 147, 148, 153, 155, 156, 157, 158, 162, 163, 168, 169, 170, 171, 172, 175, 176, 177, 178, 180, 181, 182, 187, 188, 189, 194, 201, 202, 210, 212, 213, 214, 215, 216, 217, 218, 222, 223, 224, 225, 226, 227, 228, 229, 230, 233, 235, 243, 244, 245, 248, 251, 252, 253, 254, 255, 256, 264, 265, 266, 267, 268, 269, 270, 271, 272, 273, 274, 275, 276, 277, 278, 279, 280, 281, 282, 283, 284, 287, 288, 289, 290, 303, 305, 306, 307, 309, 316, 317, 324, 326, 332, 333, 334, 335, 336, 337, 339, 340, 341, 342, 343, 344, 350, 352, 353, 354, 361, 362, 363, 366, 367, 368, 369, 371, 372, 373, 374, 375, 376, 377, 378, 379, 386, 387, 389, 390, 391, 392, 396, 397, 408, 409, 410, 412, 413, 424, 425, 427, 428, 429, 430, 431, 432, 433, 446, 447, 448, 452, 453, 454, 455, 456, 457, 458, 461, 464, 465, 466, 473, 474, 475, 476, 477, 483, 484, 485, 486, 487, 489, 494, 495, 497, 498, 499, 500, 502, 503, 504, 505, 506, 507, 508, 509, 512, 513, 514, 515, 516, 530, 531, 532, 534, 535, 536, 537, 539, 540, 544, 545, 546, 549, 550, 552, 559, 560, 561, 569, 570, 571, 572, 573, 574, 575, 576, 577, 578, 579, 580, 585, 590, 591, 592, 593, 594, 595, 596, 597, 600, 601, 602, 604, 608, 609, 611, 612, 613, 614, 615, 616, 617, 618, 619, 620, 621, 622, 624, 625, 626, 627, 631, 632, 633, 636, 637, 638, 639, 640, 647, 649, 652, 654, 655, 656, 661, 662, 663, 664, 665, 667, 668], "summary": {"covered_lines": 331, "num_statements": 345, "percent_covered": 95.52572706935123, "percent_covered_display": "96", "missing_lines": 14, "excluded_lines": 0, "percent_statements_covered": 95.94202898550725, "percent_statements_covered_display": "96", "num_branches": 102, "num_partial_branches": 6, "covered_branches": 96, "missing_branches": 6, "percent_branches_covered": 94.11764705882354, "percent_branches_covered_display": "94"}, "missing_lines": [149, 150, 231, 232, 393, 394, 395, 538, 547, 548, 603, 623, 628, 653], "excluded_lines": [], "executed_branches": [[76, 77], [76, 78], [78, 79], [78, 80], [98, 99], [98, 100], [111, 112], [111, 113], [157, 158], [157, 162], [162, -155], [162, 163], [170, 171], [170, 176], [171, 172], [171, 175], [215, -212], [215, 216], [217, 215], [217, 218], [251, 252], [251, 254], [252, 251], [252, 253], [275, 276], [275, 287], [343, 344], [343, 352], [352, 353], [371, 372], [371, 389], [390, 391], [390, 412], [429, 430], [429, 431], [431, 432], [431, 433], [453, 454], [453, 489], [455, 456], [455, 457], [461, 464], [461, 475], [475, 476], [475, 485], [486, 453], [486, 487], [499, -497], [499, 500], [506, 507], [506, 508], [508, 509], [508, 512], [513, 514], [513, 515], [535, -534], [535, 536], [537, 539], [539, 535], [539, 540], [540, 539], [540, 544], [549, 540], [549, 550], [569, 570], [569, 571], [572, 573], [572, 574], [578, 579], [578, 580], [590, 591], [590, 592], [593, 594], [593, 601], [594, 595], [594, 596], [597, 593], [597, 600], [602, 604], [604, 608], [604, 609], [614, -611], [614, 615], [615, 616], [615, 617], [620, 621], [620, 622], [622, 624], [625, 626], [625, 637], [627, 631], [632, 633], [632, 636], [637, 638], [637, 639], [652, 654]], "missing_branches": [[352, -326], [537, 538], [602, 603], [622, 623], [627, 628], [652, 653]], "functions": {"_default_executor": {"executed_lines": [58, 68], "summary": {"covered_lines": 2, "num_statements": 2, "percent_covered": 100.0, "percent_covered_display": "100", "missing_lines": 0, "excluded_lines": 0, "percent_statements_covered": 100.0, "percent_statements_covered_display": "100", "num_branches": 0, "num_partial_branches": 0, "covered_branches": 0, "missing_branches": 0, "percent_branches_covered": 100.0, "percent_branches_covered_display": "100"}, "missing_lines": [], "excluded_lines": [], "start_line": 57, "executed_branches": [], "missing_branches": []}, "_exception_stream": {"executed_lines": [76, 77, 78, 79, 80], "summary": {"covered_lines": 5, "num_statements": 5, "percent_covered": 100.0, "percent_covered_display": "100", "missing_lines": 0, "excluded_lines": 0, "percent_statements_covered": 100.0, "percent_statements_covered_display": "100", "num_branches": 4, "num_partial_branches": 0, "covered_branches": 4, "missing_branches": 0, "percent_branches_covered": 100.0, "percent_branches_covered_display": "100"}, "missing_lines": [], "excluded_lines": [], "start_line": 75, "executed_branches": [[76, 77], [76, 78], [78, 79], [78, 80]], "missing_branches": []}, "DagRunner.__init__": {"executed_lines": [98, 99, 100, 101, 102, 103, 104, 105, 106, 107], "summary": {"covered_lines": 10, "num_statements": 10, "percent_covered": 100.0, "percent_covered_display": "100", "missing_lines": 0, "excluded_lines": 0, "percent_statements_covered": 100.0, "percent_statements_covered_display": "100", "num_branches": 2, "num_partial_branches": 0, "covered_branches": 2, "missing_branches": 0, "percent_branches_covered": 100.0, "percent_branches_covered_display": "100"}, "missing_lines": [], "excluded_lines": [], "start_line": 86, "executed_branches": [[98, 99], [98, 100]], "missing_branches": []}, "DagRunner._timestamp": {"executed_lines": [110, 111, 112, 113], "summary": {"covered_lines": 4, "num_statements": 4, "percent_covered": 100.0, "percent_covered_display": "100", "missing_lines": 0, "excluded_lines": 0, "percent_statements_covered": 100.0, "percent_statements_covered_display": "100", "num_branches": 2, "num_partial_branches": 0, "covered_branches": 2, "missing_branches": 0, "percent_branches_covered": 100.0, "percent_branches_covered_display": "100"}, "missing_lines": [], "excluded_lines": [], "start_line": 109, "executed_branches": [[111, 112], [111, 113]], "missing_branches": []}, "DagRunner._runtime_path": {"executed_lines": [117, 118, 119, 120, 121, 122], "summary": {"covered_lines": 6, "num_statements": 6, "percent_covered": 100.0, "percent_covered_display": "100", "missing_lines": 0, "excluded_lines": 0, "percent_statements_covered": 100.0, "percent_statements_covered_display": "100", "num_branches": 0, "num_partial_branches": 0, "covered_branches": 0, "missing_branches": 0, "percent_branches_covered": 100.0, "percent_branches_covered_display": "100"}, "missing_lines": [], "excluded_lines": [], "start_line": 116, "executed_branches": [], "missing_branches": []}, "DagRunner._event": {"executed_lines": [133], "summary": {"covered_lines": 1, "num_statements": 1, "percent_covered": 100.0, "percent_covered_display": "100", "missing_lines": 0, "excluded_lines": 0, "percent_statements_covered": 100.0, "percent_statements_covered_display": "100", "num_branches": 0, "num_partial_branches": 0, "covered_branches": 0, "missing_branches": 0, "percent_branches_covered": 100.0, "percent_branches_covered_display": "100"}, "missing_lines": [], "excluded_lines": [], "start_line": 124, "executed_branches": [], "missing_branches": []}, "DagRunner._artifact_path": {"executed_lines": [146, 147, 148, 153], "summary": {"covered_lines": 4, "num_statements": 6, "percent_covered": 66.66666666666667, "percent_covered_display": "67", "missing_lines": 2, "excluded_lines": 0, "percent_statements_covered": 66.66666666666667, "percent_statements_covered_display": "67", "num_branches": 0, "num_partial_branches": 0, "covered_branches": 0, "missing_branches": 0, "percent_branches_covered": 100.0, "percent_branches_covered_display": "100"}, "missing_lines": [149, 150], "excluded_lines": [], "start_line": 145, "executed_branches": [], "missing_branches": []}, "DagRunner._check_hash": {"executed_lines": [157, 158, 162, 163], "summary": {"covered_lines": 4, "num_statements": 4, "percent_covered": 100.0, "percent_covered_display": "100", "missing_lines": 0, "excluded_lines": 0, "percent_statements_covered": 100.0, "percent_statements_covered_display": "100", "num_branches": 4, "num_partial_branches": 0, "covered_branches": 4, "missing_branches": 0, "percent_branches_covered": 100.0, "percent_branches_covered_display": "100"}, "missing_lines": [], "excluded_lines": [], "start_line": 156, "executed_branches": [[157, 158], [157, 162], [162, -155], [162, 163]], "missing_branches": []}, "DagRunner._hash_artifact": {"executed_lines": [169, 170, 171, 172, 175, 176, 177, 178], "summary": {"covered_lines": 8, "num_statements": 8, "percent_covered": 100.0, "percent_covered_display": "100", "missing_lines": 0, "excluded_lines": 0, "percent_statements_covered": 100.0, "percent_statements_covered_display": "100", "num_branches": 4, "num_partial_branches": 0, "covered_branches": 4, "missing_branches": 0, "percent_branches_covered": 100.0, "percent_branches_covered_display": "100"}, "missing_lines": [], "excluded_lines": [], "start_line": 168, "executed_branches": [[170, 171], [170, 176], [171, 172], [171, 175]], "missing_branches": []}, "DagRunner._collect_input_hashes": {"executed_lines": [181, 182], "summary": {"covered_lines": 2, "num_statements": 2, "percent_covered": 100.0, "percent_covered_display": "100", "missing_lines": 0, "excluded_lines": 0, "percent_statements_covered": 100.0, "percent_statements_covered_display": "100", "num_branches": 0, "num_partial_branches": 0, "covered_branches": 0, "missing_branches": 0, "percent_branches_covered": 100.0, "percent_branches_covered_display": "100"}, "missing_lines": [], "excluded_lines": [], "start_line": 180, "executed_branches": [], "missing_branches": []}, "DagRunner._collect_output_hashes": {"executed_lines": [188, 189], "summary": {"covered_lines": 2, "num_statements": 2, "percent_covered": 100.0, "percent_covered_display": "100", "missing_lines": 0, "excluded_lines": 0, "percent_statements_covered": 100.0, "percent_statements_covered_display": "100", "num_branches": 0, "num_partial_branches": 0, "covered_branches": 0, "missing_branches": 0, "percent_branches_covered": 100.0, "percent_branches_covered_display": "100"}, "missing_lines": [], "excluded_lines": [], "start_line": 187, "executed_branches": [], "missing_branches": []}, "DagRunner._idempotency_key": {"executed_lines": [201, 202, 210], "summary": {"covered_lines": 3, "num_statements": 3, "percent_covered": 100.0, "percent_covered_display": "100", "missing_lines": 0, "excluded_lines": 0, "percent_statements_covered": 100.0, "percent_statements_covered_display": "100", "num_branches": 0, "num_partial_branches": 0, "covered_branches": 0, "missing_branches": 0, "percent_branches_covered": 100.0, "percent_branches_covered_display": "100"}, "missing_lines": [], "excluded_lines": [], "start_line": 194, "executed_branches": [], "missing_branches": []}, "DagRunner._ensure_fresh_output_paths": {"executed_lines": [214, 215, 216, 217, 218], "summary": {"covered_lines": 5, "num_statements": 5, "percent_covered": 100.0, "percent_covered_display": "100", "missing_lines": 0, "excluded_lines": 0, "percent_statements_covered": 100.0, "percent_statements_covered_display": "100", "num_branches": 4, "num_partial_branches": 0, "covered_branches": 4, "missing_branches": 0, "percent_branches_covered": 100.0, "percent_branches_covered_display": "100"}, "missing_lines": [], "excluded_lines": [], "start_line": 213, "executed_branches": [[215, -212], [215, 216], [217, 215], [217, 218]], "missing_branches": []}, "DagRunner._write_log": {"executed_lines": [224, 225, 226, 227, 228, 229, 230, 233], "summary": {"covered_lines": 8, "num_statements": 10, "percent_covered": 80.0, "percent_covered_display": "80", "missing_lines": 2, "excluded_lines": 0, "percent_statements_covered": 80.0, "percent_statements_covered_display": "80", "num_branches": 0, "num_partial_branches": 0, "covered_branches": 0, "missing_branches": 0, "percent_branches_covered": 100.0, "percent_branches_covered_display": "100"}, "missing_lines": [231, 232], "excluded_lines": [], "start_line": 223, "executed_branches": [], "missing_branches": []}, "DagRunner._attempt": {"executed_lines": [243, 244, 245, 248, 251, 252, 253, 254, 255, 256, 264, 265, 266, 267, 268, 269, 270, 271, 272, 273, 274, 275, 276, 277, 278, 279, 280, 281, 282, 283, 284, 287, 288, 289, 290, 303], "summary": {"covered_lines": 36, "num_statements": 36, "percent_covered": 100.0, "percent_covered_display": "100", "missing_lines": 0, "excluded_lines": 0, "percent_statements_covered": 100.0, "percent_statements_covered_display": "100", "num_branches": 6, "num_partial_branches": 0, "covered_branches": 6, "missing_branches": 0, "percent_branches_covered": 100.0, "percent_branches_covered_display": "100"}, "missing_lines": [], "excluded_lines": [], "start_line": 235, "executed_branches": [[251, 252], [251, 254], [252, 251], [252, 253], [275, 276], [275, 287]], "missing_branches": []}, "DagRunner._write_checkpoint": {"executed_lines": [306, 307], "summary": {"covered_lines": 2, "num_statements": 2, "percent_covered": 100.0, "percent_covered_display": "100", "missing_lines": 0, "excluded_lines": 0, "percent_statements_covered": 100.0, "percent_statements_covered_display": "100", "num_branches": 0, "num_partial_branches": 0, "covered_branches": 0, "missing_branches": 0, "percent_branches_covered": 100.0, "percent_branches_covered_display": "100"}, "missing_lines": [], "excluded_lines": [], "start_line": 305, "executed_branches": [], "missing_branches": []}, "DagRunner._mark_contract_failure": {"executed_lines": [316, 317, 324], "summary": {"covered_lines": 3, "num_statements": 3, "percent_covered": 100.0, "percent_covered_display": "100", "missing_lines": 0, "excluded_lines": 0, "percent_statements_covered": 100.0, "percent_statements_covered_display": "100", "num_branches": 0, "num_partial_branches": 0, "covered_branches": 0, "missing_branches": 0, "percent_branches_covered": 100.0, "percent_branches_covered_display": "100"}, "missing_lines": [], "excluded_lines": [], "start_line": 309, "executed_branches": [], "missing_branches": []}, "DagRunner._execute_step": {"executed_lines": [332, 333, 334, 335, 336, 337, 339, 340, 341, 342, 343, 344, 350, 352, 353, 354, 361, 362, 363, 366, 367, 368, 369, 371, 372, 373, 374, 375, 376, 377, 378, 379, 386, 387, 389, 390, 391, 392, 396, 397, 408, 409, 410, 412, 413, 424, 425], "summary": {"covered_lines": 47, "num_statements": 50, "percent_covered": 93.10344827586206, "percent_covered_display": "93", "missing_lines": 3, "excluded_lines": 0, "percent_statements_covered": 94.0, "percent_statements_covered_display": "94", "num_branches": 8, "num_partial_branches": 1, "covered_branches": 7, "missing_branches": 1, "percent_branches_covered": 87.5, "percent_branches_covered_display": "88"}, "missing_lines": [393, 394, 395], "excluded_lines": [], "start_line": 326, "executed_branches": [[343, 344], [343, 352], [352, 353], [371, 372], [371, 389], [390, 391], [390, 412]], "missing_branches": [[352, -326]]}, "DagRunner._result": {"executed_lines": [428, 429, 430, 431, 432, 433], "summary": {"covered_lines": 6, "num_statements": 6, "percent_covered": 100.0, "percent_covered_display": "100", "missing_lines": 0, "excluded_lines": 0, "percent_statements_covered": 100.0, "percent_statements_covered_display": "100", "num_branches": 4, "num_partial_branches": 0, "covered_branches": 4, "missing_branches": 0, "percent_branches_covered": 100.0, "percent_branches_covered_display": "100"}, "missing_lines": [], "excluded_lines": [], "start_line": 427, "executed_branches": [[429, 430], [429, 431], [431, 432], [431, 433]], "missing_branches": []}, "DagRunner._execute": {"executed_lines": [447, 448, 452, 453, 454, 455, 456, 457, 458, 461, 464, 465, 466, 473, 474, 475, 476, 477, 483, 484, 485, 486, 487, 489, 494, 495], "summary": {"covered_lines": 26, "num_statements": 26, "percent_covered": 100.0, "percent_covered_display": "100", "missing_lines": 0, "excluded_lines": 0, "percent_statements_covered": 100.0, "percent_statements_covered_display": "100", "num_branches": 10, "num_partial_branches": 0, "covered_branches": 10, "missing_branches": 0, "percent_branches_covered": 100.0, "percent_branches_covered_display": "100"}, "missing_lines": [], "excluded_lines": [], "start_line": 446, "executed_branches": [[453, 454], [453, 489], [455, 456], [455, 457], [461, 464], [461, 475], [475, 476], [475, 485], [486, 453], [486, 487]], "missing_branches": []}, "DagRunner._validate_run_id": {"executed_lines": [499, 500], "summary": {"covered_lines": 2, "num_statements": 2, "percent_covered": 100.0, "percent_covered_display": "100", "missing_lines": 0, "excluded_lines": 0, "percent_statements_covered": 100.0, "percent_statements_covered_display": "100", "num_branches": 2, "num_partial_branches": 0, "covered_branches": 2, "missing_branches": 0, "percent_branches_covered": 100.0, "percent_branches_covered_display": "100"}, "missing_lines": [], "excluded_lines": [], "start_line": 498, "executed_branches": [[499, -497], [499, 500]], "missing_branches": []}, "DagRunner.run": {"executed_lines": [503, 504, 505, 506, 507, 508, 509, 512, 513, 514, 515, 516, 530, 531, 532], "summary": {"covered_lines": 15, "num_statements": 15, "percent_covered": 100.0, "percent_covered_display": "100", "missing_lines": 0, "excluded_lines": 0, "percent_statements_covered": 100.0, "percent_statements_covered_display": "100", "num_branches": 6, "num_partial_branches": 0, "covered_branches": 6, "missing_branches": 0, "percent_branches_covered": 100.0, "percent_branches_covered_display": "100"}, "missing_lines": [], "excluded_lines": [], "start_line": 502, "executed_branches": [[506, 507], [506, 508], [508, 509], [508, 512], [513, 514], [513, 515]], "missing_branches": []}, "DagRunner._verify_attempt_logs": {"executed_lines": [535, 536, 537, 539, 540, 544, 545, 546, 549, 550], "summary": {"covered_lines": 10, "num_statements": 13, "percent_covered": 82.6086956521739, "percent_covered_display": "83", "missing_lines": 3, "excluded_lines": 0, "percent_statements_covered": 76.92307692307692, "percent_statements_covered_display": "77", "num_branches": 10, "num_partial_branches": 1, "covered_branches": 9, "missing_branches": 1, "percent_branches_covered": 90.0, "percent_branches_covered_display": "90"}, "missing_lines": [538, 547, 548], "excluded_lines": [], "start_line": 534, "executed_branches": [[535, -534], [535, 536], [537, 539], [539, 535], [539, 540], [540, 539], [540, 544], [549, 540], [549, 550]], "missing_branches": [[537, 538]]}, "DagRunner._validate_checkpoint": {"executed_lines": [559, 560, 561, 569, 570, 571, 572, 573, 574, 575, 576, 577, 578, 579, 580, 585, 590, 591, 592, 593, 594, 595, 596, 597, 600, 601, 602, 604, 608, 609], "summary": {"covered_lines": 30, "num_statements": 31, "percent_covered": 95.91836734693878, "percent_covered_display": "96", "missing_lines": 1, "excluded_lines": 0, "percent_statements_covered": 96.7741935483871, "percent_statements_covered_display": "97", "num_branches": 18, "num_partial_branches": 1, "covered_branches": 17, "missing_branches": 1, "percent_branches_covered": 94.44444444444444, "percent_branches_covered_display": "94"}, "missing_lines": [603], "excluded_lines": [], "start_line": 552, "executed_branches": [[569, 570], [569, 571], [572, 573], [572, 574], [578, 579], [578, 580], [590, 591], [590, 592], [593, 594], [593, 601], [594, 595], [594, 596], [597, 593], [597, 600], [602, 604], [604, 608], [604, 609]], "missing_branches": [[602, 603]]}, "DagRunner._cache_completed_steps": {"executed_lines": [612, 613, 614, 615, 616, 617, 618, 619, 620, 621, 622, 624, 625, 626, 627, 631, 632, 633, 636, 637, 638, 639, 640, 647], "summary": {"covered_lines": 24, "num_statements": 26, "percent_covered": 90.47619047619048, "percent_covered_display": "90", "missing_lines": 2, "excluded_lines": 0, "percent_statements_covered": 92.3076923076923, "percent_statements_covered_display": "92", "num_branches": 16, "num_partial_branches": 2, "covered_branches": 14, "missing_branches": 2, "percent_branches_covered": 87.5, "percent_branches_covered_display": "88"}, "missing_lines": [623, 628], "excluded_lines": [], "start_line": 611, "executed_branches": [[614, -611], [614, 615], [615, 616], [615, 617], [620, 621], [620, 622], [622, 624], [625, 626], [625, 637], [627, 631], [632, 633], [632, 636], [637, 638], [637, 639]], "missing_branches": [[622, 623], [627, 628]]}, "DagRunner._resume": {"executed_lines": [652, 654, 655, 656, 661, 662, 663, 664, 665], "summary": {"covered_lines": 9, "num_statements": 10, "percent_covered": 83.33333333333333, "percent_covered_display": "83", "missing_lines": 1, "excluded_lines": 0, "percent_statements_covered": 90.0, "percent_statements_covered_display": "90", "num_branches": 2, "num_partial_branches": 1, "covered_branches": 1, "missing_branches": 1, "percent_branches_covered": 50.0, "percent_branches_covered_display": "50"}, "missing_lines": [653], "excluded_lines": [], "start_line": 649, "executed_branches": [[652, 654]], "missing_branches": [[652, 653]]}, "DagRunner.resume": {"executed_lines": [668], "summary": {"covered_lines": 1, "num_statements": 1, "percent_covered": 100.0, "percent_covered_display": "100", "missing_lines": 0, "excluded_lines": 0, "percent_statements_covered": 100.0, "percent_statements_covered_display": "100", "num_branches": 0, "num_partial_branches": 0, "covered_branches": 0, "missing_branches": 0, "percent_branches_covered": 100.0, "percent_branches_covered_display": "100"}, "missing_lines": [], "excluded_lines": [], "start_line": 667, "executed_branches": [], "missing_branches": []}, "": {"executed_lines": [3, 5, 6, 7, 8, 9, 10, 11, 12, 13, 15, 16, 22, 29, 43, 44, 47, 48, 49, 50, 51, 54, 57, 75, 83, 86, 109, 115, 116, 124, 144, 145, 155, 156, 168, 180, 187, 194, 212, 213, 222, 223, 235, 305, 309, 326, 427, 446, 497, 498, 502, 534, 552, 611, 649, 667], "summary": {"covered_lines": 56, "num_statements": 56, "percent_covered": 100.0, "percent_covered_display": "100", "missing_lines": 0, "excluded_lines": 0, "percent_statements_covered": 100.0, "percent_statements_covered_display": "100", "num_branches": 0, "num_partial_branches": 0, "covered_branches": 0, "missing_branches": 0, "percent_branches_covered": 100.0, "percent_branches_covered_display": "100"}, "missing_lines": [], "excluded_lines": [], "start_line": 1, "executed_branches": [], "missing_branches": []}}, "classes": {"ExecutionOutcome": {"executed_lines": [], "summary": {"covered_lines": 0, "num_statements": 0, "percent_covered": 100.0, "percent_covered_display": "100", "missing_lines": 0, "excluded_lines": 0, "percent_statements_covered": 100.0, "percent_statements_covered_display": "100", "num_branches": 0, "num_partial_branches": 0, "covered_branches": 0, "missing_branches": 0, "percent_branches_covered": 100.0, "percent_branches_covered_display": "100"}, "missing_lines": [], "excluded_lines": [], "start_line": 48, "executed_branches": [], "missing_branches": []}, "DagRunner": {"executed_lines": [98, 99, 100, 101, 102, 103, 104, 105, 106, 107, 110, 111, 112, 113, 117, 118, 119, 120, 121, 122, 133, 146, 147, 148, 153, 157, 158, 162, 163, 169, 170, 171, 172, 175, 176, 177, 178, 181, 182, 188, 189, 201, 202, 210, 214, 215, 216, 217, 218, 224, 225, 226, 227, 228, 229, 230, 233, 243, 244, 245, 248, 251, 252, 253, 254, 255, 256, 264, 265, 266, 267, 268, 269, 270, 271, 272, 273, 274, 275, 276, 277, 278, 279, 280, 281, 282, 283, 284, 287, 288, 289, 290, 303, 306, 307, 316, 317, 324, 332, 333, 334, 335, 336, 337, 339, 340, 341, 342, 343, 344, 350, 352, 353, 354, 361, 362, 363, 366, 367, 368, 369, 371, 372, 373, 374, 375, 376, 377, 378, 379, 386, 387, 389, 390, 391, 392, 396, 397, 408, 409, 410, 412, 413, 424, 425, 428, 429, 430, 431, 432, 433, 447, 448, 452, 453, 454, 455, 456, 457, 458, 461, 464, 465, 466, 473, 474, 475, 476, 477, 483, 484, 485, 486, 487, 489, 494, 495, 499, 500, 503, 504, 505, 506, 507, 508, 509, 512, 513, 514, 515, 516, 530, 531, 532, 535, 536, 537, 539, 540, 544, 545, 546, 549, 550, 559, 560, 561, 569, 570, 571, 572, 573, 574, 575, 576, 577, 578, 579, 580, 585, 590, 591, 592, 593, 594, 595, 596, 597, 600, 601, 602, 604, 608, 609, 612, 613, 614, 615, 616, 617, 618, 619, 620, 621, 622, 624, 625, 626, 627, 631, 632, 633, 636, 637, 638, 639, 640, 647, 652, 654, 655, 656, 661, 662, 663, 664, 665, 668], "summary": {"covered_lines": 268, "num_statements": 282, "percent_covered": 94.73684210526316, "percent_covered_display": "95", "missing_lines": 14, "excluded_lines": 0, "percent_statements_covered": 95.0354609929078, "percent_statements_covered_display": "95", "num_branches": 98, "num_partial_branches": 6, "covered_branches": 92, "missing_branches": 6, "percent_branches_covered": 93.87755102040816, "percent_branches_covered_display": "94"}, "missing_lines": [149, 150, 231, 232, 393, 394, 395, 538, 547, 548, 603, 623, 628, 653], "excluded_lines": [], "start_line": 83, "executed_branches": [[98, 99], [98, 100], [111, 112], [111, 113], [157, 158], [157, 162], [162, -155], [162, 163], [170, 171], [170, 176], [171, 172], [171, 175], [215, -212], [215, 216], [217, 215], [217, 218], [251, 252], [251, 254], [252, 251], [252, 253], [275, 276], [275, 287], [343, 344], [343, 352], [352, 353], [371, 372], [371, 389], [390, 391], [390, 412], [429, 430], [429, 431], [431, 432], [431, 433], [453, 454], [453, 489], [455, 456], [455, 457], [461, 464], [461, 475], [475, 476], [475, 485], [486, 453], [486, 487], [499, -497], [499, 500], [506, 507], [506, 508], [508, 509], [508, 512], [513, 514], [513, 515], [535, -534], [535, 536], [537, 539], [539, 535], [539, 540], [540, 539], [540, 544], [549, 540], [549, 550], [569, 570], [569, 571], [572, 573], [572, 574], [578, 579], [578, 580], [590, 591], [590, 592], [593, 594], [593, 601], [594, 595], [594, 596], [597, 593], [597, 600], [602, 604], [604, 608], [604, 609], [614, -611], [614, 615], [615, 616], [615, 617], [620, 621], [620, 622], [622, 624], [625, 626], [625, 637], [627, 631], [632, 633], [632, 636], [637, 638], [637, 639], [652, 654]], "missing_branches": [[352, -326], [537, 538], [602, 603], [622, 623], [627, 628], [652, 653]]}, "": {"executed_lines": [3, 5, 6, 7, 8, 9, 10, 11, 12, 13, 15, 16, 22, 29, 43, 44, 47, 48, 49, 50, 51, 54, 57, 58, 68, 75, 76, 77, 78, 79, 80, 83, 86, 109, 115, 116, 124, 144, 145, 155, 156, 168, 180, 187, 194, 212, 213, 222, 223, 235, 305, 309, 326, 427, 446, 497, 498, 502, 534, 552, 611, 649, 667], "summary": {"covered_lines": 63, "num_statements": 63, "percent_covered": 100.0, "percent_covered_display": "100", "missing_lines": 0, "excluded_lines": 0, "percent_statements_covered": 100.0, "percent_statements_covered_display": "100", "num_branches": 4, "num_partial_branches": 0, "covered_branches": 4, "missing_branches": 0, "percent_branches_covered": 100.0, "percent_branches_covered_display": "100"}, "missing_lines": [], "excluded_lines": [], "start_line": 1, "executed_branches": [[76, 77], [76, 78], [78, 79], [78, 80]], "missing_branches": []}}}, "src\\quant_pipeline\\dag_schema.py": {"executed_lines": [3, 5, 6, 7, 8, 9, 10, 11, 13, 15, 16, 27, 28, 29, 39, 50, 61, 67, 70, 71, 73, 76, 77, 78, 79, 82, 83, 84, 85, 88, 89, 90, 91, 94, 95, 97, 98, 99, 100, 103, 104, 106, 109, 110, 111, 112, 115, 116, 121, 122, 123, 124, 127, 128, 129, 133, 134, 135, 136, 137, 138, 139, 140, 141, 142, 144, 147, 148, 149, 150, 151, 157, 158, 166, 167, 168, 169, 170, 171, 186, 187, 188, 189, 190, 191, 192, 197, 198, 204, 217, 219, 220, 221, 224, 225, 226, 227, 228, 229, 231, 232, 233, 234, 235, 236, 244, 249, 253, 257, 270, 271, 274, 276, 277, 278, 279, 280, 281, 282, 283, 284, 285, 286, 287, 288, 289, 290, 291, 292, 293, 294, 295, 296, 297, 300, 304, 306, 307, 309, 311, 312, 313, 314, 316, 317, 318, 319, 320, 321, 322, 323, 324, 325, 326, 327, 329, 330, 331, 332, 333, 335, 336, 337, 338, 339, 340, 341, 345, 346, 351, 356, 357, 362, 363, 364, 365, 366, 367, 368, 369, 370, 371, 377, 378, 379, 380, 381, 382, 383, 384, 385, 386, 391, 392, 393, 399, 405, 406, 407, 408, 409, 410, 411, 412, 413, 414, 415, 416, 420, 421, 424, 425, 426, 429, 430, 431, 432, 433, 434, 438, 439, 440, 446, 447, 448, 451, 452, 465, 466, 467, 488, 489, 490, 507, 508, 511, 512], "summary": {"covered_lines": 237, "num_statements": 249, "percent_covered": 93.73297002724796, "percent_covered_display": "94", "missing_lines": 12, "excluded_lines": 0, "percent_statements_covered": 95.18072289156626, "percent_statements_covered_display": "95", "num_branches": 118, "num_partial_branches": 11, "covered_branches": 107, "missing_branches": 11, "percent_branches_covered": 90.67796610169492, "percent_branches_covered_display": "91"}, "missing_lines": [72, 96, 105, 130, 143, 222, 223, 310, 334, 427, 428, 436], "excluded_lines": [], "executed_branches": [[71, 73], [77, 78], [77, 79], [83, 84], [83, 85], [89, 90], [89, 91], [95, 97], [98, 99], [98, 100], [104, 106], [110, 111], [110, 112], [123, -121], [123, 124], [129, -127], [135, 136], [142, 144], [189, 190], [189, 191], [228, 229], [228, 231], [233, 234], [277, 278], [277, 279], [281, 282], [281, 287], [282, 281], [282, 283], [283, 284], [283, 285], [290, 291], [290, 297], [293, 290], [293, 294], [295, 296], [309, 311], [318, 319], [318, 320], [320, 321], [320, 322], [322, 323], [322, 324], [329, 330], [329, 377], [331, 332], [331, 333], [333, 335], [335, 336], [335, 337], [337, 338], [337, 339], [339, 340], [339, 341], [341, 345], [341, 351], [345, 341], [345, 346], [351, 356], [351, 362], [356, 351], [356, 357], [362, 363], [362, 364], [364, 365], [364, 367], [365, 364], [365, 366], [367, 368], [367, 370], [368, 367], [368, 369], [370, 329], [370, 371], [379, 380], [379, 405], [380, 381], [380, 391], [383, 384], [385, 380], [385, 386], [391, 379], [391, 392], [393, 391], [393, 399], [405, 406], [405, 438], [407, 408], [407, 409], [409, 410], [409, 411], [412, 413], [412, 414], [414, 415], [414, 416], [416, 420], [416, 424], [420, 416], [420, 421], [429, 430], [429, 431], [438, 439], [438, 446], [439, 438], [439, 440], [446, 447], [446, 448]], "missing_branches": [[71, 72], [95, 96], [104, 105], [129, 130], [135, 137], [142, 143], [233, 235], [295, 293], [309, 310], [333, 334], [383, 380]], "functions": {"_mapping": {"executed_lines": [71, 73], "summary": {"covered_lines": 2, "num_statements": 3, "percent_covered": 60.0, "percent_covered_display": "60", "missing_lines": 1, "excluded_lines": 0, "percent_statements_covered": 66.66666666666667, "percent_statements_covered_display": "67", "num_branches": 2, "num_partial_branches": 1, "covered_branches": 1, "missing_branches": 1, "percent_branches_covered": 50.0, "percent_branches_covered_display": "50"}, "missing_lines": [72], "excluded_lines": [], "start_line": 70, "executed_branches": [[71, 73]], "missing_branches": [[71, 72]]}, "_list": {"executed_lines": [77, 78, 79], "summary": {"covered_lines": 3, "num_statements": 3, "percent_covered": 100.0, "percent_covered_display": "100", "missing_lines": 0, "excluded_lines": 0, "percent_statements_covered": 100.0, "percent_statements_covered_display": "100", "num_branches": 2, "num_partial_branches": 0, "covered_branches": 2, "missing_branches": 0, "percent_branches_covered": 100.0, "percent_branches_covered_display": "100"}, "missing_lines": [], "excluded_lines": [], "start_line": 76, "executed_branches": [[77, 78], [77, 79]], "missing_branches": []}, "_string": {"executed_lines": [83, 84, 85], "summary": {"covered_lines": 3, "num_statements": 3, "percent_covered": 100.0, "percent_covered_display": "100", "missing_lines": 0, "excluded_lines": 0, "percent_statements_covered": 100.0, "percent_statements_covered_display": "100", "num_branches": 2, "num_partial_branches": 0, "covered_branches": 2, "missing_branches": 0, "percent_branches_covered": 100.0, "percent_branches_covered_display": "100"}, "missing_lines": [], "excluded_lines": [], "start_line": 82, "executed_branches": [[83, 84], [83, 85]], "missing_branches": []}, "_bool": {"executed_lines": [89, 90, 91], "summary": {"covered_lines": 3, "num_statements": 3, "percent_covered": 100.0, "percent_covered_display": "100", "missing_lines": 0, "excluded_lines": 0, "percent_statements_covered": 100.0, "percent_statements_covered_display": "100", "num_branches": 2, "num_partial_branches": 0, "covered_branches": 2, "missing_branches": 0, "percent_branches_covered": 100.0, "percent_branches_covered_display": "100"}, "missing_lines": [], "excluded_lines": [], "start_line": 88, "executed_branches": [[89, 90], [89, 91]], "missing_branches": []}, "_number": {"executed_lines": [95, 97, 98, 99, 100], "summary": {"covered_lines": 5, "num_statements": 6, "percent_covered": 80.0, "percent_covered_display": "80", "missing_lines": 1, "excluded_lines": 0, "percent_statements_covered": 83.33333333333333, "percent_statements_covered_display": "83", "num_branches": 4, "num_partial_branches": 1, "covered_branches": 3, "missing_branches": 1, "percent_branches_covered": 75.0, "percent_branches_covered_display": "75"}, "missing_lines": [96], "excluded_lines": [], "start_line": 94, "executed_branches": [[95, 97], [98, 99], [98, 100]], "missing_branches": [[95, 96]]}, "_integer": {"executed_lines": [104, 106], "summary": {"covered_lines": 2, "num_statements": 3, "percent_covered": 60.0, "percent_covered_display": "60", "missing_lines": 1, "excluded_lines": 0, "percent_statements_covered": 66.66666666666667, "percent_statements_covered_display": "67", "num_branches": 2, "num_partial_branches": 1, "covered_branches": 1, "missing_branches": 1, "percent_branches_covered": 50.0, "percent_branches_covered_display": "50"}, "missing_lines": [105], "excluded_lines": [], "start_line": 103, "executed_branches": [[104, 106]], "missing_branches": [[104, 105]]}, "_optional_string": {"executed_lines": [110, 111, 112], "summary": {"covered_lines": 3, "num_statements": 3, "percent_covered": 100.0, "percent_covered_display": "100", "missing_lines": 0, "excluded_lines": 0, "percent_statements_covered": 100.0, "percent_statements_covered_display": "100", "num_branches": 2, "num_partial_branches": 0, "covered_branches": 2, "missing_branches": 0, "percent_branches_covered": 100.0, "percent_branches_covered_display": "100"}, "missing_lines": [], "excluded_lines": [], "start_line": 109, "executed_branches": [[110, 111], [110, 112]], "missing_branches": []}, "_string_tuple": {"executed_lines": [116], "summary": {"covered_lines": 1, "num_statements": 1, "percent_covered": 100.0, "percent_covered_display": "100", "missing_lines": 0, "excluded_lines": 0, "percent_statements_covered": 100.0, "percent_statements_covered_display": "100", "num_branches": 0, "num_partial_branches": 0, "covered_branches": 0, "missing_branches": 0, "percent_branches_covered": 100.0, "percent_branches_covered_display": "100"}, "missing_lines": [], "excluded_lines": [], "start_line": 115, "executed_branches": [], "missing_branches": []}, "_reject_unknown_keys": {"executed_lines": [122, 123, 124], "summary": {"covered_lines": 3, "num_statements": 3, "percent_covered": 100.0, "percent_covered_display": "100", "missing_lines": 0, "excluded_lines": 0, "percent_statements_covered": 100.0, "percent_statements_covered_display": "100", "num_branches": 2, "num_partial_branches": 0, "covered_branches": 2, "missing_branches": 0, "percent_branches_covered": 100.0, "percent_branches_covered_display": "100"}, "missing_lines": [], "excluded_lines": [], "start_line": 121, "executed_branches": [[123, -121], [123, 124]], "missing_branches": []}, "_required": {"executed_lines": [128, 129], "summary": {"covered_lines": 2, "num_statements": 3, "percent_covered": 60.0, "percent_covered_display": "60", "missing_lines": 1, "excluded_lines": 0, "percent_statements_covered": 66.66666666666667, "percent_statements_covered_display": "67", "num_branches": 2, "num_partial_branches": 1, "covered_branches": 1, "missing_branches": 1, "percent_branches_covered": 50.0, "percent_branches_covered_display": "50"}, "missing_lines": [130], "excluded_lines": [], "start_line": 127, "executed_branches": [[129, -127]], "missing_branches": [[129, 130]]}, "_normalize_path": {"executed_lines": [134, 135, 136, 137, 138, 139, 140, 141, 142, 144], "summary": {"covered_lines": 10, "num_statements": 11, "percent_covered": 80.0, "percent_covered_display": "80", "missing_lines": 1, "excluded_lines": 0, "percent_statements_covered": 90.9090909090909, "percent_statements_covered_display": "91", "num_branches": 4, "num_partial_branches": 2, "covered_branches": 2, "missing_branches": 2, "percent_branches_covered": 50.0, "percent_branches_covered_display": "50"}, "missing_lines": [143], "excluded_lines": [], "start_line": 133, "executed_branches": [[135, 136], [142, 144]], "missing_branches": [[135, 137], [142, 143]]}, "_parse_retry": {"executed_lines": [148, 149, 150, 151, 157, 158], "summary": {"covered_lines": 6, "num_statements": 6, "percent_covered": 100.0, "percent_covered_display": "100", "missing_lines": 0, "excluded_lines": 0, "percent_statements_covered": 100.0, "percent_statements_covered_display": "100", "num_branches": 0, "num_partial_branches": 0, "covered_branches": 0, "missing_branches": 0, "percent_branches_covered": 100.0, "percent_branches_covered_display": "100"}, "missing_lines": [], "excluded_lines": [], "start_line": 147, "executed_branches": [], "missing_branches": []}, "_parse_artifact": {"executed_lines": [167, 168, 169, 170, 171], "summary": {"covered_lines": 5, "num_statements": 5, "percent_covered": 100.0, "percent_covered_display": "100", "missing_lines": 0, "excluded_lines": 0, "percent_statements_covered": 100.0, "percent_statements_covered_display": "100", "num_branches": 0, "num_partial_branches": 0, "covered_branches": 0, "missing_branches": 0, "percent_branches_covered": 100.0, "percent_branches_covered_display": "100"}, "missing_lines": [], "excluded_lines": [], "start_line": 166, "executed_branches": [], "missing_branches": []}, "_parse_step": {"executed_lines": [187, 188, 189, 190, 191, 192, 197, 198, 204], "summary": {"covered_lines": 9, "num_statements": 9, "percent_covered": 100.0, "percent_covered_display": "100", "missing_lines": 0, "excluded_lines": 0, "percent_statements_covered": 100.0, "percent_statements_covered_display": "100", "num_branches": 2, "num_partial_branches": 0, "covered_branches": 2, "missing_branches": 0, "percent_branches_covered": 100.0, "percent_branches_covered_display": "100"}, "missing_lines": [], "excluded_lines": [], "start_line": 186, "executed_branches": [[189, 190], [189, 191]], "missing_branches": []}, "load_pipeline_spec": {"executed_lines": [219, 220, 221, 224, 225, 226, 227, 228, 229, 231, 232, 233, 234, 235, 236, 244, 249, 253, 257], "summary": {"covered_lines": 19, "num_statements": 21, "percent_covered": 88.0, "percent_covered_display": "88", "missing_lines": 2, "excluded_lines": 0, "percent_statements_covered": 90.47619047619048, "percent_statements_covered_display": "90", "num_branches": 4, "num_partial_branches": 1, "covered_branches": 3, "missing_branches": 1, "percent_branches_covered": 75.0, "percent_branches_covered_display": "75"}, "missing_lines": [222, 223], "excluded_lines": [], "start_line": 217, "executed_branches": [[228, 229], [228, 231], [233, 234]], "missing_branches": [[233, 235]]}, "_duplicates": {"executed_lines": [271], "summary": {"covered_lines": 1, "num_statements": 1, "percent_covered": 100.0, "percent_covered_display": "100", "missing_lines": 0, "excluded_lines": 0, "percent_statements_covered": 100.0, "percent_statements_covered_display": "100", "num_branches": 0, "num_partial_branches": 0, "covered_branches": 0, "missing_branches": 0, "percent_branches_covered": 100.0, "percent_branches_covered_display": "100"}, "missing_lines": [], "excluded_lines": [], "start_line": 270, "executed_branches": [], "missing_branches": []}, "deterministic_topology": {"executed_lines": [276, 277, 278, 279, 280, 281, 282, 283, 284, 285, 286, 287, 288, 289, 290, 291, 292, 293, 294, 295, 296, 297], "summary": {"covered_lines": 22, "num_statements": 22, "percent_covered": 97.22222222222223, "percent_covered_display": "97", "missing_lines": 0, "excluded_lines": 0, "percent_statements_covered": 100.0, "percent_statements_covered_display": "100", "num_branches": 14, "num_partial_branches": 1, "covered_branches": 13, "missing_branches": 1, "percent_branches_covered": 92.85714285714286, "percent_branches_covered_display": "93"}, "missing_lines": [], "excluded_lines": [], "start_line": 274, "executed_branches": [[277, 278], [277, 279], [281, 282], [281, 287], [282, 281], [282, 283], [283, 284], [283, 285], [290, 291], [290, 297], [293, 290], [293, 294], [295, 296]], "missing_branches": [[295, 293]]}, "validate_pipeline_spec": {"executed_lines": [304, 306, 309, 311, 312, 313, 314, 316, 317, 318, 319, 320, 321, 322, 323, 324, 325, 326, 327, 329, 330, 331, 332, 333, 335, 336, 337, 338, 339, 340, 341, 345, 346, 351, 356, 357, 362, 363, 364, 365, 366, 367, 368, 369, 370, 371, 377, 378, 379, 380, 381, 382, 383, 384, 385, 386, 391, 392, 393, 399, 405, 406, 407, 408, 409, 410, 411, 412, 413, 414, 415, 416, 420, 421, 424, 425, 426, 429, 430, 431, 432, 433, 434, 438, 439, 440, 446, 447, 448], "summary": {"covered_lines": 89, "num_statements": 94, "percent_covered": 95.23809523809524, "percent_covered_display": "95", "missing_lines": 5, "excluded_lines": 0, "percent_statements_covered": 94.68085106382979, "percent_statements_covered_display": "95", "num_branches": 74, "num_partial_branches": 3, "covered_branches": 71, "missing_branches": 3, "percent_branches_covered": 95.94594594594595, "percent_branches_covered_display": "96"}, "missing_lines": [310, 334, 427, 428, 436], "excluded_lines": [], "start_line": 300, "executed_branches": [[309, 311], [318, 319], [318, 320], [320, 321], [320, 322], [322, 323], [322, 324], [329, 330], [329, 377], [331, 332], [331, 333], [333, 335], [335, 336], [335, 337], [337, 338], [337, 339], [339, 340], [339, 341], [341, 345], [341, 351], [345, 341], [345, 346], [351, 356], [351, 362], [356, 351], [356, 357], [362, 363], [362, 364], [364, 365], [364, 367], [365, 364], [365, 366], [367, 368], [367, 370], [368, 367], [368, 369], [370, 329], [370, 371], [379, 380], [379, 405], [380, 381], [380, 391], [383, 384], [385, 380], [385, 386], [391, 379], [391, 392], [393, 391], [393, 399], [405, 406], [405, 438], [407, 408], [407, 409], [409, 410], [409, 411], [412, 413], [412, 414], [414, 415], [414, 416], [416, 420], [416, 424], [420, 416], [420, 421], [429, 430], [429, 431], [438, 439], [438, 446], [439, 438], [439, 440], [446, 447], [446, 448]], "missing_branches": [[309, 310], [333, 334], [383, 380]]}, "validate_pipeline_spec.issue": {"executed_lines": [307], "summary": {"covered_lines": 1, "num_statements": 1, "percent_covered": 100.0, "percent_covered_display": "100", "missing_lines": 0, "excluded_lines": 0, "percent_statements_covered": 100.0, "percent_statements_covered_display": "100", "num_branches": 0, "num_partial_branches": 0, "covered_branches": 0, "missing_branches": 0, "percent_branches_covered": 100.0, "percent_branches_covered_display": "100"}, "missing_lines": [], "excluded_lines": [], "start_line": 306, "executed_branches": [], "missing_branches": []}, "artifact_definition": {"executed_lines": [452], "summary": {"covered_lines": 1, "num_statements": 1, "percent_covered": 100.0, "percent_covered_display": "100", "missing_lines": 0, "excluded_lines": 0, "percent_statements_covered": 100.0, "percent_statements_covered_display": "100", "num_branches": 0, "num_partial_branches": 0, "covered_branches": 0, "missing_branches": 0, "percent_branches_covered": 100.0, "percent_branches_covered_display": "100"}, "missing_lines": [], "excluded_lines": [], "start_line": 451, "executed_branches": [], "missing_branches": []}, "step_definition": {"executed_lines": [466, 467], "summary": {"covered_lines": 2, "num_statements": 2, "percent_covered": 100.0, "percent_covered_display": "100", "missing_lines": 0, "excluded_lines": 0, "percent_statements_covered": 100.0, "percent_statements_covered_display": "100", "num_branches": 0, "num_partial_branches": 0, "covered_branches": 0, "missing_branches": 0, "percent_branches_covered": 100.0, "percent_branches_covered_display": "100"}, "missing_lines": [], "excluded_lines": [], "start_line": 465, "executed_branches": [], "missing_branches": []}, "pipeline_definition": {"executed_lines": [489, 490], "summary": {"covered_lines": 2, "num_statements": 2, "percent_covered": 100.0, "percent_covered_display": "100", "missing_lines": 0, "excluded_lines": 0, "percent_statements_covered": 100.0, "percent_statements_covered_display": "100", "num_branches": 0, "num_partial_branches": 0, "covered_branches": 0, "missing_branches": 0, "percent_branches_covered": 100.0, "percent_branches_covered_display": "100"}, "missing_lines": [], "excluded_lines": [], "start_line": 488, "executed_branches": [], "missing_branches": []}, "pipeline_config_hash": {"executed_lines": [508], "summary": {"covered_lines": 1, "num_statements": 1, "percent_covered": 100.0, "percent_covered_display": "100", "missing_lines": 0, "excluded_lines": 0, "percent_statements_covered": 100.0, "percent_statements_covered_display": "100", "num_branches": 0, "num_partial_branches": 0, "covered_branches": 0, "missing_branches": 0, "percent_branches_covered": 100.0, "percent_branches_covered_display": "100"}, "missing_lines": [], "excluded_lines": [], "start_line": 507, "executed_branches": [], "missing_branches": []}, "step_definition_hash": {"executed_lines": [512], "summary": {"covered_lines": 1, "num_statements": 1, "percent_covered": 100.0, "percent_covered_display": "100", "missing_lines": 0, "excluded_lines": 0, "percent_statements_covered": 100.0, "percent_statements_covered_display": "100", "num_branches": 0, "num_partial_branches": 0, "covered_branches": 0, "missing_branches": 0, "percent_branches_covered": 100.0, "percent_branches_covered_display": "100"}, "missing_lines": [], "excluded_lines": [], "start_line": 511, "executed_branches": [], "missing_branches": []}, "": {"executed_lines": [3, 5, 6, 7, 8, 9, 10, 11, 13, 15, 16, 27, 28, 29, 39, 50, 61, 67, 70, 76, 82, 88, 94, 103, 109, 115, 121, 127, 133, 147, 166, 186, 217, 270, 274, 300, 451, 465, 488, 507, 511], "summary": {"covered_lines": 41, "num_statements": 41, "percent_covered": 100.0, "percent_covered_display": "100", "missing_lines": 0, "excluded_lines": 0, "percent_statements_covered": 100.0, "percent_statements_covered_display": "100", "num_branches": 0, "num_partial_branches": 0, "covered_branches": 0, "missing_branches": 0, "percent_branches_covered": 100.0, "percent_branches_covered_display": "100"}, "missing_lines": [], "excluded_lines": [], "start_line": 1, "executed_branches": [], "missing_branches": []}}, "classes": {"": {"executed_lines": [3, 5, 6, 7, 8, 9, 10, 11, 13, 15, 16, 27, 28, 29, 39, 50, 61, 67, 70, 71, 73, 76, 77, 78, 79, 82, 83, 84, 85, 88, 89, 90, 91, 94, 95, 97, 98, 99, 100, 103, 104, 106, 109, 110, 111, 112, 115, 116, 121, 122, 123, 124, 127, 128, 129, 133, 134, 135, 136, 137, 138, 139, 140, 141, 142, 144, 147, 148, 149, 150, 151, 157, 158, 166, 167, 168, 169, 170, 171, 186, 187, 188, 189, 190, 191, 192, 197, 198, 204, 217, 219, 220, 221, 224, 225, 226, 227, 228, 229, 231, 232, 233, 234, 235, 236, 244, 249, 253, 257, 270, 271, 274, 276, 277, 278, 279, 280, 281, 282, 283, 284, 285, 286, 287, 288, 289, 290, 291, 292, 293, 294, 295, 296, 297, 300, 304, 306, 307, 309, 311, 312, 313, 314, 316, 317, 318, 319, 320, 321, 322, 323, 324, 325, 326, 327, 329, 330, 331, 332, 333, 335, 336, 337, 338, 339, 340, 341, 345, 346, 351, 356, 357, 362, 363, 364, 365, 366, 367, 368, 369, 370, 371, 377, 378, 379, 380, 381, 382, 383, 384, 385, 386, 391, 392, 393, 399, 405, 406, 407, 408, 409, 410, 411, 412, 413, 414, 415, 416, 420, 421, 424, 425, 426, 429, 430, 431, 432, 433, 434, 438, 439, 440, 446, 447, 448, 451, 452, 465, 466, 467, 488, 489, 490, 507, 508, 511, 512], "summary": {"covered_lines": 237, "num_statements": 249, "percent_covered": 93.73297002724796, "percent_covered_display": "94", "missing_lines": 12, "excluded_lines": 0, "percent_statements_covered": 95.18072289156626, "percent_statements_covered_display": "95", "num_branches": 118, "num_partial_branches": 11, "covered_branches": 107, "missing_branches": 11, "percent_branches_covered": 90.67796610169492, "percent_branches_covered_display": "91"}, "missing_lines": [72, 96, 105, 130, 143, 222, 223, 310, 334, 427, 428, 436], "excluded_lines": [], "start_line": 1, "executed_branches": [[71, 73], [77, 78], [77, 79], [83, 84], [83, 85], [89, 90], [89, 91], [95, 97], [98, 99], [98, 100], [104, 106], [110, 111], [110, 112], [123, -121], [123, 124], [129, -127], [135, 136], [142, 144], [189, 190], [189, 191], [228, 229], [228, 231], [233, 234], [277, 278], [277, 279], [281, 282], [281, 287], [282, 281], [282, 283], [283, 284], [283, 285], [290, 291], [290, 297], [293, 290], [293, 294], [295, 296], [309, 311], [318, 319], [318, 320], [320, 321], [320, 322], [322, 323], [322, 324], [329, 330], [329, 377], [331, 332], [331, 333], [333, 335], [335, 336], [335, 337], [337, 338], [337, 339], [339, 340], [339, 341], [341, 345], [341, 351], [345, 341], [345, 346], [351, 356], [351, 362], [356, 351], [356, 357], [362, 363], [362, 364], [364, 365], [364, 367], [365, 364], [365, 366], [367, 368], [367, 370], [368, 367], [368, 369], [370, 329], [370, 371], [379, 380], [379, 405], [380, 381], [380, 391], [383, 384], [385, 380], [385, 386], [391, 379], [391, 392], [393, 391], [393, 399], [405, 406], [405, 438], [407, 408], [407, 409], [409, 410], [409, 411], [412, 413], [412, 414], [414, 415], [414, 416], [416, 420], [416, 424], [420, 416], [420, 421], [429, 430], [429, 431], [438, 439], [438, 446], [439, 438], [439, 440], [446, 447], [446, 448]], "missing_branches": [[71, 72], [95, 96], [104, 105], [129, 130], [135, 137], [142, 143], [233, 235], [295, 293], [309, 310], [333, 334], [383, 380]]}}}, "src\\quant_pipeline\\integrity.py": {"executed_lines": [3, 5, 6, 7, 8, 9, 10, 12, 15, 16, 17, 18, 26, 27, 30, 31, 32, 33, 34, 35, 38, 40, 41, 42, 43, 44, 45, 46, 47, 49, 50, 51, 52, 53, 54, 55, 56, 57, 60, 63, 64, 65, 66, 67, 68, 69, 71, 72, 73, 74, 77, 78, 79, 80, 81, 82, 83, 84, 85, 88], "summary": {"covered_lines": 60, "num_statements": 61, "percent_covered": 97.75280898876404, "percent_covered_display": "98", "missing_lines": 1, "excluded_lines": 0, "percent_statements_covered": 98.36065573770492, "percent_statements_covered_display": "98", "num_branches": 28, "num_partial_branches": 1, "covered_branches": 27, "missing_branches": 1, "percent_branches_covered": 96.42857142857143, "percent_branches_covered_display": "96"}, "missing_lines": [59], "excluded_lines": [], "executed_branches": [[16, 17], [16, 18], [33, 34], [33, 35], [40, 41], [40, 42], [42, 43], [42, 44], [44, 45], [44, 46], [46, 47], [46, 49], [50, 51], [50, 60], [52, 53], [52, 54], [54, 55], [54, 56], [56, 57], [64, 65], [64, 71], [72, 73], [72, 74], [79, 80], [79, 81], [84, 85], [84, 88]], "missing_branches": [[56, 59]], "functions": {"canonical_json_bytes": {"executed_lines": [16, 17, 18], "summary": {"covered_lines": 3, "num_statements": 3, "percent_covered": 100.0, "percent_covered_display": "100", "missing_lines": 0, "excluded_lines": 0, "percent_statements_covered": 100.0, "percent_statements_covered_display": "100", "num_branches": 2, "num_partial_branches": 0, "covered_branches": 2, "missing_branches": 0, "percent_branches_covered": 100.0, "percent_branches_covered_display": "100"}, "missing_lines": [], "excluded_lines": [], "start_line": 15, "executed_branches": [[16, 17], [16, 18]], "missing_branches": []}, "sha256_bytes": {"executed_lines": [27], "summary": {"covered_lines": 1, "num_statements": 1, "percent_covered": 100.0, "percent_covered_display": "100", "missing_lines": 0, "excluded_lines": 0, "percent_statements_covered": 100.0, "percent_statements_covered_display": "100", "num_branches": 0, "num_partial_branches": 0, "covered_branches": 0, "missing_branches": 0, "percent_branches_covered": 100.0, "percent_branches_covered_display": "100"}, "missing_lines": [], "excluded_lines": [], "start_line": 26, "executed_branches": [], "missing_branches": []}, "sha256_file": {"executed_lines": [31, 32, 33, 34, 35], "summary": {"covered_lines": 5, "num_statements": 5, "percent_covered": 100.0, "percent_covered_display": "100", "missing_lines": 0, "excluded_lines": 0, "percent_statements_covered": 100.0, "percent_statements_covered_display": "100", "num_branches": 2, "num_partial_branches": 0, "covered_branches": 2, "missing_branches": 0, "percent_branches_covered": 100.0, "percent_branches_covered_display": "100"}, "missing_lines": [], "excluded_lines": [], "start_line": 30, "executed_branches": [[33, 34], [33, 35]], "missing_branches": []}, "hash_artifact_path": {"executed_lines": [40, 41, 42, 43, 44, 45, 46, 47, 49, 50, 51, 52, 53, 54, 55, 56, 57, 60], "summary": {"covered_lines": 18, "num_statements": 19, "percent_covered": 94.28571428571429, "percent_covered_display": "94", "missing_lines": 1, "excluded_lines": 0, "percent_statements_covered": 94.73684210526316, "percent_statements_covered_display": "95", "num_branches": 16, "num_partial_branches": 1, "covered_branches": 15, "missing_branches": 1, "percent_branches_covered": 93.75, "percent_branches_covered_display": "94"}, "missing_lines": [59], "excluded_lines": [], "start_line": 38, "executed_branches": [[40, 41], [40, 42], [42, 43], [42, 44], [44, 45], [44, 46], [46, 47], [46, 49], [50, 51], [50, 60], [52, 53], [52, 54], [54, 55], [54, 56], [56, 57]], "missing_branches": [[56, 59]]}, "load_stack_manifest": {"executed_lines": [64, 65, 66, 67, 68, 69, 71, 72, 73, 74], "summary": {"covered_lines": 10, "num_statements": 10, "percent_covered": 100.0, "percent_covered_display": "100", "missing_lines": 0, "excluded_lines": 0, "percent_statements_covered": 100.0, "percent_statements_covered_display": "100", "num_branches": 4, "num_partial_branches": 0, "covered_branches": 4, "missing_branches": 0, "percent_branches_covered": 100.0, "percent_branches_covered_display": "100"}, "missing_lines": [], "excluded_lines": [], "start_line": 63, "executed_branches": [[64, 65], [64, 71], [72, 73], [72, 74]], "missing_branches": []}, "stack_manifest_hash": {"executed_lines": [78, 79, 80, 81, 82, 83, 84, 85, 88], "summary": {"covered_lines": 9, "num_statements": 9, "percent_covered": 100.0, "percent_covered_display": "100", "missing_lines": 0, "excluded_lines": 0, "percent_statements_covered": 100.0, "percent_statements_covered_display": "100", "num_branches": 4, "num_partial_branches": 0, "covered_branches": 4, "missing_branches": 0, "percent_branches_covered": 100.0, "percent_branches_covered_display": "100"}, "missing_lines": [], "excluded_lines": [], "start_line": 77, "executed_branches": [[79, 80], [79, 81], [84, 85], [84, 88]], "missing_branches": []}, "": {"executed_lines": [3, 5, 6, 7, 8, 9, 10, 12, 15, 26, 30, 38, 63, 77], "summary": {"covered_lines": 14, "num_statements": 14, "percent_covered": 100.0, "percent_covered_display": "100", "missing_lines": 0, "excluded_lines": 0, "percent_statements_covered": 100.0, "percent_statements_covered_display": "100", "num_branches": 0, "num_partial_branches": 0, "covered_branches": 0, "missing_branches": 0, "percent_branches_covered": 100.0, "percent_branches_covered_display": "100"}, "missing_lines": [], "excluded_lines": [], "start_line": 1, "executed_branches": [], "missing_branches": []}}, "classes": {"": {"executed_lines": [3, 5, 6, 7, 8, 9, 10, 12, 15, 16, 17, 18, 26, 27, 30, 31, 32, 33, 34, 35, 38, 40, 41, 42, 43, 44, 45, 46, 47, 49, 50, 51, 52, 53, 54, 55, 56, 57, 60, 63, 64, 65, 66, 67, 68, 69, 71, 72, 73, 74, 77, 78, 79, 80, 81, 82, 83, 84, 85, 88], "summary": {"covered_lines": 60, "num_statements": 61, "percent_covered": 97.75280898876404, "percent_covered_display": "98", "missing_lines": 1, "excluded_lines": 0, "percent_statements_covered": 98.36065573770492, "percent_statements_covered_display": "98", "num_branches": 28, "num_partial_branches": 1, "covered_branches": 27, "missing_branches": 1, "percent_branches_covered": 96.42857142857143, "percent_branches_covered_display": "96"}, "missing_lines": [59], "excluded_lines": [], "start_line": 1, "executed_branches": [[16, 17], [16, 18], [33, 34], [33, 35], [40, 41], [40, 42], [42, 43], [42, 44], [44, 45], [44, 46], [46, 47], [46, 49], [50, 51], [50, 60], [52, 53], [52, 54], [54, 55], [54, 56], [56, 57], [64, 65], [64, 71], [72, 73], [72, 74], [79, 80], [79, 81], [84, 85], [84, 88]], "missing_branches": [[56, 59]]}}}}, "totals": {"covered_lines": 757, "num_statements": 791, "percent_covered": 95.0420954162769, "percent_covered_display": "95", "missing_lines": 34, "excluded_lines": 0, "percent_statements_covered": 95.70164348925411, "percent_statements_covered_display": "96", "num_branches": 278, "num_partial_branches": 19, "covered_branches": 259, "missing_branches": 19, "percent_branches_covered": 93.16546762589928, "percent_branches_covered_display": "93"}}