<?xml version="1.0" encoding="utf-8"?><testsuites name="pytest tests"><testsuite name="pytest" errors="0" failures="0" skipped="0" tests="76" time="3.567" timestamp="2026-08-29T08:27:19.962881+08:00" hostname="DESKTOP-A0OTR0G"><testcase classname="tests.test_cli" name="test_v1_cli_json_dry_run" time="0.012" /><testcase classname="tests.test_cli" name="test_v2_cli_requires_manifest_and_prints_json" time="0.045" /><testcase classname="tests.test_cli" name="test_cli_rejects_v1_resume_and_invalid_v2" time="0.016" /><testcase classname="tests.test_dag_runner" name="test_success_logs_hashes_and_strict_cached_resume" time="0.101" /><testcase classname="tests.test_dag_runner" name="test_resume_fails_closed_for_missing_or_tampered_output[missing]" time="0.081" /><testcase classname="tests.test_dag_runner" name="test_resume_fails_closed_for_missing_or_tampered_output[changed]" time="0.079" /><testcase classname="tests.test_dag_runner" name="test_three_fixed_clock_runs_are_byte_deterministic" time="0.212" /><testcase classname="tests.test_dag_runner" name="test_retry_only_configured_exit_code_and_preserves_attempt_logs" time="0.131" /><testcase classname="tests.test_dag_runner" name="test_retry_only_explicit_exception" time="0.041" /><testcase classname="tests.test_dag_runner" name="test_pending_retry_resume_rejects_changed_input_before_checkpoint_write" time="0.067" /><testcase classname="tests.test_dag_runner" name="test_unconfigured_failure_does_not_retry_and_isolates_independent_branch" time="0.129" /><testcase classname="tests.test_dag_runner" name="test_data_quality_failure_blocks_curated_and_strategy_descendants_but_keeps_independent_branch" time="0.135" /><testcase classname="tests.test_dag_runner" name="test_executor_exception_streams_and_optional_missing_input_are_preserved" time="0.034" /><testcase classname="tests.test_dag_runner" name="test_declared_actual_hash_and_existing_run_log_fail_closed" time="0.016" /><testcase classname="tests.test_dag_runner" name="test_attempt_log_collision_and_exhausted_retry_checkpoint_are_not_silent" time="0.107" /><testcase classname="tests.test_dag_runner" name="test_fail_fast_blocks_independent_branch" time="0.063" /><testcase classname="tests.test_dag_runner" name="test_contract_hash_error_is_not_retried" time="0.075" /><testcase classname="tests.test_dag_runner" name="test_pre_execution_artifact_failure_has_no_attempt[missing_input]" time="0.033" /><testcase classname="tests.test_dag_runner" name="test_pre_execution_artifact_failure_has_no_attempt[preexisting_output]" time="0.030" /><testcase classname="tests.test_dag_runner" name="test_resume_rejects_changed_input_definition_stack_seed_and_logs" time="0.407" /><testcase classname="tests.test_dag_runner" name="test_resume_rejects_running_state_and_corrupt_checkpoint" time="0.083" /><testcase classname="tests.test_dag_runner" name="test_run_resume_argument_validates_run_id_and_checkpoint_identity" time="0.078" /><testcase classname="tests.test_dag_runner" name="test_dry_run_is_deterministic_and_does_not_create_artifacts" time="0.020" /><testcase classname="tests.test_dag_runner" name="test_naive_clock_and_invalid_seed_fail_closed" time="0.012" /><testcase classname="tests.test_dag_runner" name="test_runtime_path_rechecks_workspace_boundary" time="0.011" /><testcase classname="tests.test_dag_runner" name="test_resume_rejects_unknown_keys_attempt_overflow_key_mismatch_and_unknown_event" time="0.382" /><testcase classname="tests.test_e2e_smoke" name="test_pipeline_with_workspace_env" time="0.050" /><testcase classname="tests.test_e2e_smoke" name="test_pipeline_exposes_expanded_run_id" time="0.005" /><testcase classname="tests.test_error_log" name="test_error_log_written_on_failure" time="0.032" /><testcase classname="tests.test_error_log" name="test_write_step_failure_log_helper" time="0.003" /><testcase classname="tests.test_expand" name="test_expand_substitutes_env" time="0.001" /><testcase classname="tests.test_expand" name="test_expand_environment_syntax_before_format_placeholders" time="0.001" /><testcase classname="tests.test_expand" name="test_expand_missing_key_includes_step_name" time="0.001" /><testcase classname="tests.test_integrity_checkpoint" name="test_canonical_hashing_file_directory_and_dataclass" time="0.009" /><testcase classname="tests.test_integrity_checkpoint" name="test_artifact_hash_rejects_missing_symlink_and_unsupported_types" time="0.003" /><testcase classname="tests.test_integrity_checkpoint" name="test_directory_hash_rejects_symlink_entries" time="0.003" /><testcase classname="tests.test_integrity_checkpoint" name="test_stack_manifest_mapping_and_file_loading" time="0.007" /><testcase classname="tests.test_integrity_checkpoint" name="test_checkpoint_round_trip_and_stable_hash" time="0.004" /><testcase classname="tests.test_integrity_checkpoint" name="test_checkpoint_parser_rejects_keys_hash_schema_attempt_event_and_types" time="0.005" /><testcase classname="tests.test_integrity_checkpoint" name="test_load_checkpoint_rejects_missing_and_invalid_json" time="0.003" /><testcase classname="tests.test_integrity_checkpoint" name="test_atomic_checkpoint_rejects_symlink_and_wraps_replace_error" time="0.004" /><testcase classname="tests.test_integrity_checkpoint" name="test_checkpoint_event_without_status_and_attempt_without_error_round_trip" time="0.001" /><testcase classname="tests.test_runner" name="test_run_pipeline_dry_run" time="0.004" /><testcase classname="tests.test_runner" name="test_run_pipeline_stops_on_error" time="0.015" /><testcase classname="tests.test_runner_shell" name="test_run_step_argv_without_shell" time="0.047" /><testcase classname="tests.test_runner_shell" name="test_run_step_shell_opt_in" time="0.015" /><testcase classname="tests.test_runner_shell" name="test_argv_list_without_shell" time="0.043" /><testcase classname="tests.test_runner_shell" name="test_expand_missing_key_raises" time="0.001" /><testcase classname="tests.test_runner_shell" name="test_run_pipeline_dry_run" time="0.005" /><testcase classname="tests.test_runner_shell" name="test_run_pipeline_stops_on_error" time="0.015" /><testcase classname="tests.test_schema" name="test_validate_config_warns_unknown_keys" time="0.001" /><testcase classname="tests.test_schema" name="test_validate_config_strict_errors_unknown_keys" time="0.000" /><testcase classname="tests.test_schema" name="test_validate_equity_postrun_smoke_config" time="0.002" /><testcase classname="tests.test_schema" name="test_validate_research_integrity_postrun_config" time="0.003" /><testcase classname="tests.test_v2_schema" name="test_load_and_validate_valid_v2" time="0.012" /><testcase classname="tests.test_v2_schema" name="test_repository_v2_smoke_config_validates" time="0.008" /><testcase classname="tests.test_v2_schema" name="test_loader_rejects_contract_and_path_errors[&lt;lambda&gt;-schema_version]" time="0.009" /><testcase classname="tests.test_v2_schema" name="test_loader_rejects_contract_and_path_errors[&lt;lambda&gt;-unknown keys]" time="0.011" /><testcase classname="tests.test_v2_schema" name="test_loader_rejects_contract_and_path_errors[&lt;lambda&gt;-forbidden]" time="0.011" /><testcase classname="tests.test_v2_schema" name="test_loader_rejects_contract_and_path_errors[&lt;lambda&gt;-must be a list]" time="0.009" /><testcase classname="tests.test_v2_schema" name="test_loader_rejects_contract_and_path_errors[&lt;lambda&gt;-must be a non-empty string]" time="0.012" /><testcase classname="tests.test_v2_schema" name="test_loader_rejects_contract_and_path_errors[&lt;lambda&gt;-must be a boolean]" time="0.011" /><testcase classname="tests.test_v2_schema" name="test_loader_rejects_contract_and_path_errors[&lt;lambda&gt;-escapes0]" time="0.010" /><testcase classname="tests.test_v2_schema" name="test_loader_rejects_contract_and_path_errors[&lt;lambda&gt;-escapes1]" time="0.010" /><testcase classname="tests.test_v2_schema" name="test_loader_rejects_contract_and_path_errors[&lt;lambda&gt;-must be finite]" time="0.010" /><testcase classname="tests.test_v2_schema" name="test_duplicate_step_and_artifact_ids" time="0.017" /><testcase classname="tests.test_v2_schema" name="test_deterministic_topology_rejects_duplicate_step_ids" time="0.010" /><testcase classname="tests.test_v2_schema" name="test_empty_dag_and_duplicate_retry_matchers" time="0.020" /><testcase classname="tests.test_v2_schema" name="test_unknown_self_and_cycle_dependencies" time="0.035" /><testcase classname="tests.test_v2_schema" name="test_producer_and_artifact_dependency_conflicts" time="0.045" /><testcase classname="tests.test_v2_schema" name="test_unknown_artifact_output_path_and_reserved_path_conflicts" time="0.037" /><testcase classname="tests.test_v2_schema" name="test_invalid_retry_timeout_ids_hashes_and_duplicate_references" time="0.011" /><testcase classname="tests.test_v2_schema" name="test_stack_manifest_requires_release_ready_embedded_hash" time="0.002" /><testcase classname="tests.test_v2_schema" name="test_topology_and_config_hash_are_order_and_location_stable" time="0.030" /><testcase classname="tests.test_v2_schema" name="test_validation_reports_invalid_stack_manifest" time="0.012" /><testcase classname="tests.test_viz_step" name="test_render_report_step_config_exists" time="0.001" /></testsuite></testsuites>